ERROR - 2023-06-26 05:32:32 --> mysqli_sql_exception: Cannot add or update a child row: a foreign key constraint fails (`app_panaderia`.`pagos`, CONSTRAINT `pagos_ibfk_2` FOREIGN KEY (`st_id`) REFERENCES `stock` (`st_id`) ON UPDATE CASCADE) in /home/app/public_html/panaderia/system/Database/MySQLi/Connection.php:295
Stack trace:
#0 /home/app/public_html/panaderia/system/Database/MySQLi/Connection.php(295): mysqli->query('INSERT INTO `pa...', 0)
#1 /home/app/public_html/panaderia/system/Database/BaseConnection.php(691): CodeIgniter\Database\MySQLi\Connection->execute('INSERT INTO `pa...')
#2 /home/app/public_html/panaderia/system/Database/BaseConnection.php(605): CodeIgniter\Database\BaseConnection->simpleQuery('INSERT INTO `pa...')
#3 /home/app/public_html/panaderia/system/Database/BaseBuilder.php(2309): CodeIgniter\Database\BaseConnection->query('INSERT INTO `pa...', Array, false)
#4 /home/app/public_html/panaderia/system/Model.php(330): CodeIgniter\Database\BaseBuilder->insert()
#5 /home/app/public_html/panaderia/system/BaseModel.php(782): CodeIgniter\Model->doInsert(Array)
#6 /home/app/public_html/panaderia/system/Model.php(730): CodeIgniter\BaseModel->insert(Array, true)
#7 /home/app/public_html/panaderia/app/Controllers/Pagos.php(124): CodeIgniter\Model->insert(Array)
#8 /home/app/public_html/panaderia/system/CodeIgniter.php(934): App\Controllers\Pagos->create()
#9 /home/app/public_html/panaderia/system/CodeIgniter.php(499): CodeIgniter\CodeIgniter->runController(Object(App\Controllers\Pagos))
#10 /home/app/public_html/panaderia/system/CodeIgniter.php(368): CodeIgniter\CodeIgniter->handleRequest(NULL, Object(Config\Cache), false)
#11 /home/app/public_html/panaderia/index.php(67): CodeIgniter\CodeIgniter->run()
#12 {main}
CRITICAL - 2023-06-26 05:32:32 --> Cannot add or update a child row: a foreign key constraint fails (`app_panaderia`.`pagos`, CONSTRAINT `pagos_ibfk_2` FOREIGN KEY (`st_id`) REFERENCES `stock` (`st_id`) ON UPDATE CASCADE)
in SYSTEMPATH/Database/MySQLi/Connection.php on line 295.
 1 SYSTEMPATH/Database/MySQLi/Connection.php(295): mysqli->query('INSERT INTO `pagos` (`st_id`, `pag_PrecioCompra`, `pv_id`, `pag_FechaCompra`) VALUES (\'6\', \'12122121\', \'3\', \'2000-12-15\')', 0)
 2 SYSTEMPATH/Database/BaseConnection.php(691): CodeIgniter\Database\MySQLi\Connection->execute('INSERT INTO `pagos` (`st_id`, `pag_PrecioCompra`, `pv_id`, `pag_FechaCompra`) VALUES (\'6\', \'12122121\', \'3\', \'2000-12-15\')')
 3 SYSTEMPATH/Database/BaseConnection.php(605): CodeIgniter\Database\BaseConnection->simpleQuery('INSERT INTO `pagos` (`st_id`, `pag_PrecioCompra`, `pv_id`, `pag_FechaCompra`) VALUES (\'6\', \'12122121\', \'3\', \'2000-12-15\')')
 4 SYSTEMPATH/Database/BaseBuilder.php(2309): CodeIgniter\Database\BaseConnection->query('INSERT INTO `pagos` (`st_id`, `pag_PrecioCompra`, `pv_id`, `pag_FechaCompra`) VALUES (:st_id:, :pag_PrecioCompra:, :pv_id:, :pag_FechaCompra:)', [...], false)
 5 SYSTEMPATH/Model.php(330): CodeIgniter\Database\BaseBuilder->insert()
 6 SYSTEMPATH/BaseModel.php(782): CodeIgniter\Model->doInsert([...])
 7 SYSTEMPATH/Model.php(730): CodeIgniter\BaseModel->insert([...], true)
 8 APPPATH/Controllers/Pagos.php(124): CodeIgniter\Model->insert([...])
 9 SYSTEMPATH/CodeIgniter.php(934): App\Controllers\Pagos->create()
10 SYSTEMPATH/CodeIgniter.php(499): CodeIgniter\CodeIgniter->runController(Object(App\Controllers\Pagos))
11 SYSTEMPATH/CodeIgniter.php(368): CodeIgniter\CodeIgniter->handleRequest(null, Object(Config\Cache), false)
12 FCPATH/index.php(67): CodeIgniter\CodeIgniter->run()
ERROR - 2023-06-26 05:33:43 --> mysqli_sql_exception: Cannot add or update a child row: a foreign key constraint fails (`app_panaderia`.`pagos`, CONSTRAINT `pagos_ibfk_2` FOREIGN KEY (`st_id`) REFERENCES `stock` (`st_id`) ON UPDATE CASCADE) in /home/app/public_html/panaderia/system/Database/MySQLi/Connection.php:295
Stack trace:
#0 /home/app/public_html/panaderia/system/Database/MySQLi/Connection.php(295): mysqli->query('INSERT INTO `pa...', 0)
#1 /home/app/public_html/panaderia/system/Database/BaseConnection.php(691): CodeIgniter\Database\MySQLi\Connection->execute('INSERT INTO `pa...')
#2 /home/app/public_html/panaderia/system/Database/BaseConnection.php(605): CodeIgniter\Database\BaseConnection->simpleQuery('INSERT INTO `pa...')
#3 /home/app/public_html/panaderia/system/Database/BaseBuilder.php(2309): CodeIgniter\Database\BaseConnection->query('INSERT INTO `pa...', Array, false)
#4 /home/app/public_html/panaderia/system/Model.php(330): CodeIgniter\Database\BaseBuilder->insert()
#5 /home/app/public_html/panaderia/system/BaseModel.php(782): CodeIgniter\Model->doInsert(Array)
#6 /home/app/public_html/panaderia/system/Model.php(730): CodeIgniter\BaseModel->insert(Array, true)
#7 /home/app/public_html/panaderia/app/Controllers/Pagos.php(124): CodeIgniter\Model->insert(Array)
#8 /home/app/public_html/panaderia/system/CodeIgniter.php(934): App\Controllers\Pagos->create()
#9 /home/app/public_html/panaderia/system/CodeIgniter.php(499): CodeIgniter\CodeIgniter->runController(Object(App\Controllers\Pagos))
#10 /home/app/public_html/panaderia/system/CodeIgniter.php(368): CodeIgniter\CodeIgniter->handleRequest(NULL, Object(Config\Cache), false)
#11 /home/app/public_html/panaderia/index.php(67): CodeIgniter\CodeIgniter->run()
#12 {main}
CRITICAL - 2023-06-26 05:33:43 --> Cannot add or update a child row: a foreign key constraint fails (`app_panaderia`.`pagos`, CONSTRAINT `pagos_ibfk_2` FOREIGN KEY (`st_id`) REFERENCES `stock` (`st_id`) ON UPDATE CASCADE)
in SYSTEMPATH/Database/MySQLi/Connection.php on line 295.
 1 SYSTEMPATH/Database/MySQLi/Connection.php(295): mysqli->query('INSERT INTO `pagos` (`st_id`, `pag_PrecioCompra`, `pv_id`, `pag_FechaCompra`) VALUES (\'6\', \'12122112\', \'4\', \'2000-12-15\')', 0)
 2 SYSTEMPATH/Database/BaseConnection.php(691): CodeIgniter\Database\MySQLi\Connection->execute('INSERT INTO `pagos` (`st_id`, `pag_PrecioCompra`, `pv_id`, `pag_FechaCompra`) VALUES (\'6\', \'12122112\', \'4\', \'2000-12-15\')')
 3 SYSTEMPATH/Database/BaseConnection.php(605): CodeIgniter\Database\BaseConnection->simpleQuery('INSERT INTO `pagos` (`st_id`, `pag_PrecioCompra`, `pv_id`, `pag_FechaCompra`) VALUES (\'6\', \'12122112\', \'4\', \'2000-12-15\')')
 4 SYSTEMPATH/Database/BaseBuilder.php(2309): CodeIgniter\Database\BaseConnection->query('INSERT INTO `pagos` (`st_id`, `pag_PrecioCompra`, `pv_id`, `pag_FechaCompra`) VALUES (:st_id:, :pag_PrecioCompra:, :pv_id:, :pag_FechaCompra:)', [...], false)
 5 SYSTEMPATH/Model.php(330): CodeIgniter\Database\BaseBuilder->insert()
 6 SYSTEMPATH/BaseModel.php(782): CodeIgniter\Model->doInsert([...])
 7 SYSTEMPATH/Model.php(730): CodeIgniter\BaseModel->insert([...], true)
 8 APPPATH/Controllers/Pagos.php(124): CodeIgniter\Model->insert([...])
 9 SYSTEMPATH/CodeIgniter.php(934): App\Controllers\Pagos->create()
10 SYSTEMPATH/CodeIgniter.php(499): CodeIgniter\CodeIgniter->runController(Object(App\Controllers\Pagos))
11 SYSTEMPATH/CodeIgniter.php(368): CodeIgniter\CodeIgniter->handleRequest(null, Object(Config\Cache), false)
12 FCPATH/index.php(67): CodeIgniter\CodeIgniter->run()
ERROR - 2023-06-26 05:34:44 --> mysqli_sql_exception: Cannot add or update a child row: a foreign key constraint fails (`app_panaderia`.`pagos`, CONSTRAINT `pagos_ibfk_2` FOREIGN KEY (`st_id`) REFERENCES `stock` (`st_id`) ON UPDATE CASCADE) in /home/app/public_html/panaderia/system/Database/MySQLi/Connection.php:295
Stack trace:
#0 /home/app/public_html/panaderia/system/Database/MySQLi/Connection.php(295): mysqli->query('INSERT INTO `pa...', 0)
#1 /home/app/public_html/panaderia/system/Database/BaseConnection.php(691): CodeIgniter\Database\MySQLi\Connection->execute('INSERT INTO `pa...')
#2 /home/app/public_html/panaderia/system/Database/BaseConnection.php(605): CodeIgniter\Database\BaseConnection->simpleQuery('INSERT INTO `pa...')
#3 /home/app/public_html/panaderia/system/Database/BaseBuilder.php(2309): CodeIgniter\Database\BaseConnection->query('INSERT INTO `pa...', Array, false)
#4 /home/app/public_html/panaderia/system/Model.php(330): CodeIgniter\Database\BaseBuilder->insert()
#5 /home/app/public_html/panaderia/system/BaseModel.php(782): CodeIgniter\Model->doInsert(Array)
#6 /home/app/public_html/panaderia/system/Model.php(730): CodeIgniter\BaseModel->insert(Array, true)
#7 /home/app/public_html/panaderia/app/Controllers/Pagos.php(124): CodeIgniter\Model->insert(Array)
#8 /home/app/public_html/panaderia/system/CodeIgniter.php(934): App\Controllers\Pagos->create()
#9 /home/app/public_html/panaderia/system/CodeIgniter.php(499): CodeIgniter\CodeIgniter->runController(Object(App\Controllers\Pagos))
#10 /home/app/public_html/panaderia/system/CodeIgniter.php(368): CodeIgniter\CodeIgniter->handleRequest(NULL, Object(Config\Cache), false)
#11 /home/app/public_html/panaderia/index.php(67): CodeIgniter\CodeIgniter->run()
#12 {main}
CRITICAL - 2023-06-26 05:34:44 --> Cannot add or update a child row: a foreign key constraint fails (`app_panaderia`.`pagos`, CONSTRAINT `pagos_ibfk_2` FOREIGN KEY (`st_id`) REFERENCES `stock` (`st_id`) ON UPDATE CASCADE)
in SYSTEMPATH/Database/MySQLi/Connection.php on line 295.
 1 SYSTEMPATH/Database/MySQLi/Connection.php(295): mysqli->query('INSERT INTO `pagos` (`st_id`, `pag_PrecioCompra`, `pv_id`, `pag_FechaCompra`) VALUES (\'6\', \'12121212\', \'3\', \'2000-12-15\')', 0)
 2 SYSTEMPATH/Database/BaseConnection.php(691): CodeIgniter\Database\MySQLi\Connection->execute('INSERT INTO `pagos` (`st_id`, `pag_PrecioCompra`, `pv_id`, `pag_FechaCompra`) VALUES (\'6\', \'12121212\', \'3\', \'2000-12-15\')')
 3 SYSTEMPATH/Database/BaseConnection.php(605): CodeIgniter\Database\BaseConnection->simpleQuery('INSERT INTO `pagos` (`st_id`, `pag_PrecioCompra`, `pv_id`, `pag_FechaCompra`) VALUES (\'6\', \'12121212\', \'3\', \'2000-12-15\')')
 4 SYSTEMPATH/Database/BaseBuilder.php(2309): CodeIgniter\Database\BaseConnection->query('INSERT INTO `pagos` (`st_id`, `pag_PrecioCompra`, `pv_id`, `pag_FechaCompra`) VALUES (:st_id:, :pag_PrecioCompra:, :pv_id:, :pag_FechaCompra:)', [...], false)
 5 SYSTEMPATH/Model.php(330): CodeIgniter\Database\BaseBuilder->insert()
 6 SYSTEMPATH/BaseModel.php(782): CodeIgniter\Model->doInsert([...])
 7 SYSTEMPATH/Model.php(730): CodeIgniter\BaseModel->insert([...], true)
 8 APPPATH/Controllers/Pagos.php(124): CodeIgniter\Model->insert([...])
 9 SYSTEMPATH/CodeIgniter.php(934): App\Controllers\Pagos->create()
10 SYSTEMPATH/CodeIgniter.php(499): CodeIgniter\CodeIgniter->runController(Object(App\Controllers\Pagos))
11 SYSTEMPATH/CodeIgniter.php(368): CodeIgniter\CodeIgniter->handleRequest(null, Object(Config\Cache), false)
12 FCPATH/index.php(67): CodeIgniter\CodeIgniter->run()
ERROR - 2023-06-26 05:37:50 --> mysqli_sql_exception: Cannot add or update a child row: a foreign key constraint fails (`app_panaderia`.`pagos`, CONSTRAINT `pagos_ibfk_2` FOREIGN KEY (`st_id`) REFERENCES `stock` (`st_id`) ON UPDATE CASCADE) in /home/app/public_html/panaderia/system/Database/MySQLi/Connection.php:295
Stack trace:
#0 /home/app/public_html/panaderia/system/Database/MySQLi/Connection.php(295): mysqli->query('INSERT INTO `pa...', 0)
#1 /home/app/public_html/panaderia/system/Database/BaseConnection.php(691): CodeIgniter\Database\MySQLi\Connection->execute('INSERT INTO `pa...')
#2 /home/app/public_html/panaderia/system/Database/BaseConnection.php(605): CodeIgniter\Database\BaseConnection->simpleQuery('INSERT INTO `pa...')
#3 /home/app/public_html/panaderia/system/Database/BaseBuilder.php(2309): CodeIgniter\Database\BaseConnection->query('INSERT INTO `pa...', Array, false)
#4 /home/app/public_html/panaderia/system/Model.php(330): CodeIgniter\Database\BaseBuilder->insert()
#5 /home/app/public_html/panaderia/system/BaseModel.php(782): CodeIgniter\Model->doInsert(Array)
#6 /home/app/public_html/panaderia/system/Model.php(730): CodeIgniter\BaseModel->insert(Array, true)
#7 /home/app/public_html/panaderia/app/Controllers/Pagos.php(124): CodeIgniter\Model->insert(Array)
#8 /home/app/public_html/panaderia/system/CodeIgniter.php(934): App\Controllers\Pagos->create()
#9 /home/app/public_html/panaderia/system/CodeIgniter.php(499): CodeIgniter\CodeIgniter->runController(Object(App\Controllers\Pagos))
#10 /home/app/public_html/panaderia/system/CodeIgniter.php(368): CodeIgniter\CodeIgniter->handleRequest(NULL, Object(Config\Cache), false)
#11 /home/app/public_html/panaderia/index.php(67): CodeIgniter\CodeIgniter->run()
#12 {main}
CRITICAL - 2023-06-26 05:37:50 --> Cannot add or update a child row: a foreign key constraint fails (`app_panaderia`.`pagos`, CONSTRAINT `pagos_ibfk_2` FOREIGN KEY (`st_id`) REFERENCES `stock` (`st_id`) ON UPDATE CASCADE)
in SYSTEMPATH/Database/MySQLi/Connection.php on line 295.
 1 SYSTEMPATH/Database/MySQLi/Connection.php(295): mysqli->query('INSERT INTO `pagos` (`st_id`, `pag_PrecioCompra`, `pv_id`, `pag_FechaCompra`) VALUES (\'7\', \'12312312\', \'4\', \'3123123\')', 0)
 2 SYSTEMPATH/Database/BaseConnection.php(691): CodeIgniter\Database\MySQLi\Connection->execute('INSERT INTO `pagos` (`st_id`, `pag_PrecioCompra`, `pv_id`, `pag_FechaCompra`) VALUES (\'7\', \'12312312\', \'4\', \'3123123\')')
 3 SYSTEMPATH/Database/BaseConnection.php(605): CodeIgniter\Database\BaseConnection->simpleQuery('INSERT INTO `pagos` (`st_id`, `pag_PrecioCompra`, `pv_id`, `pag_FechaCompra`) VALUES (\'7\', \'12312312\', \'4\', \'3123123\')')
 4 SYSTEMPATH/Database/BaseBuilder.php(2309): CodeIgniter\Database\BaseConnection->query('INSERT INTO `pagos` (`st_id`, `pag_PrecioCompra`, `pv_id`, `pag_FechaCompra`) VALUES (:st_id:, :pag_PrecioCompra:, :pv_id:, :pag_FechaCompra:)', [...], false)
 5 SYSTEMPATH/Model.php(330): CodeIgniter\Database\BaseBuilder->insert()
 6 SYSTEMPATH/BaseModel.php(782): CodeIgniter\Model->doInsert([...])
 7 SYSTEMPATH/Model.php(730): CodeIgniter\BaseModel->insert([...], true)
 8 APPPATH/Controllers/Pagos.php(124): CodeIgniter\Model->insert([...])
 9 SYSTEMPATH/CodeIgniter.php(934): App\Controllers\Pagos->create()
10 SYSTEMPATH/CodeIgniter.php(499): CodeIgniter\CodeIgniter->runController(Object(App\Controllers\Pagos))
11 SYSTEMPATH/CodeIgniter.php(368): CodeIgniter\CodeIgniter->handleRequest(null, Object(Config\Cache), false)
12 FCPATH/index.php(67): CodeIgniter\CodeIgniter->run()
ERROR - 2023-06-26 05:37:58 --> mysqli_sql_exception: Cannot add or update a child row: a foreign key constraint fails (`app_panaderia`.`pagos`, CONSTRAINT `pagos_ibfk_2` FOREIGN KEY (`st_id`) REFERENCES `stock` (`st_id`) ON UPDATE CASCADE) in /home/app/public_html/panaderia/system/Database/MySQLi/Connection.php:295
Stack trace:
#0 /home/app/public_html/panaderia/system/Database/MySQLi/Connection.php(295): mysqli->query('INSERT INTO `pa...', 0)
#1 /home/app/public_html/panaderia/system/Database/BaseConnection.php(691): CodeIgniter\Database\MySQLi\Connection->execute('INSERT INTO `pa...')
#2 /home/app/public_html/panaderia/system/Database/BaseConnection.php(605): CodeIgniter\Database\BaseConnection->simpleQuery('INSERT INTO `pa...')
#3 /home/app/public_html/panaderia/system/Database/BaseBuilder.php(2309): CodeIgniter\Database\BaseConnection->query('INSERT INTO `pa...', Array, false)
#4 /home/app/public_html/panaderia/system/Model.php(330): CodeIgniter\Database\BaseBuilder->insert()
#5 /home/app/public_html/panaderia/system/BaseModel.php(782): CodeIgniter\Model->doInsert(Array)
#6 /home/app/public_html/panaderia/system/Model.php(730): CodeIgniter\BaseModel->insert(Array, true)
#7 /home/app/public_html/panaderia/app/Controllers/Pagos.php(124): CodeIgniter\Model->insert(Array)
#8 /home/app/public_html/panaderia/system/CodeIgniter.php(934): App\Controllers\Pagos->create()
#9 /home/app/public_html/panaderia/system/CodeIgniter.php(499): CodeIgniter\CodeIgniter->runController(Object(App\Controllers\Pagos))
#10 /home/app/public_html/panaderia/system/CodeIgniter.php(368): CodeIgniter\CodeIgniter->handleRequest(NULL, Object(Config\Cache), false)
#11 /home/app/public_html/panaderia/index.php(67): CodeIgniter\CodeIgniter->run()
#12 {main}
CRITICAL - 2023-06-26 05:37:58 --> Cannot add or update a child row: a foreign key constraint fails (`app_panaderia`.`pagos`, CONSTRAINT `pagos_ibfk_2` FOREIGN KEY (`st_id`) REFERENCES `stock` (`st_id`) ON UPDATE CASCADE)
in SYSTEMPATH/Database/MySQLi/Connection.php on line 295.
 1 SYSTEMPATH/Database/MySQLi/Connection.php(295): mysqli->query('INSERT INTO `pagos` (`st_id`, `pag_PrecioCompra`, `pv_id`, `pag_FechaCompra`) VALUES (\'8\', \'12312312\', \'4\', \'2000-02-12\')', 0)
 2 SYSTEMPATH/Database/BaseConnection.php(691): CodeIgniter\Database\MySQLi\Connection->execute('INSERT INTO `pagos` (`st_id`, `pag_PrecioCompra`, `pv_id`, `pag_FechaCompra`) VALUES (\'8\', \'12312312\', \'4\', \'2000-02-12\')')
 3 SYSTEMPATH/Database/BaseConnection.php(605): CodeIgniter\Database\BaseConnection->simpleQuery('INSERT INTO `pagos` (`st_id`, `pag_PrecioCompra`, `pv_id`, `pag_FechaCompra`) VALUES (\'8\', \'12312312\', \'4\', \'2000-02-12\')')
 4 SYSTEMPATH/Database/BaseBuilder.php(2309): CodeIgniter\Database\BaseConnection->query('INSERT INTO `pagos` (`st_id`, `pag_PrecioCompra`, `pv_id`, `pag_FechaCompra`) VALUES (:st_id:, :pag_PrecioCompra:, :pv_id:, :pag_FechaCompra:)', [...], false)
 5 SYSTEMPATH/Model.php(330): CodeIgniter\Database\BaseBuilder->insert()
 6 SYSTEMPATH/BaseModel.php(782): CodeIgniter\Model->doInsert([...])
 7 SYSTEMPATH/Model.php(730): CodeIgniter\BaseModel->insert([...], true)
 8 APPPATH/Controllers/Pagos.php(124): CodeIgniter\Model->insert([...])
 9 SYSTEMPATH/CodeIgniter.php(934): App\Controllers\Pagos->create()
10 SYSTEMPATH/CodeIgniter.php(499): CodeIgniter\CodeIgniter->runController(Object(App\Controllers\Pagos))
11 SYSTEMPATH/CodeIgniter.php(368): CodeIgniter\CodeIgniter->handleRequest(null, Object(Config\Cache), false)
12 FCPATH/index.php(67): CodeIgniter\CodeIgniter->run()
ERROR - 2023-06-26 05:52:57 --> mysqli_sql_exception: Cannot add or update a child row: a foreign key constraint fails (`app_panaderia`.`pagos`, CONSTRAINT `pagos_ibfk_2` FOREIGN KEY (`st_id`) REFERENCES `stock` (`st_id`) ON UPDATE CASCADE) in /home/app/public_html/panaderia/system/Database/MySQLi/Connection.php:295
Stack trace:
#0 /home/app/public_html/panaderia/system/Database/MySQLi/Connection.php(295): mysqli->query('INSERT INTO `pa...', 0)
#1 /home/app/public_html/panaderia/system/Database/BaseConnection.php(691): CodeIgniter\Database\MySQLi\Connection->execute('INSERT INTO `pa...')
#2 /home/app/public_html/panaderia/system/Database/BaseConnection.php(605): CodeIgniter\Database\BaseConnection->simpleQuery('INSERT INTO `pa...')
#3 /home/app/public_html/panaderia/system/Database/BaseBuilder.php(2309): CodeIgniter\Database\BaseConnection->query('INSERT INTO `pa...', Array, false)
#4 /home/app/public_html/panaderia/system/Model.php(330): CodeIgniter\Database\BaseBuilder->insert()
#5 /home/app/public_html/panaderia/system/BaseModel.php(782): CodeIgniter\Model->doInsert(Array)
#6 /home/app/public_html/panaderia/system/Model.php(730): CodeIgniter\BaseModel->insert(Array, true)
#7 /home/app/public_html/panaderia/app/Controllers/Pagos.php(124): CodeIgniter\Model->insert(Array)
#8 /home/app/public_html/panaderia/system/CodeIgniter.php(934): App\Controllers\Pagos->create()
#9 /home/app/public_html/panaderia/system/CodeIgniter.php(499): CodeIgniter\CodeIgniter->runController(Object(App\Controllers\Pagos))
#10 /home/app/public_html/panaderia/system/CodeIgniter.php(368): CodeIgniter\CodeIgniter->handleRequest(NULL, Object(Config\Cache), false)
#11 /home/app/public_html/panaderia/index.php(67): CodeIgniter\CodeIgniter->run()
#12 {main}
CRITICAL - 2023-06-26 05:52:57 --> Cannot add or update a child row: a foreign key constraint fails (`app_panaderia`.`pagos`, CONSTRAINT `pagos_ibfk_2` FOREIGN KEY (`st_id`) REFERENCES `stock` (`st_id`) ON UPDATE CASCADE)
in SYSTEMPATH/Database/MySQLi/Connection.php on line 295.
 1 SYSTEMPATH/Database/MySQLi/Connection.php(295): mysqli->query('INSERT INTO `pagos` (`st_id`, `pag_PrecioCompra`, `pv_id`, `pag_FechaCompra`) VALUES (\'10\', \'1231231\', \'3\', \'2000-12-15\')', 0)
 2 SYSTEMPATH/Database/BaseConnection.php(691): CodeIgniter\Database\MySQLi\Connection->execute('INSERT INTO `pagos` (`st_id`, `pag_PrecioCompra`, `pv_id`, `pag_FechaCompra`) VALUES (\'10\', \'1231231\', \'3\', \'2000-12-15\')')
 3 SYSTEMPATH/Database/BaseConnection.php(605): CodeIgniter\Database\BaseConnection->simpleQuery('INSERT INTO `pagos` (`st_id`, `pag_PrecioCompra`, `pv_id`, `pag_FechaCompra`) VALUES (\'10\', \'1231231\', \'3\', \'2000-12-15\')')
 4 SYSTEMPATH/Database/BaseBuilder.php(2309): CodeIgniter\Database\BaseConnection->query('INSERT INTO `pagos` (`st_id`, `pag_PrecioCompra`, `pv_id`, `pag_FechaCompra`) VALUES (:st_id:, :pag_PrecioCompra:, :pv_id:, :pag_FechaCompra:)', [...], false)
 5 SYSTEMPATH/Model.php(330): CodeIgniter\Database\BaseBuilder->insert()
 6 SYSTEMPATH/BaseModel.php(782): CodeIgniter\Model->doInsert([...])
 7 SYSTEMPATH/Model.php(730): CodeIgniter\BaseModel->insert([...], true)
 8 APPPATH/Controllers/Pagos.php(124): CodeIgniter\Model->insert([...])
 9 SYSTEMPATH/CodeIgniter.php(934): App\Controllers\Pagos->create()
10 SYSTEMPATH/CodeIgniter.php(499): CodeIgniter\CodeIgniter->runController(Object(App\Controllers\Pagos))
11 SYSTEMPATH/CodeIgniter.php(368): CodeIgniter\CodeIgniter->handleRequest(null, Object(Config\Cache), false)
12 FCPATH/index.php(67): CodeIgniter\CodeIgniter->run()
ERROR - 2023-06-26 06:00:24 --> mysqli_sql_exception: Cannot add or update a child row: a foreign key constraint fails (`app_panaderia`.`pagos`, CONSTRAINT `pagos_ibfk_2` FOREIGN KEY (`st_id`) REFERENCES `stock` (`st_id`) ON UPDATE CASCADE) in /home/app/public_html/panaderia/system/Database/MySQLi/Connection.php:295
Stack trace:
#0 /home/app/public_html/panaderia/system/Database/MySQLi/Connection.php(295): mysqli->query('INSERT INTO `pa...', 0)
#1 /home/app/public_html/panaderia/system/Database/BaseConnection.php(691): CodeIgniter\Database\MySQLi\Connection->execute('INSERT INTO `pa...')
#2 /home/app/public_html/panaderia/system/Database/BaseConnection.php(605): CodeIgniter\Database\BaseConnection->simpleQuery('INSERT INTO `pa...')
#3 /home/app/public_html/panaderia/system/Database/BaseBuilder.php(2309): CodeIgniter\Database\BaseConnection->query('INSERT INTO `pa...', Array, false)
#4 /home/app/public_html/panaderia/system/Model.php(330): CodeIgniter\Database\BaseBuilder->insert()
#5 /home/app/public_html/panaderia/system/BaseModel.php(782): CodeIgniter\Model->doInsert(Array)
#6 /home/app/public_html/panaderia/system/Model.php(730): CodeIgniter\BaseModel->insert(Array, true)
#7 /home/app/public_html/panaderia/app/Controllers/Pagos.php(124): CodeIgniter\Model->insert(Array)
#8 /home/app/public_html/panaderia/system/CodeIgniter.php(934): App\Controllers\Pagos->create()
#9 /home/app/public_html/panaderia/system/CodeIgniter.php(499): CodeIgniter\CodeIgniter->runController(Object(App\Controllers\Pagos))
#10 /home/app/public_html/panaderia/system/CodeIgniter.php(368): CodeIgniter\CodeIgniter->handleRequest(NULL, Object(Config\Cache), false)
#11 /home/app/public_html/panaderia/index.php(67): CodeIgniter\CodeIgniter->run()
#12 {main}
CRITICAL - 2023-06-26 06:00:24 --> Cannot add or update a child row: a foreign key constraint fails (`app_panaderia`.`pagos`, CONSTRAINT `pagos_ibfk_2` FOREIGN KEY (`st_id`) REFERENCES `stock` (`st_id`) ON UPDATE CASCADE)
in SYSTEMPATH/Database/MySQLi/Connection.php on line 295.
 1 SYSTEMPATH/Database/MySQLi/Connection.php(295): mysqli->query('INSERT INTO `pagos` (`st_id`, `pag_PrecioCompra`, `pv_id`, `pag_FechaCompra`) VALUES (\'13\', \'1231231\', \'3\', \'2000-12-15\')', 0)
 2 SYSTEMPATH/Database/BaseConnection.php(691): CodeIgniter\Database\MySQLi\Connection->execute('INSERT INTO `pagos` (`st_id`, `pag_PrecioCompra`, `pv_id`, `pag_FechaCompra`) VALUES (\'13\', \'1231231\', \'3\', \'2000-12-15\')')
 3 SYSTEMPATH/Database/BaseConnection.php(605): CodeIgniter\Database\BaseConnection->simpleQuery('INSERT INTO `pagos` (`st_id`, `pag_PrecioCompra`, `pv_id`, `pag_FechaCompra`) VALUES (\'13\', \'1231231\', \'3\', \'2000-12-15\')')
 4 SYSTEMPATH/Database/BaseBuilder.php(2309): CodeIgniter\Database\BaseConnection->query('INSERT INTO `pagos` (`st_id`, `pag_PrecioCompra`, `pv_id`, `pag_FechaCompra`) VALUES (:st_id:, :pag_PrecioCompra:, :pv_id:, :pag_FechaCompra:)', [...], false)
 5 SYSTEMPATH/Model.php(330): CodeIgniter\Database\BaseBuilder->insert()
 6 SYSTEMPATH/BaseModel.php(782): CodeIgniter\Model->doInsert([...])
 7 SYSTEMPATH/Model.php(730): CodeIgniter\BaseModel->insert([...], true)
 8 APPPATH/Controllers/Pagos.php(124): CodeIgniter\Model->insert([...])
 9 SYSTEMPATH/CodeIgniter.php(934): App\Controllers\Pagos->create()
10 SYSTEMPATH/CodeIgniter.php(499): CodeIgniter\CodeIgniter->runController(Object(App\Controllers\Pagos))
11 SYSTEMPATH/CodeIgniter.php(368): CodeIgniter\CodeIgniter->handleRequest(null, Object(Config\Cache), false)
12 FCPATH/index.php(67): CodeIgniter\CodeIgniter->run()
ERROR - 2023-06-26 06:01:49 --> mysqli_sql_exception: Cannot add or update a child row: a foreign key constraint fails (`app_panaderia`.`pagos`, CONSTRAINT `pagos_ibfk_2` FOREIGN KEY (`st_id`) REFERENCES `stock` (`st_id`) ON UPDATE CASCADE) in /home/app/public_html/panaderia/system/Database/MySQLi/Connection.php:295
Stack trace:
#0 /home/app/public_html/panaderia/system/Database/MySQLi/Connection.php(295): mysqli->query('INSERT INTO `pa...', 0)
#1 /home/app/public_html/panaderia/system/Database/BaseConnection.php(691): CodeIgniter\Database\MySQLi\Connection->execute('INSERT INTO `pa...')
#2 /home/app/public_html/panaderia/system/Database/BaseConnection.php(605): CodeIgniter\Database\BaseConnection->simpleQuery('INSERT INTO `pa...')
#3 /home/app/public_html/panaderia/system/Database/BaseBuilder.php(2309): CodeIgniter\Database\BaseConnection->query('INSERT INTO `pa...', Array, false)
#4 /home/app/public_html/panaderia/system/Model.php(330): CodeIgniter\Database\BaseBuilder->insert()
#5 /home/app/public_html/panaderia/system/BaseModel.php(782): CodeIgniter\Model->doInsert(Array)
#6 /home/app/public_html/panaderia/system/Model.php(730): CodeIgniter\BaseModel->insert(Array, true)
#7 /home/app/public_html/panaderia/app/Controllers/Pagos.php(124): CodeIgniter\Model->insert(Array)
#8 /home/app/public_html/panaderia/system/CodeIgniter.php(934): App\Controllers\Pagos->create()
#9 /home/app/public_html/panaderia/system/CodeIgniter.php(499): CodeIgniter\CodeIgniter->runController(Object(App\Controllers\Pagos))
#10 /home/app/public_html/panaderia/system/CodeIgniter.php(368): CodeIgniter\CodeIgniter->handleRequest(NULL, Object(Config\Cache), false)
#11 /home/app/public_html/panaderia/index.php(67): CodeIgniter\CodeIgniter->run()
#12 {main}
CRITICAL - 2023-06-26 06:01:49 --> Cannot add or update a child row: a foreign key constraint fails (`app_panaderia`.`pagos`, CONSTRAINT `pagos_ibfk_2` FOREIGN KEY (`st_id`) REFERENCES `stock` (`st_id`) ON UPDATE CASCADE)
in SYSTEMPATH/Database/MySQLi/Connection.php on line 295.
 1 SYSTEMPATH/Database/MySQLi/Connection.php(295): mysqli->query('INSERT INTO `pagos` (`st_id`, `pag_PrecioCompra`, `pv_id`, `pag_FechaCompra`) VALUES (\'14\', \'1231231\', \'3\', \'2000-12-15\')', 0)
 2 SYSTEMPATH/Database/BaseConnection.php(691): CodeIgniter\Database\MySQLi\Connection->execute('INSERT INTO `pagos` (`st_id`, `pag_PrecioCompra`, `pv_id`, `pag_FechaCompra`) VALUES (\'14\', \'1231231\', \'3\', \'2000-12-15\')')
 3 SYSTEMPATH/Database/BaseConnection.php(605): CodeIgniter\Database\BaseConnection->simpleQuery('INSERT INTO `pagos` (`st_id`, `pag_PrecioCompra`, `pv_id`, `pag_FechaCompra`) VALUES (\'14\', \'1231231\', \'3\', \'2000-12-15\')')
 4 SYSTEMPATH/Database/BaseBuilder.php(2309): CodeIgniter\Database\BaseConnection->query('INSERT INTO `pagos` (`st_id`, `pag_PrecioCompra`, `pv_id`, `pag_FechaCompra`) VALUES (:st_id:, :pag_PrecioCompra:, :pv_id:, :pag_FechaCompra:)', [...], false)
 5 SYSTEMPATH/Model.php(330): CodeIgniter\Database\BaseBuilder->insert()
 6 SYSTEMPATH/BaseModel.php(782): CodeIgniter\Model->doInsert([...])
 7 SYSTEMPATH/Model.php(730): CodeIgniter\BaseModel->insert([...], true)
 8 APPPATH/Controllers/Pagos.php(124): CodeIgniter\Model->insert([...])
 9 SYSTEMPATH/CodeIgniter.php(934): App\Controllers\Pagos->create()
10 SYSTEMPATH/CodeIgniter.php(499): CodeIgniter\CodeIgniter->runController(Object(App\Controllers\Pagos))
11 SYSTEMPATH/CodeIgniter.php(368): CodeIgniter\CodeIgniter->handleRequest(null, Object(Config\Cache), false)
12 FCPATH/index.php(67): CodeIgniter\CodeIgniter->run()
ERROR - 2023-06-26 06:01:55 --> mysqli_sql_exception: Cannot add or update a child row: a foreign key constraint fails (`app_panaderia`.`pagos`, CONSTRAINT `pagos_ibfk_2` FOREIGN KEY (`st_id`) REFERENCES `stock` (`st_id`) ON UPDATE CASCADE) in /home/app/public_html/panaderia/system/Database/MySQLi/Connection.php:295
Stack trace:
#0 /home/app/public_html/panaderia/system/Database/MySQLi/Connection.php(295): mysqli->query('INSERT INTO `pa...', 0)
#1 /home/app/public_html/panaderia/system/Database/BaseConnection.php(691): CodeIgniter\Database\MySQLi\Connection->execute('INSERT INTO `pa...')
#2 /home/app/public_html/panaderia/system/Database/BaseConnection.php(605): CodeIgniter\Database\BaseConnection->simpleQuery('INSERT INTO `pa...')
#3 /home/app/public_html/panaderia/system/Database/BaseBuilder.php(2309): CodeIgniter\Database\BaseConnection->query('INSERT INTO `pa...', Array, false)
#4 /home/app/public_html/panaderia/system/Model.php(330): CodeIgniter\Database\BaseBuilder->insert()
#5 /home/app/public_html/panaderia/system/BaseModel.php(782): CodeIgniter\Model->doInsert(Array)
#6 /home/app/public_html/panaderia/system/Model.php(730): CodeIgniter\BaseModel->insert(Array, true)
#7 /home/app/public_html/panaderia/app/Controllers/Pagos.php(124): CodeIgniter\Model->insert(Array)
#8 /home/app/public_html/panaderia/system/CodeIgniter.php(934): App\Controllers\Pagos->create()
#9 /home/app/public_html/panaderia/system/CodeIgniter.php(499): CodeIgniter\CodeIgniter->runController(Object(App\Controllers\Pagos))
#10 /home/app/public_html/panaderia/system/CodeIgniter.php(368): CodeIgniter\CodeIgniter->handleRequest(NULL, Object(Config\Cache), false)
#11 /home/app/public_html/panaderia/index.php(67): CodeIgniter\CodeIgniter->run()
#12 {main}
CRITICAL - 2023-06-26 06:01:55 --> Cannot add or update a child row: a foreign key constraint fails (`app_panaderia`.`pagos`, CONSTRAINT `pagos_ibfk_2` FOREIGN KEY (`st_id`) REFERENCES `stock` (`st_id`) ON UPDATE CASCADE)
in SYSTEMPATH/Database/MySQLi/Connection.php on line 295.
 1 SYSTEMPATH/Database/MySQLi/Connection.php(295): mysqli->query('INSERT INTO `pagos` (`st_id`, `pag_PrecioCompra`, `pv_id`, `pag_FechaCompra`) VALUES (\'15\', \'1231231\', \'3\', \'2000-12-15\')', 0)
 2 SYSTEMPATH/Database/BaseConnection.php(691): CodeIgniter\Database\MySQLi\Connection->execute('INSERT INTO `pagos` (`st_id`, `pag_PrecioCompra`, `pv_id`, `pag_FechaCompra`) VALUES (\'15\', \'1231231\', \'3\', \'2000-12-15\')')
 3 SYSTEMPATH/Database/BaseConnection.php(605): CodeIgniter\Database\BaseConnection->simpleQuery('INSERT INTO `pagos` (`st_id`, `pag_PrecioCompra`, `pv_id`, `pag_FechaCompra`) VALUES (\'15\', \'1231231\', \'3\', \'2000-12-15\')')
 4 SYSTEMPATH/Database/BaseBuilder.php(2309): CodeIgniter\Database\BaseConnection->query('INSERT INTO `pagos` (`st_id`, `pag_PrecioCompra`, `pv_id`, `pag_FechaCompra`) VALUES (:st_id:, :pag_PrecioCompra:, :pv_id:, :pag_FechaCompra:)', [...], false)
 5 SYSTEMPATH/Model.php(330): CodeIgniter\Database\BaseBuilder->insert()
 6 SYSTEMPATH/BaseModel.php(782): CodeIgniter\Model->doInsert([...])
 7 SYSTEMPATH/Model.php(730): CodeIgniter\BaseModel->insert([...], true)
 8 APPPATH/Controllers/Pagos.php(124): CodeIgniter\Model->insert([...])
 9 SYSTEMPATH/CodeIgniter.php(934): App\Controllers\Pagos->create()
10 SYSTEMPATH/CodeIgniter.php(499): CodeIgniter\CodeIgniter->runController(Object(App\Controllers\Pagos))
11 SYSTEMPATH/CodeIgniter.php(368): CodeIgniter\CodeIgniter->handleRequest(null, Object(Config\Cache), false)
12 FCPATH/index.php(67): CodeIgniter\CodeIgniter->run()
ERROR - 2023-06-26 06:02:01 --> mysqli_sql_exception: Cannot add or update a child row: a foreign key constraint fails (`app_panaderia`.`pagos`, CONSTRAINT `pagos_ibfk_2` FOREIGN KEY (`st_id`) REFERENCES `stock` (`st_id`) ON UPDATE CASCADE) in /home/app/public_html/panaderia/system/Database/MySQLi/Connection.php:295
Stack trace:
#0 /home/app/public_html/panaderia/system/Database/MySQLi/Connection.php(295): mysqli->query('INSERT INTO `pa...', 0)
#1 /home/app/public_html/panaderia/system/Database/BaseConnection.php(691): CodeIgniter\Database\MySQLi\Connection->execute('INSERT INTO `pa...')
#2 /home/app/public_html/panaderia/system/Database/BaseConnection.php(605): CodeIgniter\Database\BaseConnection->simpleQuery('INSERT INTO `pa...')
#3 /home/app/public_html/panaderia/system/Database/BaseBuilder.php(2309): CodeIgniter\Database\BaseConnection->query('INSERT INTO `pa...', Array, false)
#4 /home/app/public_html/panaderia/system/Model.php(330): CodeIgniter\Database\BaseBuilder->insert()
#5 /home/app/public_html/panaderia/system/BaseModel.php(782): CodeIgniter\Model->doInsert(Array)
#6 /home/app/public_html/panaderia/system/Model.php(730): CodeIgniter\BaseModel->insert(Array, true)
#7 /home/app/public_html/panaderia/app/Controllers/Pagos.php(124): CodeIgniter\Model->insert(Array)
#8 /home/app/public_html/panaderia/system/CodeIgniter.php(934): App\Controllers\Pagos->create()
#9 /home/app/public_html/panaderia/system/CodeIgniter.php(499): CodeIgniter\CodeIgniter->runController(Object(App\Controllers\Pagos))
#10 /home/app/public_html/panaderia/system/CodeIgniter.php(368): CodeIgniter\CodeIgniter->handleRequest(NULL, Object(Config\Cache), false)
#11 /home/app/public_html/panaderia/index.php(67): CodeIgniter\CodeIgniter->run()
#12 {main}
CRITICAL - 2023-06-26 06:02:01 --> Cannot add or update a child row: a foreign key constraint fails (`app_panaderia`.`pagos`, CONSTRAINT `pagos_ibfk_2` FOREIGN KEY (`st_id`) REFERENCES `stock` (`st_id`) ON UPDATE CASCADE)
in SYSTEMPATH/Database/MySQLi/Connection.php on line 295.
 1 SYSTEMPATH/Database/MySQLi/Connection.php(295): mysqli->query('INSERT INTO `pagos` (`st_id`, `pag_PrecioCompra`, `pv_id`, `pag_FechaCompra`) VALUES (\'16\', \'1231231\', \'3\', \'2000-12-15\')', 0)
 2 SYSTEMPATH/Database/BaseConnection.php(691): CodeIgniter\Database\MySQLi\Connection->execute('INSERT INTO `pagos` (`st_id`, `pag_PrecioCompra`, `pv_id`, `pag_FechaCompra`) VALUES (\'16\', \'1231231\', \'3\', \'2000-12-15\')')
 3 SYSTEMPATH/Database/BaseConnection.php(605): CodeIgniter\Database\BaseConnection->simpleQuery('INSERT INTO `pagos` (`st_id`, `pag_PrecioCompra`, `pv_id`, `pag_FechaCompra`) VALUES (\'16\', \'1231231\', \'3\', \'2000-12-15\')')
 4 SYSTEMPATH/Database/BaseBuilder.php(2309): CodeIgniter\Database\BaseConnection->query('INSERT INTO `pagos` (`st_id`, `pag_PrecioCompra`, `pv_id`, `pag_FechaCompra`) VALUES (:st_id:, :pag_PrecioCompra:, :pv_id:, :pag_FechaCompra:)', [...], false)
 5 SYSTEMPATH/Model.php(330): CodeIgniter\Database\BaseBuilder->insert()
 6 SYSTEMPATH/BaseModel.php(782): CodeIgniter\Model->doInsert([...])
 7 SYSTEMPATH/Model.php(730): CodeIgniter\BaseModel->insert([...], true)
 8 APPPATH/Controllers/Pagos.php(124): CodeIgniter\Model->insert([...])
 9 SYSTEMPATH/CodeIgniter.php(934): App\Controllers\Pagos->create()
10 SYSTEMPATH/CodeIgniter.php(499): CodeIgniter\CodeIgniter->runController(Object(App\Controllers\Pagos))
11 SYSTEMPATH/CodeIgniter.php(368): CodeIgniter\CodeIgniter->handleRequest(null, Object(Config\Cache), false)
12 FCPATH/index.php(67): CodeIgniter\CodeIgniter->run()
ERROR - 2023-06-26 06:04:38 --> mysqli_sql_exception: Cannot add or update a child row: a foreign key constraint fails (`app_panaderia`.`pagos`, CONSTRAINT `pagos_ibfk_2` FOREIGN KEY (`st_id`) REFERENCES `stock` (`st_id`) ON UPDATE CASCADE) in /home/app/public_html/panaderia/system/Database/MySQLi/Connection.php:295
Stack trace:
#0 /home/app/public_html/panaderia/system/Database/MySQLi/Connection.php(295): mysqli->query('INSERT INTO `pa...', 0)
#1 /home/app/public_html/panaderia/system/Database/BaseConnection.php(691): CodeIgniter\Database\MySQLi\Connection->execute('INSERT INTO `pa...')
#2 /home/app/public_html/panaderia/system/Database/BaseConnection.php(605): CodeIgniter\Database\BaseConnection->simpleQuery('INSERT INTO `pa...')
#3 /home/app/public_html/panaderia/system/Database/BaseBuilder.php(2309): CodeIgniter\Database\BaseConnection->query('INSERT INTO `pa...', Array, false)
#4 /home/app/public_html/panaderia/system/Model.php(330): CodeIgniter\Database\BaseBuilder->insert()
#5 /home/app/public_html/panaderia/system/BaseModel.php(782): CodeIgniter\Model->doInsert(Array)
#6 /home/app/public_html/panaderia/system/Model.php(730): CodeIgniter\BaseModel->insert(Array, true)
#7 /home/app/public_html/panaderia/app/Controllers/Pagos.php(124): CodeIgniter\Model->insert(Array)
#8 /home/app/public_html/panaderia/system/CodeIgniter.php(934): App\Controllers\Pagos->create()
#9 /home/app/public_html/panaderia/system/CodeIgniter.php(499): CodeIgniter\CodeIgniter->runController(Object(App\Controllers\Pagos))
#10 /home/app/public_html/panaderia/system/CodeIgniter.php(368): CodeIgniter\CodeIgniter->handleRequest(NULL, Object(Config\Cache), false)
#11 /home/app/public_html/panaderia/index.php(67): CodeIgniter\CodeIgniter->run()
#12 {main}
CRITICAL - 2023-06-26 06:04:38 --> Cannot add or update a child row: a foreign key constraint fails (`app_panaderia`.`pagos`, CONSTRAINT `pagos_ibfk_2` FOREIGN KEY (`st_id`) REFERENCES `stock` (`st_id`) ON UPDATE CASCADE)
in SYSTEMPATH/Database/MySQLi/Connection.php on line 295.
 1 SYSTEMPATH/Database/MySQLi/Connection.php(295): mysqli->query('INSERT INTO `pagos` (`st_id`, `pag_PrecioCompra`, `pv_id`, `pag_FechaCompra`) VALUES (\'17\', \'1231231\', \'3\', \'2000-12-15\')', 0)
 2 SYSTEMPATH/Database/BaseConnection.php(691): CodeIgniter\Database\MySQLi\Connection->execute('INSERT INTO `pagos` (`st_id`, `pag_PrecioCompra`, `pv_id`, `pag_FechaCompra`) VALUES (\'17\', \'1231231\', \'3\', \'2000-12-15\')')
 3 SYSTEMPATH/Database/BaseConnection.php(605): CodeIgniter\Database\BaseConnection->simpleQuery('INSERT INTO `pagos` (`st_id`, `pag_PrecioCompra`, `pv_id`, `pag_FechaCompra`) VALUES (\'17\', \'1231231\', \'3\', \'2000-12-15\')')
 4 SYSTEMPATH/Database/BaseBuilder.php(2309): CodeIgniter\Database\BaseConnection->query('INSERT INTO `pagos` (`st_id`, `pag_PrecioCompra`, `pv_id`, `pag_FechaCompra`) VALUES (:st_id:, :pag_PrecioCompra:, :pv_id:, :pag_FechaCompra:)', [...], false)
 5 SYSTEMPATH/Model.php(330): CodeIgniter\Database\BaseBuilder->insert()
 6 SYSTEMPATH/BaseModel.php(782): CodeIgniter\Model->doInsert([...])
 7 SYSTEMPATH/Model.php(730): CodeIgniter\BaseModel->insert([...], true)
 8 APPPATH/Controllers/Pagos.php(124): CodeIgniter\Model->insert([...])
 9 SYSTEMPATH/CodeIgniter.php(934): App\Controllers\Pagos->create()
10 SYSTEMPATH/CodeIgniter.php(499): CodeIgniter\CodeIgniter->runController(Object(App\Controllers\Pagos))
11 SYSTEMPATH/CodeIgniter.php(368): CodeIgniter\CodeIgniter->handleRequest(null, Object(Config\Cache), false)
12 FCPATH/index.php(67): CodeIgniter\CodeIgniter->run()
ERROR - 2023-06-26 06:04:54 --> mysqli_sql_exception: Cannot add or update a child row: a foreign key constraint fails (`app_panaderia`.`pagos`, CONSTRAINT `pagos_ibfk_2` FOREIGN KEY (`st_id`) REFERENCES `stock` (`st_id`) ON UPDATE CASCADE) in /home/app/public_html/panaderia/system/Database/MySQLi/Connection.php:295
Stack trace:
#0 /home/app/public_html/panaderia/system/Database/MySQLi/Connection.php(295): mysqli->query('INSERT INTO `pa...', 0)
#1 /home/app/public_html/panaderia/system/Database/BaseConnection.php(691): CodeIgniter\Database\MySQLi\Connection->execute('INSERT INTO `pa...')
#2 /home/app/public_html/panaderia/system/Database/BaseConnection.php(605): CodeIgniter\Database\BaseConnection->simpleQuery('INSERT INTO `pa...')
#3 /home/app/public_html/panaderia/system/Database/BaseBuilder.php(2309): CodeIgniter\Database\BaseConnection->query('INSERT INTO `pa...', Array, false)
#4 /home/app/public_html/panaderia/system/Model.php(330): CodeIgniter\Database\BaseBuilder->insert()
#5 /home/app/public_html/panaderia/system/BaseModel.php(782): CodeIgniter\Model->doInsert(Array)
#6 /home/app/public_html/panaderia/system/Model.php(730): CodeIgniter\BaseModel->insert(Array, true)
#7 /home/app/public_html/panaderia/app/Controllers/Pagos.php(124): CodeIgniter\Model->insert(Array)
#8 /home/app/public_html/panaderia/system/CodeIgniter.php(934): App\Controllers\Pagos->create()
#9 /home/app/public_html/panaderia/system/CodeIgniter.php(499): CodeIgniter\CodeIgniter->runController(Object(App\Controllers\Pagos))
#10 /home/app/public_html/panaderia/system/CodeIgniter.php(368): CodeIgniter\CodeIgniter->handleRequest(NULL, Object(Config\Cache), false)
#11 /home/app/public_html/panaderia/index.php(67): CodeIgniter\CodeIgniter->run()
#12 {main}
CRITICAL - 2023-06-26 06:04:54 --> Cannot add or update a child row: a foreign key constraint fails (`app_panaderia`.`pagos`, CONSTRAINT `pagos_ibfk_2` FOREIGN KEY (`st_id`) REFERENCES `stock` (`st_id`) ON UPDATE CASCADE)
in SYSTEMPATH/Database/MySQLi/Connection.php on line 295.
 1 SYSTEMPATH/Database/MySQLi/Connection.php(295): mysqli->query('INSERT INTO `pagos` (`st_id`, `pag_PrecioCompra`, `pv_id`, `pag_FechaCompra`) VALUES (\'18\', \'1231231\', \'3\', \'2000-12-15\')', 0)
 2 SYSTEMPATH/Database/BaseConnection.php(691): CodeIgniter\Database\MySQLi\Connection->execute('INSERT INTO `pagos` (`st_id`, `pag_PrecioCompra`, `pv_id`, `pag_FechaCompra`) VALUES (\'18\', \'1231231\', \'3\', \'2000-12-15\')')
 3 SYSTEMPATH/Database/BaseConnection.php(605): CodeIgniter\Database\BaseConnection->simpleQuery('INSERT INTO `pagos` (`st_id`, `pag_PrecioCompra`, `pv_id`, `pag_FechaCompra`) VALUES (\'18\', \'1231231\', \'3\', \'2000-12-15\')')
 4 SYSTEMPATH/Database/BaseBuilder.php(2309): CodeIgniter\Database\BaseConnection->query('INSERT INTO `pagos` (`st_id`, `pag_PrecioCompra`, `pv_id`, `pag_FechaCompra`) VALUES (:st_id:, :pag_PrecioCompra:, :pv_id:, :pag_FechaCompra:)', [...], false)
 5 SYSTEMPATH/Model.php(330): CodeIgniter\Database\BaseBuilder->insert()
 6 SYSTEMPATH/BaseModel.php(782): CodeIgniter\Model->doInsert([...])
 7 SYSTEMPATH/Model.php(730): CodeIgniter\BaseModel->insert([...], true)
 8 APPPATH/Controllers/Pagos.php(124): CodeIgniter\Model->insert([...])
 9 SYSTEMPATH/CodeIgniter.php(934): App\Controllers\Pagos->create()
10 SYSTEMPATH/CodeIgniter.php(499): CodeIgniter\CodeIgniter->runController(Object(App\Controllers\Pagos))
11 SYSTEMPATH/CodeIgniter.php(368): CodeIgniter\CodeIgniter->handleRequest(null, Object(Config\Cache), false)
12 FCPATH/index.php(67): CodeIgniter\CodeIgniter->run()
ERROR - 2023-06-26 06:09:25 --> mysqli_sql_exception: Cannot add or update a child row: a foreign key constraint fails (`app_panaderia`.`pagos`, CONSTRAINT `pagos_ibfk_2` FOREIGN KEY (`st_id`) REFERENCES `stock` (`st_id`) ON UPDATE CASCADE) in /home/app/public_html/panaderia/system/Database/MySQLi/Connection.php:295
Stack trace:
#0 /home/app/public_html/panaderia/system/Database/MySQLi/Connection.php(295): mysqli->query('INSERT INTO `pa...', 0)
#1 /home/app/public_html/panaderia/system/Database/BaseConnection.php(691): CodeIgniter\Database\MySQLi\Connection->execute('INSERT INTO `pa...')
#2 /home/app/public_html/panaderia/system/Database/BaseConnection.php(605): CodeIgniter\Database\BaseConnection->simpleQuery('INSERT INTO `pa...')
#3 /home/app/public_html/panaderia/system/Database/BaseBuilder.php(2309): CodeIgniter\Database\BaseConnection->query('INSERT INTO `pa...', Array, false)
#4 /home/app/public_html/panaderia/system/Model.php(330): CodeIgniter\Database\BaseBuilder->insert()
#5 /home/app/public_html/panaderia/system/BaseModel.php(782): CodeIgniter\Model->doInsert(Array)
#6 /home/app/public_html/panaderia/system/Model.php(730): CodeIgniter\BaseModel->insert(Array, true)
#7 /home/app/public_html/panaderia/app/Controllers/Pagos.php(124): CodeIgniter\Model->insert(Array)
#8 /home/app/public_html/panaderia/system/CodeIgniter.php(934): App\Controllers\Pagos->create()
#9 /home/app/public_html/panaderia/system/CodeIgniter.php(499): CodeIgniter\CodeIgniter->runController(Object(App\Controllers\Pagos))
#10 /home/app/public_html/panaderia/system/CodeIgniter.php(368): CodeIgniter\CodeIgniter->handleRequest(NULL, Object(Config\Cache), false)
#11 /home/app/public_html/panaderia/index.php(67): CodeIgniter\CodeIgniter->run()
#12 {main}
CRITICAL - 2023-06-26 06:09:25 --> Cannot add or update a child row: a foreign key constraint fails (`app_panaderia`.`pagos`, CONSTRAINT `pagos_ibfk_2` FOREIGN KEY (`st_id`) REFERENCES `stock` (`st_id`) ON UPDATE CASCADE)
in SYSTEMPATH/Database/MySQLi/Connection.php on line 295.
 1 SYSTEMPATH/Database/MySQLi/Connection.php(295): mysqli->query('INSERT INTO `pagos` (`st_id`, `pag_PrecioCompra`, `pv_id`, `pag_FechaCompra`) VALUES (\'19\', \'1231231\', \'3\', \'2000-12-15\')', 0)
 2 SYSTEMPATH/Database/BaseConnection.php(691): CodeIgniter\Database\MySQLi\Connection->execute('INSERT INTO `pagos` (`st_id`, `pag_PrecioCompra`, `pv_id`, `pag_FechaCompra`) VALUES (\'19\', \'1231231\', \'3\', \'2000-12-15\')')
 3 SYSTEMPATH/Database/BaseConnection.php(605): CodeIgniter\Database\BaseConnection->simpleQuery('INSERT INTO `pagos` (`st_id`, `pag_PrecioCompra`, `pv_id`, `pag_FechaCompra`) VALUES (\'19\', \'1231231\', \'3\', \'2000-12-15\')')
 4 SYSTEMPATH/Database/BaseBuilder.php(2309): CodeIgniter\Database\BaseConnection->query('INSERT INTO `pagos` (`st_id`, `pag_PrecioCompra`, `pv_id`, `pag_FechaCompra`) VALUES (:st_id:, :pag_PrecioCompra:, :pv_id:, :pag_FechaCompra:)', [...], false)
 5 SYSTEMPATH/Model.php(330): CodeIgniter\Database\BaseBuilder->insert()
 6 SYSTEMPATH/BaseModel.php(782): CodeIgniter\Model->doInsert([...])
 7 SYSTEMPATH/Model.php(730): CodeIgniter\BaseModel->insert([...], true)
 8 APPPATH/Controllers/Pagos.php(124): CodeIgniter\Model->insert([...])
 9 SYSTEMPATH/CodeIgniter.php(934): App\Controllers\Pagos->create()
10 SYSTEMPATH/CodeIgniter.php(499): CodeIgniter\CodeIgniter->runController(Object(App\Controllers\Pagos))
11 SYSTEMPATH/CodeIgniter.php(368): CodeIgniter\CodeIgniter->handleRequest(null, Object(Config\Cache), false)
12 FCPATH/index.php(67): CodeIgniter\CodeIgniter->run()
ERROR - 2023-06-26 06:09:46 --> mysqli_sql_exception: Cannot add or update a child row: a foreign key constraint fails (`app_panaderia`.`pagos`, CONSTRAINT `pagos_ibfk_2` FOREIGN KEY (`st_id`) REFERENCES `stock` (`st_id`) ON UPDATE CASCADE) in /home/app/public_html/panaderia/system/Database/MySQLi/Connection.php:295
Stack trace:
#0 /home/app/public_html/panaderia/system/Database/MySQLi/Connection.php(295): mysqli->query('INSERT INTO `pa...', 0)
#1 /home/app/public_html/panaderia/system/Database/BaseConnection.php(691): CodeIgniter\Database\MySQLi\Connection->execute('INSERT INTO `pa...')
#2 /home/app/public_html/panaderia/system/Database/BaseConnection.php(605): CodeIgniter\Database\BaseConnection->simpleQuery('INSERT INTO `pa...')
#3 /home/app/public_html/panaderia/system/Database/BaseBuilder.php(2309): CodeIgniter\Database\BaseConnection->query('INSERT INTO `pa...', Array, false)
#4 /home/app/public_html/panaderia/system/Model.php(330): CodeIgniter\Database\BaseBuilder->insert()
#5 /home/app/public_html/panaderia/system/BaseModel.php(782): CodeIgniter\Model->doInsert(Array)
#6 /home/app/public_html/panaderia/system/Model.php(730): CodeIgniter\BaseModel->insert(Array, true)
#7 /home/app/public_html/panaderia/app/Controllers/Pagos.php(124): CodeIgniter\Model->insert(Array)
#8 /home/app/public_html/panaderia/system/CodeIgniter.php(934): App\Controllers\Pagos->create()
#9 /home/app/public_html/panaderia/system/CodeIgniter.php(499): CodeIgniter\CodeIgniter->runController(Object(App\Controllers\Pagos))
#10 /home/app/public_html/panaderia/system/CodeIgniter.php(368): CodeIgniter\CodeIgniter->handleRequest(NULL, Object(Config\Cache), false)
#11 /home/app/public_html/panaderia/index.php(67): CodeIgniter\CodeIgniter->run()
#12 {main}
CRITICAL - 2023-06-26 06:09:46 --> Cannot add or update a child row: a foreign key constraint fails (`app_panaderia`.`pagos`, CONSTRAINT `pagos_ibfk_2` FOREIGN KEY (`st_id`) REFERENCES `stock` (`st_id`) ON UPDATE CASCADE)
in SYSTEMPATH/Database/MySQLi/Connection.php on line 295.
 1 SYSTEMPATH/Database/MySQLi/Connection.php(295): mysqli->query('INSERT INTO `pagos` (`st_id`, `pag_PrecioCompra`, `pv_id`, `pag_FechaCompra`) VALUES (\'20\', \'1231231\', \'3\', \'2000-12-15\')', 0)
 2 SYSTEMPATH/Database/BaseConnection.php(691): CodeIgniter\Database\MySQLi\Connection->execute('INSERT INTO `pagos` (`st_id`, `pag_PrecioCompra`, `pv_id`, `pag_FechaCompra`) VALUES (\'20\', \'1231231\', \'3\', \'2000-12-15\')')
 3 SYSTEMPATH/Database/BaseConnection.php(605): CodeIgniter\Database\BaseConnection->simpleQuery('INSERT INTO `pagos` (`st_id`, `pag_PrecioCompra`, `pv_id`, `pag_FechaCompra`) VALUES (\'20\', \'1231231\', \'3\', \'2000-12-15\')')
 4 SYSTEMPATH/Database/BaseBuilder.php(2309): CodeIgniter\Database\BaseConnection->query('INSERT INTO `pagos` (`st_id`, `pag_PrecioCompra`, `pv_id`, `pag_FechaCompra`) VALUES (:st_id:, :pag_PrecioCompra:, :pv_id:, :pag_FechaCompra:)', [...], false)
 5 SYSTEMPATH/Model.php(330): CodeIgniter\Database\BaseBuilder->insert()
 6 SYSTEMPATH/BaseModel.php(782): CodeIgniter\Model->doInsert([...])
 7 SYSTEMPATH/Model.php(730): CodeIgniter\BaseModel->insert([...], true)
 8 APPPATH/Controllers/Pagos.php(124): CodeIgniter\Model->insert([...])
 9 SYSTEMPATH/CodeIgniter.php(934): App\Controllers\Pagos->create()
10 SYSTEMPATH/CodeIgniter.php(499): CodeIgniter\CodeIgniter->runController(Object(App\Controllers\Pagos))
11 SYSTEMPATH/CodeIgniter.php(368): CodeIgniter\CodeIgniter->handleRequest(null, Object(Config\Cache), false)
12 FCPATH/index.php(67): CodeIgniter\CodeIgniter->run()
