ERROR - 2023-07-03 02:14:54 --> mysqli_sql_exception: Cannot add or update a child row: a foreign key constraint fails (`app_panaderia`.`sucursal`, CONSTRAINT `sucursal_ibfk_1` FOREIGN KEY (`em_id`) REFERENCES `empresa` (`em_id`) ON UPDATE CASCADE) in /home/app/public_html/panaderia/system/Database/MySQLi/Connection.php:295
Stack trace:
#0 /home/app/public_html/panaderia/system/Database/MySQLi/Connection.php(295): mysqli->query('INSERT INTO `su...', 0)
#1 /home/app/public_html/panaderia/system/Database/BaseConnection.php(691): CodeIgniter\Database\MySQLi\Connection->execute('INSERT INTO `su...')
#2 /home/app/public_html/panaderia/system/Database/BaseConnection.php(605): CodeIgniter\Database\BaseConnection->simpleQuery('INSERT INTO `su...')
#3 /home/app/public_html/panaderia/system/Database/BaseBuilder.php(2309): CodeIgniter\Database\BaseConnection->query('INSERT INTO `su...', Array, false)
#4 /home/app/public_html/panaderia/system/Model.php(330): CodeIgniter\Database\BaseBuilder->insert()
#5 /home/app/public_html/panaderia/system/BaseModel.php(782): CodeIgniter\Model->doInsert(Array)
#6 /home/app/public_html/panaderia/system/Model.php(730): CodeIgniter\BaseModel->insert(Array, true)
#7 /home/app/public_html/panaderia/app/Controllers/Sucursal.php(119): CodeIgniter\Model->insert(Array)
#8 /home/app/public_html/panaderia/system/CodeIgniter.php(934): App\Controllers\Sucursal->create()
#9 /home/app/public_html/panaderia/system/CodeIgniter.php(499): CodeIgniter\CodeIgniter->runController(Object(App\Controllers\Sucursal))
#10 /home/app/public_html/panaderia/system/CodeIgniter.php(368): CodeIgniter\CodeIgniter->handleRequest(NULL, Object(Config\Cache), false)
#11 /home/app/public_html/panaderia/index.php(67): CodeIgniter\CodeIgniter->run()
#12 {main}
CRITICAL - 2023-07-03 02:14:54 --> Cannot add or update a child row: a foreign key constraint fails (`app_panaderia`.`sucursal`, CONSTRAINT `sucursal_ibfk_1` FOREIGN KEY (`em_id`) REFERENCES `empresa` (`em_id`) ON UPDATE CASCADE)
in SYSTEMPATH/Database/MySQLi/Connection.php on line 295.
 1 SYSTEMPATH/Database/MySQLi/Connection.php(295): mysqli->query('INSERT INTO `sucursal` (`su_direccion`, `su_distrito`, `su_departamento`) VALUES (\'141414\', \'124132\', \'41234\')', 0)
 2 SYSTEMPATH/Database/BaseConnection.php(691): CodeIgniter\Database\MySQLi\Connection->execute('INSERT INTO `sucursal` (`su_direccion`, `su_distrito`, `su_departamento`) VALUES (\'141414\', \'124132\', \'41234\')')
 3 SYSTEMPATH/Database/BaseConnection.php(605): CodeIgniter\Database\BaseConnection->simpleQuery('INSERT INTO `sucursal` (`su_direccion`, `su_distrito`, `su_departamento`) VALUES (\'141414\', \'124132\', \'41234\')')
 4 SYSTEMPATH/Database/BaseBuilder.php(2309): CodeIgniter\Database\BaseConnection->query('INSERT INTO `sucursal` (`su_direccion`, `su_distrito`, `su_departamento`) VALUES (:su_direccion:, :su_distrito:, :su_departamento:)', [...], false)
 5 SYSTEMPATH/Model.php(330): CodeIgniter\Database\BaseBuilder->insert()
 6 SYSTEMPATH/BaseModel.php(782): CodeIgniter\Model->doInsert([...])
 7 SYSTEMPATH/Model.php(730): CodeIgniter\BaseModel->insert([...], true)
 8 APPPATH/Controllers/Sucursal.php(119): CodeIgniter\Model->insert([...])
 9 SYSTEMPATH/CodeIgniter.php(934): App\Controllers\Sucursal->create()
10 SYSTEMPATH/CodeIgniter.php(499): CodeIgniter\CodeIgniter->runController(Object(App\Controllers\Sucursal))
11 SYSTEMPATH/CodeIgniter.php(368): CodeIgniter\CodeIgniter->handleRequest(null, Object(Config\Cache), false)
12 FCPATH/index.php(67): CodeIgniter\CodeIgniter->run()
ERROR - 2023-07-03 02:50:33 --> mysqli_sql_exception: Unknown column 'usu.perm_id' in 'on clause' in /home/app/public_html/panaderia/system/Database/MySQLi/Connection.php:295
Stack trace:
#0 /home/app/public_html/panaderia/system/Database/MySQLi/Connection.php(295): mysqli->query('SELECT *\nFROM `...', 0)
#1 /home/app/public_html/panaderia/system/Database/BaseConnection.php(691): CodeIgniter\Database\MySQLi\Connection->execute('SELECT *\nFROM `...')
#2 /home/app/public_html/panaderia/system/Database/BaseConnection.php(605): CodeIgniter\Database\BaseConnection->simpleQuery('SELECT *\nFROM `...')
#3 /home/app/public_html/panaderia/system/Database/BaseBuilder.php(1616): CodeIgniter\Database\BaseConnection->query('SELECT *\nFROM `...', Array, false)
#4 /home/app/public_html/panaderia/app/Models/UsuariosModel.php(43): CodeIgniter\Database\BaseBuilder->get()
#5 /home/app/public_html/panaderia/app/Controllers/Usuarios.php(63): App\Models\UsuariosModel->getLogin('admin&123')
#6 /home/app/public_html/panaderia/system/CodeIgniter.php(934): App\Controllers\Usuarios->show('admin&123')
#7 /home/app/public_html/panaderia/system/CodeIgniter.php(499): CodeIgniter\CodeIgniter->runController(Object(App\Controllers\Usuarios))
#8 /home/app/public_html/panaderia/system/CodeIgniter.php(368): CodeIgniter\CodeIgniter->handleRequest(NULL, Object(Config\Cache), false)
#9 /home/app/public_html/panaderia/index.php(67): CodeIgniter\CodeIgniter->run()
#10 {main}
CRITICAL - 2023-07-03 02:50:33 --> Unknown column 'usu.perm_id' in 'on clause'
in SYSTEMPATH/Database/MySQLi/Connection.php on line 295.
 1 SYSTEMPATH/Database/MySQLi/Connection.php(295): mysqli->query('SELECT *
FROM `usuarios` `usu`
JOIN `establecimiento` `es` ON `es`.`es_id` = `usu`.`es_id`
JOIN `permisos` `perm` ON `perm`.`perm_id` = `usu`.`perm_id`
WHERE `usu`.`us_usuario` = \'admin\'
AND `usu`.`us_password` = \'123\'
AND `usu`.`us_estado` = 1', 0)
 2 SYSTEMPATH/Database/BaseConnection.php(691): CodeIgniter\Database\MySQLi\Connection->execute('SELECT *
FROM `usuarios` `usu`
JOIN `establecimiento` `es` ON `es`.`es_id` = `usu`.`es_id`
JOIN `permisos` `perm` ON `perm`.`perm_id` = `usu`.`perm_id`
WHERE `usu`.`us_usuario` = \'admin\'
AND `usu`.`us_password` = \'123\'
AND `usu`.`us_estado` = 1')
 3 SYSTEMPATH/Database/BaseConnection.php(605): CodeIgniter\Database\BaseConnection->simpleQuery('SELECT *
FROM `usuarios` `usu`
JOIN `establecimiento` `es` ON `es`.`es_id` = `usu`.`es_id`
JOIN `permisos` `perm` ON `perm`.`perm_id` = `usu`.`perm_id`
WHERE `usu`.`us_usuario` = \'admin\'
AND `usu`.`us_password` = \'123\'
AND `usu`.`us_estado` = 1')
 4 SYSTEMPATH/Database/BaseBuilder.php(1616): CodeIgniter\Database\BaseConnection->query('SELECT *
FROM `usuarios` `usu`
JOIN `establecimiento` `es` ON `es`.`es_id` = `usu`.`es_id`
JOIN `permisos` `perm` ON `perm`.`perm_id` = `usu`.`perm_id`
WHERE `usu`.`us_usuario` = :usu.us_usuario:
AND `usu`.`us_password` = :usu.us_password:
AND `usu`.`us_estado` = :usu.us_estado:', [...], false)
 5 APPPATH/Models/UsuariosModel.php(43): CodeIgniter\Database\BaseBuilder->get()
 6 APPPATH/Controllers/Usuarios.php(63): App\Models\UsuariosModel->getLogin('admin&123')
 7 SYSTEMPATH/CodeIgniter.php(934): App\Controllers\Usuarios->show('admin&123')
 8 SYSTEMPATH/CodeIgniter.php(499): CodeIgniter\CodeIgniter->runController(Object(App\Controllers\Usuarios))
 9 SYSTEMPATH/CodeIgniter.php(368): CodeIgniter\CodeIgniter->handleRequest(null, Object(Config\Cache), false)
10 FCPATH/index.php(67): CodeIgniter\CodeIgniter->run()
ERROR - 2023-07-03 02:50:38 --> mysqli_sql_exception: Unknown column 'usu.perm_id' in 'on clause' in /home/app/public_html/panaderia/system/Database/MySQLi/Connection.php:295
Stack trace:
#0 /home/app/public_html/panaderia/system/Database/MySQLi/Connection.php(295): mysqli->query('SELECT *\nFROM `...', 0)
#1 /home/app/public_html/panaderia/system/Database/BaseConnection.php(691): CodeIgniter\Database\MySQLi\Connection->execute('SELECT *\nFROM `...')
#2 /home/app/public_html/panaderia/system/Database/BaseConnection.php(605): CodeIgniter\Database\BaseConnection->simpleQuery('SELECT *\nFROM `...')
#3 /home/app/public_html/panaderia/system/Database/BaseBuilder.php(1616): CodeIgniter\Database\BaseConnection->query('SELECT *\nFROM `...', Array, false)
#4 /home/app/public_html/panaderia/app/Models/UsuariosModel.php(43): CodeIgniter\Database\BaseBuilder->get()
#5 /home/app/public_html/panaderia/app/Controllers/Usuarios.php(63): App\Models\UsuariosModel->getLogin('admin&321')
#6 /home/app/public_html/panaderia/system/CodeIgniter.php(934): App\Controllers\Usuarios->show('admin&321')
#7 /home/app/public_html/panaderia/system/CodeIgniter.php(499): CodeIgniter\CodeIgniter->runController(Object(App\Controllers\Usuarios))
#8 /home/app/public_html/panaderia/system/CodeIgniter.php(368): CodeIgniter\CodeIgniter->handleRequest(NULL, Object(Config\Cache), false)
#9 /home/app/public_html/panaderia/index.php(67): CodeIgniter\CodeIgniter->run()
#10 {main}
CRITICAL - 2023-07-03 02:50:38 --> Unknown column 'usu.perm_id' in 'on clause'
in SYSTEMPATH/Database/MySQLi/Connection.php on line 295.
 1 SYSTEMPATH/Database/MySQLi/Connection.php(295): mysqli->query('SELECT *
FROM `usuarios` `usu`
JOIN `establecimiento` `es` ON `es`.`es_id` = `usu`.`es_id`
JOIN `permisos` `perm` ON `perm`.`perm_id` = `usu`.`perm_id`
WHERE `usu`.`us_usuario` = \'admin\'
AND `usu`.`us_password` = \'321\'
AND `usu`.`us_estado` = 1', 0)
 2 SYSTEMPATH/Database/BaseConnection.php(691): CodeIgniter\Database\MySQLi\Connection->execute('SELECT *
FROM `usuarios` `usu`
JOIN `establecimiento` `es` ON `es`.`es_id` = `usu`.`es_id`
JOIN `permisos` `perm` ON `perm`.`perm_id` = `usu`.`perm_id`
WHERE `usu`.`us_usuario` = \'admin\'
AND `usu`.`us_password` = \'321\'
AND `usu`.`us_estado` = 1')
 3 SYSTEMPATH/Database/BaseConnection.php(605): CodeIgniter\Database\BaseConnection->simpleQuery('SELECT *
FROM `usuarios` `usu`
JOIN `establecimiento` `es` ON `es`.`es_id` = `usu`.`es_id`
JOIN `permisos` `perm` ON `perm`.`perm_id` = `usu`.`perm_id`
WHERE `usu`.`us_usuario` = \'admin\'
AND `usu`.`us_password` = \'321\'
AND `usu`.`us_estado` = 1')
 4 SYSTEMPATH/Database/BaseBuilder.php(1616): CodeIgniter\Database\BaseConnection->query('SELECT *
FROM `usuarios` `usu`
JOIN `establecimiento` `es` ON `es`.`es_id` = `usu`.`es_id`
JOIN `permisos` `perm` ON `perm`.`perm_id` = `usu`.`perm_id`
WHERE `usu`.`us_usuario` = :usu.us_usuario:
AND `usu`.`us_password` = :usu.us_password:
AND `usu`.`us_estado` = :usu.us_estado:', [...], false)
 5 APPPATH/Models/UsuariosModel.php(43): CodeIgniter\Database\BaseBuilder->get()
 6 APPPATH/Controllers/Usuarios.php(63): App\Models\UsuariosModel->getLogin('admin&321')
 7 SYSTEMPATH/CodeIgniter.php(934): App\Controllers\Usuarios->show('admin&321')
 8 SYSTEMPATH/CodeIgniter.php(499): CodeIgniter\CodeIgniter->runController(Object(App\Controllers\Usuarios))
 9 SYSTEMPATH/CodeIgniter.php(368): CodeIgniter\CodeIgniter->handleRequest(null, Object(Config\Cache), false)
10 FCPATH/index.php(67): CodeIgniter\CodeIgniter->run()
ERROR - 2023-07-03 02:50:42 --> mysqli_sql_exception: Unknown column 'usu.perm_id' in 'on clause' in /home/app/public_html/panaderia/system/Database/MySQLi/Connection.php:295
Stack trace:
#0 /home/app/public_html/panaderia/system/Database/MySQLi/Connection.php(295): mysqli->query('SELECT *\nFROM `...', 0)
#1 /home/app/public_html/panaderia/system/Database/BaseConnection.php(691): CodeIgniter\Database\MySQLi\Connection->execute('SELECT *\nFROM `...')
#2 /home/app/public_html/panaderia/system/Database/BaseConnection.php(605): CodeIgniter\Database\BaseConnection->simpleQuery('SELECT *\nFROM `...')
#3 /home/app/public_html/panaderia/system/Database/BaseBuilder.php(1616): CodeIgniter\Database\BaseConnection->query('SELECT *\nFROM `...', Array, false)
#4 /home/app/public_html/panaderia/app/Models/UsuariosModel.php(43): CodeIgniter\Database\BaseBuilder->get()
#5 /home/app/public_html/panaderia/app/Controllers/Usuarios.php(63): App\Models\UsuariosModel->getLogin('admin&12345')
#6 /home/app/public_html/panaderia/system/CodeIgniter.php(934): App\Controllers\Usuarios->show('admin&12345')
#7 /home/app/public_html/panaderia/system/CodeIgniter.php(499): CodeIgniter\CodeIgniter->runController(Object(App\Controllers\Usuarios))
#8 /home/app/public_html/panaderia/system/CodeIgniter.php(368): CodeIgniter\CodeIgniter->handleRequest(NULL, Object(Config\Cache), false)
#9 /home/app/public_html/panaderia/index.php(67): CodeIgniter\CodeIgniter->run()
#10 {main}
CRITICAL - 2023-07-03 02:50:42 --> Unknown column 'usu.perm_id' in 'on clause'
in SYSTEMPATH/Database/MySQLi/Connection.php on line 295.
 1 SYSTEMPATH/Database/MySQLi/Connection.php(295): mysqli->query('SELECT *
FROM `usuarios` `usu`
JOIN `establecimiento` `es` ON `es`.`es_id` = `usu`.`es_id`
JOIN `permisos` `perm` ON `perm`.`perm_id` = `usu`.`perm_id`
WHERE `usu`.`us_usuario` = \'admin\'
AND `usu`.`us_password` = \'12345\'
AND `usu`.`us_estado` = 1', 0)
 2 SYSTEMPATH/Database/BaseConnection.php(691): CodeIgniter\Database\MySQLi\Connection->execute('SELECT *
FROM `usuarios` `usu`
JOIN `establecimiento` `es` ON `es`.`es_id` = `usu`.`es_id`
JOIN `permisos` `perm` ON `perm`.`perm_id` = `usu`.`perm_id`
WHERE `usu`.`us_usuario` = \'admin\'
AND `usu`.`us_password` = \'12345\'
AND `usu`.`us_estado` = 1')
 3 SYSTEMPATH/Database/BaseConnection.php(605): CodeIgniter\Database\BaseConnection->simpleQuery('SELECT *
FROM `usuarios` `usu`
JOIN `establecimiento` `es` ON `es`.`es_id` = `usu`.`es_id`
JOIN `permisos` `perm` ON `perm`.`perm_id` = `usu`.`perm_id`
WHERE `usu`.`us_usuario` = \'admin\'
AND `usu`.`us_password` = \'12345\'
AND `usu`.`us_estado` = 1')
 4 SYSTEMPATH/Database/BaseBuilder.php(1616): CodeIgniter\Database\BaseConnection->query('SELECT *
FROM `usuarios` `usu`
JOIN `establecimiento` `es` ON `es`.`es_id` = `usu`.`es_id`
JOIN `permisos` `perm` ON `perm`.`perm_id` = `usu`.`perm_id`
WHERE `usu`.`us_usuario` = :usu.us_usuario:
AND `usu`.`us_password` = :usu.us_password:
AND `usu`.`us_estado` = :usu.us_estado:', [...], false)
 5 APPPATH/Models/UsuariosModel.php(43): CodeIgniter\Database\BaseBuilder->get()
 6 APPPATH/Controllers/Usuarios.php(63): App\Models\UsuariosModel->getLogin('admin&12345')
 7 SYSTEMPATH/CodeIgniter.php(934): App\Controllers\Usuarios->show('admin&12345')
 8 SYSTEMPATH/CodeIgniter.php(499): CodeIgniter\CodeIgniter->runController(Object(App\Controllers\Usuarios))
 9 SYSTEMPATH/CodeIgniter.php(368): CodeIgniter\CodeIgniter->handleRequest(null, Object(Config\Cache), false)
10 FCPATH/index.php(67): CodeIgniter\CodeIgniter->run()
ERROR - 2023-07-03 02:50:47 --> mysqli_sql_exception: Unknown column 'usu.perm_id' in 'on clause' in /home/app/public_html/panaderia/system/Database/MySQLi/Connection.php:295
Stack trace:
#0 /home/app/public_html/panaderia/system/Database/MySQLi/Connection.php(295): mysqli->query('SELECT *\nFROM `...', 0)
#1 /home/app/public_html/panaderia/system/Database/BaseConnection.php(691): CodeIgniter\Database\MySQLi\Connection->execute('SELECT *\nFROM `...')
#2 /home/app/public_html/panaderia/system/Database/BaseConnection.php(605): CodeIgniter\Database\BaseConnection->simpleQuery('SELECT *\nFROM `...')
#3 /home/app/public_html/panaderia/system/Database/BaseBuilder.php(1616): CodeIgniter\Database\BaseConnection->query('SELECT *\nFROM `...', Array, false)
#4 /home/app/public_html/panaderia/app/Models/UsuariosModel.php(43): CodeIgniter\Database\BaseBuilder->get()
#5 /home/app/public_html/panaderia/app/Controllers/Usuarios.php(63): App\Models\UsuariosModel->getLogin('yepez&1234')
#6 /home/app/public_html/panaderia/system/CodeIgniter.php(934): App\Controllers\Usuarios->show('yepez&1234')
#7 /home/app/public_html/panaderia/system/CodeIgniter.php(499): CodeIgniter\CodeIgniter->runController(Object(App\Controllers\Usuarios))
#8 /home/app/public_html/panaderia/system/CodeIgniter.php(368): CodeIgniter\CodeIgniter->handleRequest(NULL, Object(Config\Cache), false)
#9 /home/app/public_html/panaderia/index.php(67): CodeIgniter\CodeIgniter->run()
#10 {main}
CRITICAL - 2023-07-03 02:50:47 --> Unknown column 'usu.perm_id' in 'on clause'
in SYSTEMPATH/Database/MySQLi/Connection.php on line 295.
 1 SYSTEMPATH/Database/MySQLi/Connection.php(295): mysqli->query('SELECT *
FROM `usuarios` `usu`
JOIN `establecimiento` `es` ON `es`.`es_id` = `usu`.`es_id`
JOIN `permisos` `perm` ON `perm`.`perm_id` = `usu`.`perm_id`
WHERE `usu`.`us_usuario` = \'yepez\'
AND `usu`.`us_password` = \'1234\'
AND `usu`.`us_estado` = 1', 0)
 2 SYSTEMPATH/Database/BaseConnection.php(691): CodeIgniter\Database\MySQLi\Connection->execute('SELECT *
FROM `usuarios` `usu`
JOIN `establecimiento` `es` ON `es`.`es_id` = `usu`.`es_id`
JOIN `permisos` `perm` ON `perm`.`perm_id` = `usu`.`perm_id`
WHERE `usu`.`us_usuario` = \'yepez\'
AND `usu`.`us_password` = \'1234\'
AND `usu`.`us_estado` = 1')
 3 SYSTEMPATH/Database/BaseConnection.php(605): CodeIgniter\Database\BaseConnection->simpleQuery('SELECT *
FROM `usuarios` `usu`
JOIN `establecimiento` `es` ON `es`.`es_id` = `usu`.`es_id`
JOIN `permisos` `perm` ON `perm`.`perm_id` = `usu`.`perm_id`
WHERE `usu`.`us_usuario` = \'yepez\'
AND `usu`.`us_password` = \'1234\'
AND `usu`.`us_estado` = 1')
 4 SYSTEMPATH/Database/BaseBuilder.php(1616): CodeIgniter\Database\BaseConnection->query('SELECT *
FROM `usuarios` `usu`
JOIN `establecimiento` `es` ON `es`.`es_id` = `usu`.`es_id`
JOIN `permisos` `perm` ON `perm`.`perm_id` = `usu`.`perm_id`
WHERE `usu`.`us_usuario` = :usu.us_usuario:
AND `usu`.`us_password` = :usu.us_password:
AND `usu`.`us_estado` = :usu.us_estado:', [...], false)
 5 APPPATH/Models/UsuariosModel.php(43): CodeIgniter\Database\BaseBuilder->get()
 6 APPPATH/Controllers/Usuarios.php(63): App\Models\UsuariosModel->getLogin('yepez&1234')
 7 SYSTEMPATH/CodeIgniter.php(934): App\Controllers\Usuarios->show('yepez&1234')
 8 SYSTEMPATH/CodeIgniter.php(499): CodeIgniter\CodeIgniter->runController(Object(App\Controllers\Usuarios))
 9 SYSTEMPATH/CodeIgniter.php(368): CodeIgniter\CodeIgniter->handleRequest(null, Object(Config\Cache), false)
10 FCPATH/index.php(67): CodeIgniter\CodeIgniter->run()
ERROR - 2023-07-03 02:50:57 --> mysqli_sql_exception: Unknown column 'usu.perm_id' in 'on clause' in /home/app/public_html/panaderia/system/Database/MySQLi/Connection.php:295
Stack trace:
#0 /home/app/public_html/panaderia/system/Database/MySQLi/Connection.php(295): mysqli->query('SELECT *\nFROM `...', 0)
#1 /home/app/public_html/panaderia/system/Database/BaseConnection.php(691): CodeIgniter\Database\MySQLi\Connection->execute('SELECT *\nFROM `...')
#2 /home/app/public_html/panaderia/system/Database/BaseConnection.php(605): CodeIgniter\Database\BaseConnection->simpleQuery('SELECT *\nFROM `...')
#3 /home/app/public_html/panaderia/system/Database/BaseBuilder.php(1616): CodeIgniter\Database\BaseConnection->query('SELECT *\nFROM `...', Array, false)
#4 /home/app/public_html/panaderia/app/Models/UsuariosModel.php(43): CodeIgniter\Database\BaseBuilder->get()
#5 /home/app/public_html/panaderia/app/Controllers/Usuarios.php(63): App\Models\UsuariosModel->getLogin('divaldo&pepe')
#6 /home/app/public_html/panaderia/system/CodeIgniter.php(934): App\Controllers\Usuarios->show('divaldo&pepe')
#7 /home/app/public_html/panaderia/system/CodeIgniter.php(499): CodeIgniter\CodeIgniter->runController(Object(App\Controllers\Usuarios))
#8 /home/app/public_html/panaderia/system/CodeIgniter.php(368): CodeIgniter\CodeIgniter->handleRequest(NULL, Object(Config\Cache), false)
#9 /home/app/public_html/panaderia/index.php(67): CodeIgniter\CodeIgniter->run()
#10 {main}
CRITICAL - 2023-07-03 02:50:57 --> Unknown column 'usu.perm_id' in 'on clause'
in SYSTEMPATH/Database/MySQLi/Connection.php on line 295.
 1 SYSTEMPATH/Database/MySQLi/Connection.php(295): mysqli->query('SELECT *
FROM `usuarios` `usu`
JOIN `establecimiento` `es` ON `es`.`es_id` = `usu`.`es_id`
JOIN `permisos` `perm` ON `perm`.`perm_id` = `usu`.`perm_id`
WHERE `usu`.`us_usuario` = \'divaldo\'
AND `usu`.`us_password` = \'pepe\'
AND `usu`.`us_estado` = 1', 0)
 2 SYSTEMPATH/Database/BaseConnection.php(691): CodeIgniter\Database\MySQLi\Connection->execute('SELECT *
FROM `usuarios` `usu`
JOIN `establecimiento` `es` ON `es`.`es_id` = `usu`.`es_id`
JOIN `permisos` `perm` ON `perm`.`perm_id` = `usu`.`perm_id`
WHERE `usu`.`us_usuario` = \'divaldo\'
AND `usu`.`us_password` = \'pepe\'
AND `usu`.`us_estado` = 1')
 3 SYSTEMPATH/Database/BaseConnection.php(605): CodeIgniter\Database\BaseConnection->simpleQuery('SELECT *
FROM `usuarios` `usu`
JOIN `establecimiento` `es` ON `es`.`es_id` = `usu`.`es_id`
JOIN `permisos` `perm` ON `perm`.`perm_id` = `usu`.`perm_id`
WHERE `usu`.`us_usuario` = \'divaldo\'
AND `usu`.`us_password` = \'pepe\'
AND `usu`.`us_estado` = 1')
 4 SYSTEMPATH/Database/BaseBuilder.php(1616): CodeIgniter\Database\BaseConnection->query('SELECT *
FROM `usuarios` `usu`
JOIN `establecimiento` `es` ON `es`.`es_id` = `usu`.`es_id`
JOIN `permisos` `perm` ON `perm`.`perm_id` = `usu`.`perm_id`
WHERE `usu`.`us_usuario` = :usu.us_usuario:
AND `usu`.`us_password` = :usu.us_password:
AND `usu`.`us_estado` = :usu.us_estado:', [...], false)
 5 APPPATH/Models/UsuariosModel.php(43): CodeIgniter\Database\BaseBuilder->get()
 6 APPPATH/Controllers/Usuarios.php(63): App\Models\UsuariosModel->getLogin('divaldo&pepe')
 7 SYSTEMPATH/CodeIgniter.php(934): App\Controllers\Usuarios->show('divaldo&pepe')
 8 SYSTEMPATH/CodeIgniter.php(499): CodeIgniter\CodeIgniter->runController(Object(App\Controllers\Usuarios))
 9 SYSTEMPATH/CodeIgniter.php(368): CodeIgniter\CodeIgniter->handleRequest(null, Object(Config\Cache), false)
10 FCPATH/index.php(67): CodeIgniter\CodeIgniter->run()
ERROR - 2023-07-03 02:51:06 --> mysqli_sql_exception: Unknown column 'usu.perm_id' in 'on clause' in /home/app/public_html/panaderia/system/Database/MySQLi/Connection.php:295
Stack trace:
#0 /home/app/public_html/panaderia/system/Database/MySQLi/Connection.php(295): mysqli->query('SELECT *\nFROM `...', 0)
#1 /home/app/public_html/panaderia/system/Database/BaseConnection.php(691): CodeIgniter\Database\MySQLi\Connection->execute('SELECT *\nFROM `...')
#2 /home/app/public_html/panaderia/system/Database/BaseConnection.php(605): CodeIgniter\Database\BaseConnection->simpleQuery('SELECT *\nFROM `...')
#3 /home/app/public_html/panaderia/system/Database/BaseBuilder.php(1616): CodeIgniter\Database\BaseConnection->query('SELECT *\nFROM `...', Array, false)
#4 /home/app/public_html/panaderia/app/Models/UsuariosModel.php(43): CodeIgniter\Database\BaseBuilder->get()
#5 /home/app/public_html/panaderia/app/Controllers/Usuarios.php(63): App\Models\UsuariosModel->getLogin('yepe&123')
#6 /home/app/public_html/panaderia/system/CodeIgniter.php(934): App\Controllers\Usuarios->show('yepe&123')
#7 /home/app/public_html/panaderia/system/CodeIgniter.php(499): CodeIgniter\CodeIgniter->runController(Object(App\Controllers\Usuarios))
#8 /home/app/public_html/panaderia/system/CodeIgniter.php(368): CodeIgniter\CodeIgniter->handleRequest(NULL, Object(Config\Cache), false)
#9 /home/app/public_html/panaderia/index.php(67): CodeIgniter\CodeIgniter->run()
#10 {main}
CRITICAL - 2023-07-03 02:51:06 --> Unknown column 'usu.perm_id' in 'on clause'
in SYSTEMPATH/Database/MySQLi/Connection.php on line 295.
 1 SYSTEMPATH/Database/MySQLi/Connection.php(295): mysqli->query('SELECT *
FROM `usuarios` `usu`
JOIN `establecimiento` `es` ON `es`.`es_id` = `usu`.`es_id`
JOIN `permisos` `perm` ON `perm`.`perm_id` = `usu`.`perm_id`
WHERE `usu`.`us_usuario` = \'yepe\'
AND `usu`.`us_password` = \'123\'
AND `usu`.`us_estado` = 1', 0)
 2 SYSTEMPATH/Database/BaseConnection.php(691): CodeIgniter\Database\MySQLi\Connection->execute('SELECT *
FROM `usuarios` `usu`
JOIN `establecimiento` `es` ON `es`.`es_id` = `usu`.`es_id`
JOIN `permisos` `perm` ON `perm`.`perm_id` = `usu`.`perm_id`
WHERE `usu`.`us_usuario` = \'yepe\'
AND `usu`.`us_password` = \'123\'
AND `usu`.`us_estado` = 1')
 3 SYSTEMPATH/Database/BaseConnection.php(605): CodeIgniter\Database\BaseConnection->simpleQuery('SELECT *
FROM `usuarios` `usu`
JOIN `establecimiento` `es` ON `es`.`es_id` = `usu`.`es_id`
JOIN `permisos` `perm` ON `perm`.`perm_id` = `usu`.`perm_id`
WHERE `usu`.`us_usuario` = \'yepe\'
AND `usu`.`us_password` = \'123\'
AND `usu`.`us_estado` = 1')
 4 SYSTEMPATH/Database/BaseBuilder.php(1616): CodeIgniter\Database\BaseConnection->query('SELECT *
FROM `usuarios` `usu`
JOIN `establecimiento` `es` ON `es`.`es_id` = `usu`.`es_id`
JOIN `permisos` `perm` ON `perm`.`perm_id` = `usu`.`perm_id`
WHERE `usu`.`us_usuario` = :usu.us_usuario:
AND `usu`.`us_password` = :usu.us_password:
AND `usu`.`us_estado` = :usu.us_estado:', [...], false)
 5 APPPATH/Models/UsuariosModel.php(43): CodeIgniter\Database\BaseBuilder->get()
 6 APPPATH/Controllers/Usuarios.php(63): App\Models\UsuariosModel->getLogin('yepe&123')
 7 SYSTEMPATH/CodeIgniter.php(934): App\Controllers\Usuarios->show('yepe&123')
 8 SYSTEMPATH/CodeIgniter.php(499): CodeIgniter\CodeIgniter->runController(Object(App\Controllers\Usuarios))
 9 SYSTEMPATH/CodeIgniter.php(368): CodeIgniter\CodeIgniter->handleRequest(null, Object(Config\Cache), false)
10 FCPATH/index.php(67): CodeIgniter\CodeIgniter->run()
ERROR - 2023-07-03 03:00:02 --> mysqli_sql_exception: Unknown column 'usu.perm_id' in 'on clause' in /home/app/public_html/panaderia/system/Database/MySQLi/Connection.php:295
Stack trace:
#0 /home/app/public_html/panaderia/system/Database/MySQLi/Connection.php(295): mysqli->query('SELECT *\nFROM `...', 0)
#1 /home/app/public_html/panaderia/system/Database/BaseConnection.php(691): CodeIgniter\Database\MySQLi\Connection->execute('SELECT *\nFROM `...')
#2 /home/app/public_html/panaderia/system/Database/BaseConnection.php(605): CodeIgniter\Database\BaseConnection->simpleQuery('SELECT *\nFROM `...')
#3 /home/app/public_html/panaderia/system/Database/BaseBuilder.php(1616): CodeIgniter\Database\BaseConnection->query('SELECT *\nFROM `...', Array, false)
#4 /home/app/public_html/panaderia/app/Models/UsuariosModel.php(43): CodeIgniter\Database\BaseBuilder->get()
#5 /home/app/public_html/panaderia/app/Controllers/Usuarios.php(63): App\Models\UsuariosModel->getLogin('admin&123')
#6 /home/app/public_html/panaderia/system/CodeIgniter.php(934): App\Controllers\Usuarios->show('admin&123')
#7 /home/app/public_html/panaderia/system/CodeIgniter.php(499): CodeIgniter\CodeIgniter->runController(Object(App\Controllers\Usuarios))
#8 /home/app/public_html/panaderia/system/CodeIgniter.php(368): CodeIgniter\CodeIgniter->handleRequest(NULL, Object(Config\Cache), false)
#9 /home/app/public_html/panaderia/index.php(67): CodeIgniter\CodeIgniter->run()
#10 {main}
CRITICAL - 2023-07-03 03:00:02 --> Unknown column 'usu.perm_id' in 'on clause'
in SYSTEMPATH/Database/MySQLi/Connection.php on line 295.
 1 SYSTEMPATH/Database/MySQLi/Connection.php(295): mysqli->query('SELECT *
FROM `usuarios` `usu`
JOIN `establecimiento` `es` ON `es`.`es_id` = `usu`.`es_id`
JOIN `permisos` `perm` ON `perm`.`perm_id` = `usu`.`perm_id`
WHERE `usu`.`us_usuario` = \'admin\'
AND `usu`.`us_password` = \'123\'
AND `usu`.`us_estado` = 1', 0)
 2 SYSTEMPATH/Database/BaseConnection.php(691): CodeIgniter\Database\MySQLi\Connection->execute('SELECT *
FROM `usuarios` `usu`
JOIN `establecimiento` `es` ON `es`.`es_id` = `usu`.`es_id`
JOIN `permisos` `perm` ON `perm`.`perm_id` = `usu`.`perm_id`
WHERE `usu`.`us_usuario` = \'admin\'
AND `usu`.`us_password` = \'123\'
AND `usu`.`us_estado` = 1')
 3 SYSTEMPATH/Database/BaseConnection.php(605): CodeIgniter\Database\BaseConnection->simpleQuery('SELECT *
FROM `usuarios` `usu`
JOIN `establecimiento` `es` ON `es`.`es_id` = `usu`.`es_id`
JOIN `permisos` `perm` ON `perm`.`perm_id` = `usu`.`perm_id`
WHERE `usu`.`us_usuario` = \'admin\'
AND `usu`.`us_password` = \'123\'
AND `usu`.`us_estado` = 1')
 4 SYSTEMPATH/Database/BaseBuilder.php(1616): CodeIgniter\Database\BaseConnection->query('SELECT *
FROM `usuarios` `usu`
JOIN `establecimiento` `es` ON `es`.`es_id` = `usu`.`es_id`
JOIN `permisos` `perm` ON `perm`.`perm_id` = `usu`.`perm_id`
WHERE `usu`.`us_usuario` = :usu.us_usuario:
AND `usu`.`us_password` = :usu.us_password:
AND `usu`.`us_estado` = :usu.us_estado:', [...], false)
 5 APPPATH/Models/UsuariosModel.php(43): CodeIgniter\Database\BaseBuilder->get()
 6 APPPATH/Controllers/Usuarios.php(63): App\Models\UsuariosModel->getLogin('admin&123')
 7 SYSTEMPATH/CodeIgniter.php(934): App\Controllers\Usuarios->show('admin&123')
 8 SYSTEMPATH/CodeIgniter.php(499): CodeIgniter\CodeIgniter->runController(Object(App\Controllers\Usuarios))
 9 SYSTEMPATH/CodeIgniter.php(368): CodeIgniter\CodeIgniter->handleRequest(null, Object(Config\Cache), false)
10 FCPATH/index.php(67): CodeIgniter\CodeIgniter->run()
ERROR - 2023-07-03 03:00:08 --> mysqli_sql_exception: Unknown column 'usu.perm_id' in 'on clause' in /home/app/public_html/panaderia/system/Database/MySQLi/Connection.php:295
Stack trace:
#0 /home/app/public_html/panaderia/system/Database/MySQLi/Connection.php(295): mysqli->query('SELECT *\nFROM `...', 0)
#1 /home/app/public_html/panaderia/system/Database/BaseConnection.php(691): CodeIgniter\Database\MySQLi\Connection->execute('SELECT *\nFROM `...')
#2 /home/app/public_html/panaderia/system/Database/BaseConnection.php(605): CodeIgniter\Database\BaseConnection->simpleQuery('SELECT *\nFROM `...')
#3 /home/app/public_html/panaderia/system/Database/BaseBuilder.php(1616): CodeIgniter\Database\BaseConnection->query('SELECT *\nFROM `...', Array, false)
#4 /home/app/public_html/panaderia/app/Models/UsuariosModel.php(43): CodeIgniter\Database\BaseBuilder->get()
#5 /home/app/public_html/panaderia/app/Controllers/Usuarios.php(63): App\Models\UsuariosModel->getLogin('admin&123')
#6 /home/app/public_html/panaderia/system/CodeIgniter.php(934): App\Controllers\Usuarios->show('admin&123')
#7 /home/app/public_html/panaderia/system/CodeIgniter.php(499): CodeIgniter\CodeIgniter->runController(Object(App\Controllers\Usuarios))
#8 /home/app/public_html/panaderia/system/CodeIgniter.php(368): CodeIgniter\CodeIgniter->handleRequest(NULL, Object(Config\Cache), false)
#9 /home/app/public_html/panaderia/index.php(67): CodeIgniter\CodeIgniter->run()
#10 {main}
CRITICAL - 2023-07-03 03:00:08 --> Unknown column 'usu.perm_id' in 'on clause'
in SYSTEMPATH/Database/MySQLi/Connection.php on line 295.
 1 SYSTEMPATH/Database/MySQLi/Connection.php(295): mysqli->query('SELECT *
FROM `usuarios` `usu`
JOIN `establecimiento` `es` ON `es`.`es_id` = `usu`.`es_id`
JOIN `permisos` `perm` ON `perm`.`perm_id` = `usu`.`perm_id`
WHERE `usu`.`us_usuario` = \'admin\'
AND `usu`.`us_password` = \'123\'
AND `usu`.`us_estado` = 1', 0)
 2 SYSTEMPATH/Database/BaseConnection.php(691): CodeIgniter\Database\MySQLi\Connection->execute('SELECT *
FROM `usuarios` `usu`
JOIN `establecimiento` `es` ON `es`.`es_id` = `usu`.`es_id`
JOIN `permisos` `perm` ON `perm`.`perm_id` = `usu`.`perm_id`
WHERE `usu`.`us_usuario` = \'admin\'
AND `usu`.`us_password` = \'123\'
AND `usu`.`us_estado` = 1')
 3 SYSTEMPATH/Database/BaseConnection.php(605): CodeIgniter\Database\BaseConnection->simpleQuery('SELECT *
FROM `usuarios` `usu`
JOIN `establecimiento` `es` ON `es`.`es_id` = `usu`.`es_id`
JOIN `permisos` `perm` ON `perm`.`perm_id` = `usu`.`perm_id`
WHERE `usu`.`us_usuario` = \'admin\'
AND `usu`.`us_password` = \'123\'
AND `usu`.`us_estado` = 1')
 4 SYSTEMPATH/Database/BaseBuilder.php(1616): CodeIgniter\Database\BaseConnection->query('SELECT *
FROM `usuarios` `usu`
JOIN `establecimiento` `es` ON `es`.`es_id` = `usu`.`es_id`
JOIN `permisos` `perm` ON `perm`.`perm_id` = `usu`.`perm_id`
WHERE `usu`.`us_usuario` = :usu.us_usuario:
AND `usu`.`us_password` = :usu.us_password:
AND `usu`.`us_estado` = :usu.us_estado:', [...], false)
 5 APPPATH/Models/UsuariosModel.php(43): CodeIgniter\Database\BaseBuilder->get()
 6 APPPATH/Controllers/Usuarios.php(63): App\Models\UsuariosModel->getLogin('admin&123')
 7 SYSTEMPATH/CodeIgniter.php(934): App\Controllers\Usuarios->show('admin&123')
 8 SYSTEMPATH/CodeIgniter.php(499): CodeIgniter\CodeIgniter->runController(Object(App\Controllers\Usuarios))
 9 SYSTEMPATH/CodeIgniter.php(368): CodeIgniter\CodeIgniter->handleRequest(null, Object(Config\Cache), false)
10 FCPATH/index.php(67): CodeIgniter\CodeIgniter->run()
ERROR - 2023-07-03 03:00:12 --> mysqli_sql_exception: Unknown column 'usu.perm_id' in 'on clause' in /home/app/public_html/panaderia/system/Database/MySQLi/Connection.php:295
Stack trace:
#0 /home/app/public_html/panaderia/system/Database/MySQLi/Connection.php(295): mysqli->query('SELECT *\nFROM `...', 0)
#1 /home/app/public_html/panaderia/system/Database/BaseConnection.php(691): CodeIgniter\Database\MySQLi\Connection->execute('SELECT *\nFROM `...')
#2 /home/app/public_html/panaderia/system/Database/BaseConnection.php(605): CodeIgniter\Database\BaseConnection->simpleQuery('SELECT *\nFROM `...')
#3 /home/app/public_html/panaderia/system/Database/BaseBuilder.php(1616): CodeIgniter\Database\BaseConnection->query('SELECT *\nFROM `...', Array, false)
#4 /home/app/public_html/panaderia/app/Models/UsuariosModel.php(43): CodeIgniter\Database\BaseBuilder->get()
#5 /home/app/public_html/panaderia/app/Controllers/Usuarios.php(63): App\Models\UsuariosModel->getLogin('admin&123')
#6 /home/app/public_html/panaderia/system/CodeIgniter.php(934): App\Controllers\Usuarios->show('admin&123')
#7 /home/app/public_html/panaderia/system/CodeIgniter.php(499): CodeIgniter\CodeIgniter->runController(Object(App\Controllers\Usuarios))
#8 /home/app/public_html/panaderia/system/CodeIgniter.php(368): CodeIgniter\CodeIgniter->handleRequest(NULL, Object(Config\Cache), false)
#9 /home/app/public_html/panaderia/index.php(67): CodeIgniter\CodeIgniter->run()
#10 {main}
CRITICAL - 2023-07-03 03:00:12 --> Unknown column 'usu.perm_id' in 'on clause'
in SYSTEMPATH/Database/MySQLi/Connection.php on line 295.
 1 SYSTEMPATH/Database/MySQLi/Connection.php(295): mysqli->query('SELECT *
FROM `usuarios` `usu`
JOIN `establecimiento` `es` ON `es`.`es_id` = `usu`.`es_id`
JOIN `permisos` `perm` ON `perm`.`perm_id` = `usu`.`perm_id`
WHERE `usu`.`us_usuario` = \'admin\'
AND `usu`.`us_password` = \'123\'
AND `usu`.`us_estado` = 1', 0)
 2 SYSTEMPATH/Database/BaseConnection.php(691): CodeIgniter\Database\MySQLi\Connection->execute('SELECT *
FROM `usuarios` `usu`
JOIN `establecimiento` `es` ON `es`.`es_id` = `usu`.`es_id`
JOIN `permisos` `perm` ON `perm`.`perm_id` = `usu`.`perm_id`
WHERE `usu`.`us_usuario` = \'admin\'
AND `usu`.`us_password` = \'123\'
AND `usu`.`us_estado` = 1')
 3 SYSTEMPATH/Database/BaseConnection.php(605): CodeIgniter\Database\BaseConnection->simpleQuery('SELECT *
FROM `usuarios` `usu`
JOIN `establecimiento` `es` ON `es`.`es_id` = `usu`.`es_id`
JOIN `permisos` `perm` ON `perm`.`perm_id` = `usu`.`perm_id`
WHERE `usu`.`us_usuario` = \'admin\'
AND `usu`.`us_password` = \'123\'
AND `usu`.`us_estado` = 1')
 4 SYSTEMPATH/Database/BaseBuilder.php(1616): CodeIgniter\Database\BaseConnection->query('SELECT *
FROM `usuarios` `usu`
JOIN `establecimiento` `es` ON `es`.`es_id` = `usu`.`es_id`
JOIN `permisos` `perm` ON `perm`.`perm_id` = `usu`.`perm_id`
WHERE `usu`.`us_usuario` = :usu.us_usuario:
AND `usu`.`us_password` = :usu.us_password:
AND `usu`.`us_estado` = :usu.us_estado:', [...], false)
 5 APPPATH/Models/UsuariosModel.php(43): CodeIgniter\Database\BaseBuilder->get()
 6 APPPATH/Controllers/Usuarios.php(63): App\Models\UsuariosModel->getLogin('admin&123')
 7 SYSTEMPATH/CodeIgniter.php(934): App\Controllers\Usuarios->show('admin&123')
 8 SYSTEMPATH/CodeIgniter.php(499): CodeIgniter\CodeIgniter->runController(Object(App\Controllers\Usuarios))
 9 SYSTEMPATH/CodeIgniter.php(368): CodeIgniter\CodeIgniter->handleRequest(null, Object(Config\Cache), false)
10 FCPATH/index.php(67): CodeIgniter\CodeIgniter->run()
ERROR - 2023-07-03 03:00:26 --> mysqli_sql_exception: Unknown column 'usu.perm_id' in 'on clause' in /home/app/public_html/panaderia/system/Database/MySQLi/Connection.php:295
Stack trace:
#0 /home/app/public_html/panaderia/system/Database/MySQLi/Connection.php(295): mysqli->query('SELECT *\nFROM `...', 0)
#1 /home/app/public_html/panaderia/system/Database/BaseConnection.php(691): CodeIgniter\Database\MySQLi\Connection->execute('SELECT *\nFROM `...')
#2 /home/app/public_html/panaderia/system/Database/BaseConnection.php(605): CodeIgniter\Database\BaseConnection->simpleQuery('SELECT *\nFROM `...')
#3 /home/app/public_html/panaderia/system/Database/BaseBuilder.php(1616): CodeIgniter\Database\BaseConnection->query('SELECT *\nFROM `...', Array, false)
#4 /home/app/public_html/panaderia/app/Models/UsuariosModel.php(43): CodeIgniter\Database\BaseBuilder->get()
#5 /home/app/public_html/panaderia/app/Controllers/Usuarios.php(63): App\Models\UsuariosModel->getLogin('admin&123')
#6 /home/app/public_html/panaderia/system/CodeIgniter.php(934): App\Controllers\Usuarios->show('admin&123')
#7 /home/app/public_html/panaderia/system/CodeIgniter.php(499): CodeIgniter\CodeIgniter->runController(Object(App\Controllers\Usuarios))
#8 /home/app/public_html/panaderia/system/CodeIgniter.php(368): CodeIgniter\CodeIgniter->handleRequest(NULL, Object(Config\Cache), false)
#9 /home/app/public_html/panaderia/index.php(67): CodeIgniter\CodeIgniter->run()
#10 {main}
CRITICAL - 2023-07-03 03:00:26 --> Unknown column 'usu.perm_id' in 'on clause'
in SYSTEMPATH/Database/MySQLi/Connection.php on line 295.
 1 SYSTEMPATH/Database/MySQLi/Connection.php(295): mysqli->query('SELECT *
FROM `usuarios` `usu`
JOIN `establecimiento` `es` ON `es`.`es_id` = `usu`.`es_id`
JOIN `permisos` `perm` ON `perm`.`perm_id` = `usu`.`perm_id`
WHERE `usu`.`us_usuario` = \'admin\'
AND `usu`.`us_password` = \'123\'
AND `usu`.`us_estado` = 1', 0)
 2 SYSTEMPATH/Database/BaseConnection.php(691): CodeIgniter\Database\MySQLi\Connection->execute('SELECT *
FROM `usuarios` `usu`
JOIN `establecimiento` `es` ON `es`.`es_id` = `usu`.`es_id`
JOIN `permisos` `perm` ON `perm`.`perm_id` = `usu`.`perm_id`
WHERE `usu`.`us_usuario` = \'admin\'
AND `usu`.`us_password` = \'123\'
AND `usu`.`us_estado` = 1')
 3 SYSTEMPATH/Database/BaseConnection.php(605): CodeIgniter\Database\BaseConnection->simpleQuery('SELECT *
FROM `usuarios` `usu`
JOIN `establecimiento` `es` ON `es`.`es_id` = `usu`.`es_id`
JOIN `permisos` `perm` ON `perm`.`perm_id` = `usu`.`perm_id`
WHERE `usu`.`us_usuario` = \'admin\'
AND `usu`.`us_password` = \'123\'
AND `usu`.`us_estado` = 1')
 4 SYSTEMPATH/Database/BaseBuilder.php(1616): CodeIgniter\Database\BaseConnection->query('SELECT *
FROM `usuarios` `usu`
JOIN `establecimiento` `es` ON `es`.`es_id` = `usu`.`es_id`
JOIN `permisos` `perm` ON `perm`.`perm_id` = `usu`.`perm_id`
WHERE `usu`.`us_usuario` = :usu.us_usuario:
AND `usu`.`us_password` = :usu.us_password:
AND `usu`.`us_estado` = :usu.us_estado:', [...], false)
 5 APPPATH/Models/UsuariosModel.php(43): CodeIgniter\Database\BaseBuilder->get()
 6 APPPATH/Controllers/Usuarios.php(63): App\Models\UsuariosModel->getLogin('admin&123')
 7 SYSTEMPATH/CodeIgniter.php(934): App\Controllers\Usuarios->show('admin&123')
 8 SYSTEMPATH/CodeIgniter.php(499): CodeIgniter\CodeIgniter->runController(Object(App\Controllers\Usuarios))
 9 SYSTEMPATH/CodeIgniter.php(368): CodeIgniter\CodeIgniter->handleRequest(null, Object(Config\Cache), false)
10 FCPATH/index.php(67): CodeIgniter\CodeIgniter->run()
ERROR - 2023-07-03 03:00:31 --> mysqli_sql_exception: Unknown column 'usu.perm_id' in 'on clause' in /home/app/public_html/panaderia/system/Database/MySQLi/Connection.php:295
Stack trace:
#0 /home/app/public_html/panaderia/system/Database/MySQLi/Connection.php(295): mysqli->query('SELECT *\nFROM `...', 0)
#1 /home/app/public_html/panaderia/system/Database/BaseConnection.php(691): CodeIgniter\Database\MySQLi\Connection->execute('SELECT *\nFROM `...')
#2 /home/app/public_html/panaderia/system/Database/BaseConnection.php(605): CodeIgniter\Database\BaseConnection->simpleQuery('SELECT *\nFROM `...')
#3 /home/app/public_html/panaderia/system/Database/BaseBuilder.php(1616): CodeIgniter\Database\BaseConnection->query('SELECT *\nFROM `...', Array, false)
#4 /home/app/public_html/panaderia/app/Models/UsuariosModel.php(43): CodeIgniter\Database\BaseBuilder->get()
#5 /home/app/public_html/panaderia/app/Controllers/Usuarios.php(63): App\Models\UsuariosModel->getLogin('admin&123')
#6 /home/app/public_html/panaderia/system/CodeIgniter.php(934): App\Controllers\Usuarios->show('admin&123')
#7 /home/app/public_html/panaderia/system/CodeIgniter.php(499): CodeIgniter\CodeIgniter->runController(Object(App\Controllers\Usuarios))
#8 /home/app/public_html/panaderia/system/CodeIgniter.php(368): CodeIgniter\CodeIgniter->handleRequest(NULL, Object(Config\Cache), false)
#9 /home/app/public_html/panaderia/index.php(67): CodeIgniter\CodeIgniter->run()
#10 {main}
CRITICAL - 2023-07-03 03:00:31 --> Unknown column 'usu.perm_id' in 'on clause'
in SYSTEMPATH/Database/MySQLi/Connection.php on line 295.
 1 SYSTEMPATH/Database/MySQLi/Connection.php(295): mysqli->query('SELECT *
FROM `usuarios` `usu`
JOIN `establecimiento` `es` ON `es`.`es_id` = `usu`.`es_id`
JOIN `permisos` `perm` ON `perm`.`perm_id` = `usu`.`perm_id`
WHERE `usu`.`us_usuario` = \'admin\'
AND `usu`.`us_password` = \'123\'
AND `usu`.`us_estado` = 1', 0)
 2 SYSTEMPATH/Database/BaseConnection.php(691): CodeIgniter\Database\MySQLi\Connection->execute('SELECT *
FROM `usuarios` `usu`
JOIN `establecimiento` `es` ON `es`.`es_id` = `usu`.`es_id`
JOIN `permisos` `perm` ON `perm`.`perm_id` = `usu`.`perm_id`
WHERE `usu`.`us_usuario` = \'admin\'
AND `usu`.`us_password` = \'123\'
AND `usu`.`us_estado` = 1')
 3 SYSTEMPATH/Database/BaseConnection.php(605): CodeIgniter\Database\BaseConnection->simpleQuery('SELECT *
FROM `usuarios` `usu`
JOIN `establecimiento` `es` ON `es`.`es_id` = `usu`.`es_id`
JOIN `permisos` `perm` ON `perm`.`perm_id` = `usu`.`perm_id`
WHERE `usu`.`us_usuario` = \'admin\'
AND `usu`.`us_password` = \'123\'
AND `usu`.`us_estado` = 1')
 4 SYSTEMPATH/Database/BaseBuilder.php(1616): CodeIgniter\Database\BaseConnection->query('SELECT *
FROM `usuarios` `usu`
JOIN `establecimiento` `es` ON `es`.`es_id` = `usu`.`es_id`
JOIN `permisos` `perm` ON `perm`.`perm_id` = `usu`.`perm_id`
WHERE `usu`.`us_usuario` = :usu.us_usuario:
AND `usu`.`us_password` = :usu.us_password:
AND `usu`.`us_estado` = :usu.us_estado:', [...], false)
 5 APPPATH/Models/UsuariosModel.php(43): CodeIgniter\Database\BaseBuilder->get()
 6 APPPATH/Controllers/Usuarios.php(63): App\Models\UsuariosModel->getLogin('admin&123')
 7 SYSTEMPATH/CodeIgniter.php(934): App\Controllers\Usuarios->show('admin&123')
 8 SYSTEMPATH/CodeIgniter.php(499): CodeIgniter\CodeIgniter->runController(Object(App\Controllers\Usuarios))
 9 SYSTEMPATH/CodeIgniter.php(368): CodeIgniter\CodeIgniter->handleRequest(null, Object(Config\Cache), false)
10 FCPATH/index.php(67): CodeIgniter\CodeIgniter->run()
ERROR - 2023-07-03 03:00:49 --> mysqli_sql_exception: Unknown column 'usu.perm_id' in 'on clause' in /home/app/public_html/panaderia/system/Database/MySQLi/Connection.php:295
Stack trace:
#0 /home/app/public_html/panaderia/system/Database/MySQLi/Connection.php(295): mysqli->query('SELECT *\nFROM `...', 0)
#1 /home/app/public_html/panaderia/system/Database/BaseConnection.php(691): CodeIgniter\Database\MySQLi\Connection->execute('SELECT *\nFROM `...')
#2 /home/app/public_html/panaderia/system/Database/BaseConnection.php(605): CodeIgniter\Database\BaseConnection->simpleQuery('SELECT *\nFROM `...')
#3 /home/app/public_html/panaderia/system/Database/BaseBuilder.php(1616): CodeIgniter\Database\BaseConnection->query('SELECT *\nFROM `...', Array, false)
#4 /home/app/public_html/panaderia/app/Models/UsuariosModel.php(43): CodeIgniter\Database\BaseBuilder->get()
#5 /home/app/public_html/panaderia/app/Controllers/Usuarios.php(63): App\Models\UsuariosModel->getLogin('adin&123')
#6 /home/app/public_html/panaderia/system/CodeIgniter.php(934): App\Controllers\Usuarios->show('adin&123')
#7 /home/app/public_html/panaderia/system/CodeIgniter.php(499): CodeIgniter\CodeIgniter->runController(Object(App\Controllers\Usuarios))
#8 /home/app/public_html/panaderia/system/CodeIgniter.php(368): CodeIgniter\CodeIgniter->handleRequest(NULL, Object(Config\Cache), false)
#9 /home/app/public_html/panaderia/index.php(67): CodeIgniter\CodeIgniter->run()
#10 {main}
CRITICAL - 2023-07-03 03:00:49 --> Unknown column 'usu.perm_id' in 'on clause'
in SYSTEMPATH/Database/MySQLi/Connection.php on line 295.
 1 SYSTEMPATH/Database/MySQLi/Connection.php(295): mysqli->query('SELECT *
FROM `usuarios` `usu`
JOIN `establecimiento` `es` ON `es`.`es_id` = `usu`.`es_id`
JOIN `permisos` `perm` ON `perm`.`perm_id` = `usu`.`perm_id`
WHERE `usu`.`us_usuario` = \'adin\'
AND `usu`.`us_password` = \'123\'
AND `usu`.`us_estado` = 1', 0)
 2 SYSTEMPATH/Database/BaseConnection.php(691): CodeIgniter\Database\MySQLi\Connection->execute('SELECT *
FROM `usuarios` `usu`
JOIN `establecimiento` `es` ON `es`.`es_id` = `usu`.`es_id`
JOIN `permisos` `perm` ON `perm`.`perm_id` = `usu`.`perm_id`
WHERE `usu`.`us_usuario` = \'adin\'
AND `usu`.`us_password` = \'123\'
AND `usu`.`us_estado` = 1')
 3 SYSTEMPATH/Database/BaseConnection.php(605): CodeIgniter\Database\BaseConnection->simpleQuery('SELECT *
FROM `usuarios` `usu`
JOIN `establecimiento` `es` ON `es`.`es_id` = `usu`.`es_id`
JOIN `permisos` `perm` ON `perm`.`perm_id` = `usu`.`perm_id`
WHERE `usu`.`us_usuario` = \'adin\'
AND `usu`.`us_password` = \'123\'
AND `usu`.`us_estado` = 1')
 4 SYSTEMPATH/Database/BaseBuilder.php(1616): CodeIgniter\Database\BaseConnection->query('SELECT *
FROM `usuarios` `usu`
JOIN `establecimiento` `es` ON `es`.`es_id` = `usu`.`es_id`
JOIN `permisos` `perm` ON `perm`.`perm_id` = `usu`.`perm_id`
WHERE `usu`.`us_usuario` = :usu.us_usuario:
AND `usu`.`us_password` = :usu.us_password:
AND `usu`.`us_estado` = :usu.us_estado:', [...], false)
 5 APPPATH/Models/UsuariosModel.php(43): CodeIgniter\Database\BaseBuilder->get()
 6 APPPATH/Controllers/Usuarios.php(63): App\Models\UsuariosModel->getLogin('adin&123')
 7 SYSTEMPATH/CodeIgniter.php(934): App\Controllers\Usuarios->show('adin&123')
 8 SYSTEMPATH/CodeIgniter.php(499): CodeIgniter\CodeIgniter->runController(Object(App\Controllers\Usuarios))
 9 SYSTEMPATH/CodeIgniter.php(368): CodeIgniter\CodeIgniter->handleRequest(null, Object(Config\Cache), false)
10 FCPATH/index.php(67): CodeIgniter\CodeIgniter->run()
ERROR - 2023-07-03 03:00:53 --> mysqli_sql_exception: Unknown column 'usu.perm_id' in 'on clause' in /home/app/public_html/panaderia/system/Database/MySQLi/Connection.php:295
Stack trace:
#0 /home/app/public_html/panaderia/system/Database/MySQLi/Connection.php(295): mysqli->query('SELECT *\nFROM `...', 0)
#1 /home/app/public_html/panaderia/system/Database/BaseConnection.php(691): CodeIgniter\Database\MySQLi\Connection->execute('SELECT *\nFROM `...')
#2 /home/app/public_html/panaderia/system/Database/BaseConnection.php(605): CodeIgniter\Database\BaseConnection->simpleQuery('SELECT *\nFROM `...')
#3 /home/app/public_html/panaderia/system/Database/BaseBuilder.php(1616): CodeIgniter\Database\BaseConnection->query('SELECT *\nFROM `...', Array, false)
#4 /home/app/public_html/panaderia/app/Models/UsuariosModel.php(43): CodeIgniter\Database\BaseBuilder->get()
#5 /home/app/public_html/panaderia/app/Controllers/Usuarios.php(63): App\Models\UsuariosModel->getLogin('admin&123')
#6 /home/app/public_html/panaderia/system/CodeIgniter.php(934): App\Controllers\Usuarios->show('admin&123')
#7 /home/app/public_html/panaderia/system/CodeIgniter.php(499): CodeIgniter\CodeIgniter->runController(Object(App\Controllers\Usuarios))
#8 /home/app/public_html/panaderia/system/CodeIgniter.php(368): CodeIgniter\CodeIgniter->handleRequest(NULL, Object(Config\Cache), false)
#9 /home/app/public_html/panaderia/index.php(67): CodeIgniter\CodeIgniter->run()
#10 {main}
CRITICAL - 2023-07-03 03:00:53 --> Unknown column 'usu.perm_id' in 'on clause'
in SYSTEMPATH/Database/MySQLi/Connection.php on line 295.
 1 SYSTEMPATH/Database/MySQLi/Connection.php(295): mysqli->query('SELECT *
FROM `usuarios` `usu`
JOIN `establecimiento` `es` ON `es`.`es_id` = `usu`.`es_id`
JOIN `permisos` `perm` ON `perm`.`perm_id` = `usu`.`perm_id`
WHERE `usu`.`us_usuario` = \'admin\'
AND `usu`.`us_password` = \'123\'
AND `usu`.`us_estado` = 1', 0)
 2 SYSTEMPATH/Database/BaseConnection.php(691): CodeIgniter\Database\MySQLi\Connection->execute('SELECT *
FROM `usuarios` `usu`
JOIN `establecimiento` `es` ON `es`.`es_id` = `usu`.`es_id`
JOIN `permisos` `perm` ON `perm`.`perm_id` = `usu`.`perm_id`
WHERE `usu`.`us_usuario` = \'admin\'
AND `usu`.`us_password` = \'123\'
AND `usu`.`us_estado` = 1')
 3 SYSTEMPATH/Database/BaseConnection.php(605): CodeIgniter\Database\BaseConnection->simpleQuery('SELECT *
FROM `usuarios` `usu`
JOIN `establecimiento` `es` ON `es`.`es_id` = `usu`.`es_id`
JOIN `permisos` `perm` ON `perm`.`perm_id` = `usu`.`perm_id`
WHERE `usu`.`us_usuario` = \'admin\'
AND `usu`.`us_password` = \'123\'
AND `usu`.`us_estado` = 1')
 4 SYSTEMPATH/Database/BaseBuilder.php(1616): CodeIgniter\Database\BaseConnection->query('SELECT *
FROM `usuarios` `usu`
JOIN `establecimiento` `es` ON `es`.`es_id` = `usu`.`es_id`
JOIN `permisos` `perm` ON `perm`.`perm_id` = `usu`.`perm_id`
WHERE `usu`.`us_usuario` = :usu.us_usuario:
AND `usu`.`us_password` = :usu.us_password:
AND `usu`.`us_estado` = :usu.us_estado:', [...], false)
 5 APPPATH/Models/UsuariosModel.php(43): CodeIgniter\Database\BaseBuilder->get()
 6 APPPATH/Controllers/Usuarios.php(63): App\Models\UsuariosModel->getLogin('admin&123')
 7 SYSTEMPATH/CodeIgniter.php(934): App\Controllers\Usuarios->show('admin&123')
 8 SYSTEMPATH/CodeIgniter.php(499): CodeIgniter\CodeIgniter->runController(Object(App\Controllers\Usuarios))
 9 SYSTEMPATH/CodeIgniter.php(368): CodeIgniter\CodeIgniter->handleRequest(null, Object(Config\Cache), false)
10 FCPATH/index.php(67): CodeIgniter\CodeIgniter->run()
