ERROR - 2023-06-20 17:00:55 --> mysqli_sql_exception: Cannot add or update a child row: a foreign key constraint fails (`app_panaderia`.`pedidos_ventas`, CONSTRAINT `pedidos_ventas_ibfk_1` FOREIGN KEY (`pe_id`) REFERENCES `pedidos` (`pe_id`) ON UPDATE CASCADE) in /home/app/public_html/panaderia/system/Database/MySQLi/Connection.php:295
Stack trace:
#0 /home/app/public_html/panaderia/system/Database/MySQLi/Connection.php(295): mysqli->query('INSERT INTO `pe...', 0)
#1 /home/app/public_html/panaderia/system/Database/BaseConnection.php(691): CodeIgniter\Database\MySQLi\Connection->execute('INSERT INTO `pe...')
#2 /home/app/public_html/panaderia/system/Database/BaseConnection.php(605): CodeIgniter\Database\BaseConnection->simpleQuery('INSERT INTO `pe...')
#3 /home/app/public_html/panaderia/system/Database/BaseBuilder.php(2309): CodeIgniter\Database\BaseConnection->query('INSERT INTO `pe...', Array, false)
#4 /home/app/public_html/panaderia/system/Model.php(330): CodeIgniter\Database\BaseBuilder->insert()
#5 /home/app/public_html/panaderia/system/BaseModel.php(782): CodeIgniter\Model->doInsert(Array)
#6 /home/app/public_html/panaderia/system/Model.php(730): CodeIgniter\BaseModel->insert(Array, true)
#7 /home/app/public_html/panaderia/app/Controllers/PedidosVentas.php(131): CodeIgniter\Model->insert(Array)
#8 /home/app/public_html/panaderia/system/CodeIgniter.php(934): App\Controllers\PedidosVentas->create()
#9 /home/app/public_html/panaderia/system/CodeIgniter.php(499): CodeIgniter\CodeIgniter->runController(Object(App\Controllers\PedidosVentas))
#10 /home/app/public_html/panaderia/system/CodeIgniter.php(368): CodeIgniter\CodeIgniter->handleRequest(NULL, Object(Config\Cache), false)
#11 /home/app/public_html/panaderia/index.php(67): CodeIgniter\CodeIgniter->run()
#12 {main}
CRITICAL - 2023-06-20 17:00:55 --> Cannot add or update a child row: a foreign key constraint fails (`app_panaderia`.`pedidos_ventas`, CONSTRAINT `pedidos_ventas_ibfk_1` FOREIGN KEY (`pe_id`) REFERENCES `pedidos` (`pe_id`) ON UPDATE CASCADE)
in SYSTEMPATH/Database/MySQLi/Connection.php on line 295.
 1 SYSTEMPATH/Database/MySQLi/Connection.php(295): mysqli->query('INSERT INTO `pedidos_ventas` (`ve_id`, `pe_id`, `tp_id`, `pev_precioUnitario`, `pev_subtotal`) VALUES (\'9\', \'8\', \'7\', \'900\', \'800\')', 0)
 2 SYSTEMPATH/Database/BaseConnection.php(691): CodeIgniter\Database\MySQLi\Connection->execute('INSERT INTO `pedidos_ventas` (`ve_id`, `pe_id`, `tp_id`, `pev_precioUnitario`, `pev_subtotal`) VALUES (\'9\', \'8\', \'7\', \'900\', \'800\')')
 3 SYSTEMPATH/Database/BaseConnection.php(605): CodeIgniter\Database\BaseConnection->simpleQuery('INSERT INTO `pedidos_ventas` (`ve_id`, `pe_id`, `tp_id`, `pev_precioUnitario`, `pev_subtotal`) VALUES (\'9\', \'8\', \'7\', \'900\', \'800\')')
 4 SYSTEMPATH/Database/BaseBuilder.php(2309): CodeIgniter\Database\BaseConnection->query('INSERT INTO `pedidos_ventas` (`ve_id`, `pe_id`, `tp_id`, `pev_precioUnitario`, `pev_subtotal`) VALUES (:ve_id:, :pe_id:, :tp_id:, :pev_precioUnitario:, :pev_subtotal:)', [...], false)
 5 SYSTEMPATH/Model.php(330): CodeIgniter\Database\BaseBuilder->insert()
 6 SYSTEMPATH/BaseModel.php(782): CodeIgniter\Model->doInsert([...])
 7 SYSTEMPATH/Model.php(730): CodeIgniter\BaseModel->insert([...], true)
 8 APPPATH/Controllers/PedidosVentas.php(131): CodeIgniter\Model->insert([...])
 9 SYSTEMPATH/CodeIgniter.php(934): App\Controllers\PedidosVentas->create()
10 SYSTEMPATH/CodeIgniter.php(499): CodeIgniter\CodeIgniter->runController(Object(App\Controllers\PedidosVentas))
11 SYSTEMPATH/CodeIgniter.php(368): CodeIgniter\CodeIgniter->handleRequest(null, Object(Config\Cache), false)
12 FCPATH/index.php(67): CodeIgniter\CodeIgniter->run()
ERROR - 2023-06-20 17:01:16 --> mysqli_sql_exception: Cannot add or update a child row: a foreign key constraint fails (`app_panaderia`.`pedidos_ventas`, CONSTRAINT `pedidos_ventas_ibfk_1` FOREIGN KEY (`pe_id`) REFERENCES `pedidos` (`pe_id`) ON UPDATE CASCADE) in /home/app/public_html/panaderia/system/Database/MySQLi/Connection.php:295
Stack trace:
#0 /home/app/public_html/panaderia/system/Database/MySQLi/Connection.php(295): mysqli->query('INSERT INTO `pe...', 0)
#1 /home/app/public_html/panaderia/system/Database/BaseConnection.php(691): CodeIgniter\Database\MySQLi\Connection->execute('INSERT INTO `pe...')
#2 /home/app/public_html/panaderia/system/Database/BaseConnection.php(605): CodeIgniter\Database\BaseConnection->simpleQuery('INSERT INTO `pe...')
#3 /home/app/public_html/panaderia/system/Database/BaseBuilder.php(2309): CodeIgniter\Database\BaseConnection->query('INSERT INTO `pe...', Array, false)
#4 /home/app/public_html/panaderia/system/Model.php(330): CodeIgniter\Database\BaseBuilder->insert()
#5 /home/app/public_html/panaderia/system/BaseModel.php(782): CodeIgniter\Model->doInsert(Array)
#6 /home/app/public_html/panaderia/system/Model.php(730): CodeIgniter\BaseModel->insert(Array, true)
#7 /home/app/public_html/panaderia/app/Controllers/PedidosVentas.php(131): CodeIgniter\Model->insert(Array)
#8 /home/app/public_html/panaderia/system/CodeIgniter.php(934): App\Controllers\PedidosVentas->create()
#9 /home/app/public_html/panaderia/system/CodeIgniter.php(499): CodeIgniter\CodeIgniter->runController(Object(App\Controllers\PedidosVentas))
#10 /home/app/public_html/panaderia/system/CodeIgniter.php(368): CodeIgniter\CodeIgniter->handleRequest(NULL, Object(Config\Cache), false)
#11 /home/app/public_html/panaderia/index.php(67): CodeIgniter\CodeIgniter->run()
#12 {main}
CRITICAL - 2023-06-20 17:01:16 --> Cannot add or update a child row: a foreign key constraint fails (`app_panaderia`.`pedidos_ventas`, CONSTRAINT `pedidos_ventas_ibfk_1` FOREIGN KEY (`pe_id`) REFERENCES `pedidos` (`pe_id`) ON UPDATE CASCADE)
in SYSTEMPATH/Database/MySQLi/Connection.php on line 295.
 1 SYSTEMPATH/Database/MySQLi/Connection.php(295): mysqli->query('INSERT INTO `pedidos_ventas` (`ve_id`, `pe_id`, `tp_id`, `pev_precioUnitario`, `pev_subtotal`) VALUES (\'9\', \'8\', \'7\', \'900\', \'800\')', 0)
 2 SYSTEMPATH/Database/BaseConnection.php(691): CodeIgniter\Database\MySQLi\Connection->execute('INSERT INTO `pedidos_ventas` (`ve_id`, `pe_id`, `tp_id`, `pev_precioUnitario`, `pev_subtotal`) VALUES (\'9\', \'8\', \'7\', \'900\', \'800\')')
 3 SYSTEMPATH/Database/BaseConnection.php(605): CodeIgniter\Database\BaseConnection->simpleQuery('INSERT INTO `pedidos_ventas` (`ve_id`, `pe_id`, `tp_id`, `pev_precioUnitario`, `pev_subtotal`) VALUES (\'9\', \'8\', \'7\', \'900\', \'800\')')
 4 SYSTEMPATH/Database/BaseBuilder.php(2309): CodeIgniter\Database\BaseConnection->query('INSERT INTO `pedidos_ventas` (`ve_id`, `pe_id`, `tp_id`, `pev_precioUnitario`, `pev_subtotal`) VALUES (:ve_id:, :pe_id:, :tp_id:, :pev_precioUnitario:, :pev_subtotal:)', [...], false)
 5 SYSTEMPATH/Model.php(330): CodeIgniter\Database\BaseBuilder->insert()
 6 SYSTEMPATH/BaseModel.php(782): CodeIgniter\Model->doInsert([...])
 7 SYSTEMPATH/Model.php(730): CodeIgniter\BaseModel->insert([...], true)
 8 APPPATH/Controllers/PedidosVentas.php(131): CodeIgniter\Model->insert([...])
 9 SYSTEMPATH/CodeIgniter.php(934): App\Controllers\PedidosVentas->create()
10 SYSTEMPATH/CodeIgniter.php(499): CodeIgniter\CodeIgniter->runController(Object(App\Controllers\PedidosVentas))
11 SYSTEMPATH/CodeIgniter.php(368): CodeIgniter\CodeIgniter->handleRequest(null, Object(Config\Cache), false)
12 FCPATH/index.php(67): CodeIgniter\CodeIgniter->run()
ERROR - 2023-06-20 17:01:57 --> mysqli_sql_exception: Cannot add or update a child row: a foreign key constraint fails (`app_panaderia`.`pedidos_ventas`, CONSTRAINT `pedidos_ventas_ibfk_1` FOREIGN KEY (`pe_id`) REFERENCES `pedidos` (`pe_id`) ON UPDATE CASCADE) in /home/app/public_html/panaderia/system/Database/MySQLi/Connection.php:295
Stack trace:
#0 /home/app/public_html/panaderia/system/Database/MySQLi/Connection.php(295): mysqli->query('INSERT INTO `pe...', 0)
#1 /home/app/public_html/panaderia/system/Database/BaseConnection.php(691): CodeIgniter\Database\MySQLi\Connection->execute('INSERT INTO `pe...')
#2 /home/app/public_html/panaderia/system/Database/BaseConnection.php(605): CodeIgniter\Database\BaseConnection->simpleQuery('INSERT INTO `pe...')
#3 /home/app/public_html/panaderia/system/Database/BaseBuilder.php(2309): CodeIgniter\Database\BaseConnection->query('INSERT INTO `pe...', Array, false)
#4 /home/app/public_html/panaderia/system/Model.php(330): CodeIgniter\Database\BaseBuilder->insert()
#5 /home/app/public_html/panaderia/system/BaseModel.php(782): CodeIgniter\Model->doInsert(Array)
#6 /home/app/public_html/panaderia/system/Model.php(730): CodeIgniter\BaseModel->insert(Array, true)
#7 /home/app/public_html/panaderia/app/Controllers/PedidosVentas.php(131): CodeIgniter\Model->insert(Array)
#8 /home/app/public_html/panaderia/system/CodeIgniter.php(934): App\Controllers\PedidosVentas->create()
#9 /home/app/public_html/panaderia/system/CodeIgniter.php(499): CodeIgniter\CodeIgniter->runController(Object(App\Controllers\PedidosVentas))
#10 /home/app/public_html/panaderia/system/CodeIgniter.php(368): CodeIgniter\CodeIgniter->handleRequest(NULL, Object(Config\Cache), false)
#11 /home/app/public_html/panaderia/index.php(67): CodeIgniter\CodeIgniter->run()
#12 {main}
CRITICAL - 2023-06-20 17:01:57 --> Cannot add or update a child row: a foreign key constraint fails (`app_panaderia`.`pedidos_ventas`, CONSTRAINT `pedidos_ventas_ibfk_1` FOREIGN KEY (`pe_id`) REFERENCES `pedidos` (`pe_id`) ON UPDATE CASCADE)
in SYSTEMPATH/Database/MySQLi/Connection.php on line 295.
 1 SYSTEMPATH/Database/MySQLi/Connection.php(295): mysqli->query('INSERT INTO `pedidos_ventas` (`ve_id`, `pe_id`, `tp_id`, `pev_precioUnitario`, `pev_subtotal`) VALUES (\'9\', \'8\', \'7\', \'900\', \'800\')', 0)
 2 SYSTEMPATH/Database/BaseConnection.php(691): CodeIgniter\Database\MySQLi\Connection->execute('INSERT INTO `pedidos_ventas` (`ve_id`, `pe_id`, `tp_id`, `pev_precioUnitario`, `pev_subtotal`) VALUES (\'9\', \'8\', \'7\', \'900\', \'800\')')
 3 SYSTEMPATH/Database/BaseConnection.php(605): CodeIgniter\Database\BaseConnection->simpleQuery('INSERT INTO `pedidos_ventas` (`ve_id`, `pe_id`, `tp_id`, `pev_precioUnitario`, `pev_subtotal`) VALUES (\'9\', \'8\', \'7\', \'900\', \'800\')')
 4 SYSTEMPATH/Database/BaseBuilder.php(2309): CodeIgniter\Database\BaseConnection->query('INSERT INTO `pedidos_ventas` (`ve_id`, `pe_id`, `tp_id`, `pev_precioUnitario`, `pev_subtotal`) VALUES (:ve_id:, :pe_id:, :tp_id:, :pev_precioUnitario:, :pev_subtotal:)', [...], false)
 5 SYSTEMPATH/Model.php(330): CodeIgniter\Database\BaseBuilder->insert()
 6 SYSTEMPATH/BaseModel.php(782): CodeIgniter\Model->doInsert([...])
 7 SYSTEMPATH/Model.php(730): CodeIgniter\BaseModel->insert([...], true)
 8 APPPATH/Controllers/PedidosVentas.php(131): CodeIgniter\Model->insert([...])
 9 SYSTEMPATH/CodeIgniter.php(934): App\Controllers\PedidosVentas->create()
10 SYSTEMPATH/CodeIgniter.php(499): CodeIgniter\CodeIgniter->runController(Object(App\Controllers\PedidosVentas))
11 SYSTEMPATH/CodeIgniter.php(368): CodeIgniter\CodeIgniter->handleRequest(null, Object(Config\Cache), false)
12 FCPATH/index.php(67): CodeIgniter\CodeIgniter->run()
ERROR - 2023-06-20 17:02:19 --> mysqli_sql_exception: Cannot add or update a child row: a foreign key constraint fails (`app_panaderia`.`pedidos_ventas`, CONSTRAINT `pedidos_ventas_ibfk_1` FOREIGN KEY (`pe_id`) REFERENCES `pedidos` (`pe_id`) ON UPDATE CASCADE) in /home/app/public_html/panaderia/system/Database/MySQLi/Connection.php:295
Stack trace:
#0 /home/app/public_html/panaderia/system/Database/MySQLi/Connection.php(295): mysqli->query('INSERT INTO `pe...', 0)
#1 /home/app/public_html/panaderia/system/Database/BaseConnection.php(691): CodeIgniter\Database\MySQLi\Connection->execute('INSERT INTO `pe...')
#2 /home/app/public_html/panaderia/system/Database/BaseConnection.php(605): CodeIgniter\Database\BaseConnection->simpleQuery('INSERT INTO `pe...')
#3 /home/app/public_html/panaderia/system/Database/BaseBuilder.php(2309): CodeIgniter\Database\BaseConnection->query('INSERT INTO `pe...', Array, false)
#4 /home/app/public_html/panaderia/system/Model.php(330): CodeIgniter\Database\BaseBuilder->insert()
#5 /home/app/public_html/panaderia/system/BaseModel.php(782): CodeIgniter\Model->doInsert(Array)
#6 /home/app/public_html/panaderia/system/Model.php(730): CodeIgniter\BaseModel->insert(Array, true)
#7 /home/app/public_html/panaderia/app/Controllers/PedidosVentas.php(131): CodeIgniter\Model->insert(Array)
#8 /home/app/public_html/panaderia/system/CodeIgniter.php(934): App\Controllers\PedidosVentas->create()
#9 /home/app/public_html/panaderia/system/CodeIgniter.php(499): CodeIgniter\CodeIgniter->runController(Object(App\Controllers\PedidosVentas))
#10 /home/app/public_html/panaderia/system/CodeIgniter.php(368): CodeIgniter\CodeIgniter->handleRequest(NULL, Object(Config\Cache), false)
#11 /home/app/public_html/panaderia/index.php(67): CodeIgniter\CodeIgniter->run()
#12 {main}
CRITICAL - 2023-06-20 17:02:19 --> Cannot add or update a child row: a foreign key constraint fails (`app_panaderia`.`pedidos_ventas`, CONSTRAINT `pedidos_ventas_ibfk_1` FOREIGN KEY (`pe_id`) REFERENCES `pedidos` (`pe_id`) ON UPDATE CASCADE)
in SYSTEMPATH/Database/MySQLi/Connection.php on line 295.
 1 SYSTEMPATH/Database/MySQLi/Connection.php(295): mysqli->query('INSERT INTO `pedidos_ventas` (`ve_id`, `pe_id`, `tp_id`, `pev_precioUnitario`, `pev_subtotal`) VALUES (\'9\', \'8\', \'7\', \'900\', \'800\')', 0)
 2 SYSTEMPATH/Database/BaseConnection.php(691): CodeIgniter\Database\MySQLi\Connection->execute('INSERT INTO `pedidos_ventas` (`ve_id`, `pe_id`, `tp_id`, `pev_precioUnitario`, `pev_subtotal`) VALUES (\'9\', \'8\', \'7\', \'900\', \'800\')')
 3 SYSTEMPATH/Database/BaseConnection.php(605): CodeIgniter\Database\BaseConnection->simpleQuery('INSERT INTO `pedidos_ventas` (`ve_id`, `pe_id`, `tp_id`, `pev_precioUnitario`, `pev_subtotal`) VALUES (\'9\', \'8\', \'7\', \'900\', \'800\')')
 4 SYSTEMPATH/Database/BaseBuilder.php(2309): CodeIgniter\Database\BaseConnection->query('INSERT INTO `pedidos_ventas` (`ve_id`, `pe_id`, `tp_id`, `pev_precioUnitario`, `pev_subtotal`) VALUES (:ve_id:, :pe_id:, :tp_id:, :pev_precioUnitario:, :pev_subtotal:)', [...], false)
 5 SYSTEMPATH/Model.php(330): CodeIgniter\Database\BaseBuilder->insert()
 6 SYSTEMPATH/BaseModel.php(782): CodeIgniter\Model->doInsert([...])
 7 SYSTEMPATH/Model.php(730): CodeIgniter\BaseModel->insert([...], true)
 8 APPPATH/Controllers/PedidosVentas.php(131): CodeIgniter\Model->insert([...])
 9 SYSTEMPATH/CodeIgniter.php(934): App\Controllers\PedidosVentas->create()
10 SYSTEMPATH/CodeIgniter.php(499): CodeIgniter\CodeIgniter->runController(Object(App\Controllers\PedidosVentas))
11 SYSTEMPATH/CodeIgniter.php(368): CodeIgniter\CodeIgniter->handleRequest(null, Object(Config\Cache), false)
12 FCPATH/index.php(67): CodeIgniter\CodeIgniter->run()
CRITICAL - 2023-06-20 18:12:59 --> syntax error, unexpected ''pev_estado'' (T_CONSTANT_ENCAPSED_STRING), expecting ']'
in APPPATH/Models/PedidosVentasModel.php on line 10.
 1 SYSTEMPATH/Autoloader/Autoloader.php(289): CodeIgniter\Autoloader\Autoloader->includeFile('/home/app/public_html/panaderia/app/Models/PedidosVentasModel.php')
 2 SYSTEMPATH/Autoloader/Autoloader.php(267): CodeIgniter\Autoloader\Autoloader->loadInNamespace('App\\Models\\PedidosVentasModel')
 3 [internal function]: CodeIgniter\Autoloader\Autoloader->loadClass('App\\Models\\PedidosVentasModel')
 4 APPPATH/Controllers/PedidosVentas.php(17): spl_autoload_call('App\\Models\\PedidosVentasModel')
 5 SYSTEMPATH/CodeIgniter.php(934): App\Controllers\PedidosVentas->index()
 6 SYSTEMPATH/CodeIgniter.php(499): CodeIgniter\CodeIgniter->runController(Object(App\Controllers\PedidosVentas))
 7 SYSTEMPATH/CodeIgniter.php(368): CodeIgniter\CodeIgniter->handleRequest(null, Object(Config\Cache), false)
 8 FCPATH/index.php(67): CodeIgniter\CodeIgniter->run()
CRITICAL - 2023-06-20 18:13:12 --> syntax error, unexpected ''pev_estado'' (T_CONSTANT_ENCAPSED_STRING), expecting ']'
in APPPATH/Models/PedidosVentasModel.php on line 10.
 1 SYSTEMPATH/Autoloader/Autoloader.php(289): CodeIgniter\Autoloader\Autoloader->includeFile('/home/app/public_html/panaderia/app/Models/PedidosVentasModel.php')
 2 SYSTEMPATH/Autoloader/Autoloader.php(267): CodeIgniter\Autoloader\Autoloader->loadInNamespace('App\\Models\\PedidosVentasModel')
 3 [internal function]: CodeIgniter\Autoloader\Autoloader->loadClass('App\\Models\\PedidosVentasModel')
 4 APPPATH/Controllers/PedidosVentas.php(130): spl_autoload_call('App\\Models\\PedidosVentasModel')
 5 SYSTEMPATH/CodeIgniter.php(934): App\Controllers\PedidosVentas->create()
 6 SYSTEMPATH/CodeIgniter.php(499): CodeIgniter\CodeIgniter->runController(Object(App\Controllers\PedidosVentas))
 7 SYSTEMPATH/CodeIgniter.php(368): CodeIgniter\CodeIgniter->handleRequest(null, Object(Config\Cache), false)
 8 FCPATH/index.php(67): CodeIgniter\CodeIgniter->run()
CRITICAL - 2023-06-20 18:13:13 --> syntax error, unexpected ''pev_estado'' (T_CONSTANT_ENCAPSED_STRING), expecting ']'
in APPPATH/Models/PedidosVentasModel.php on line 10.
 1 SYSTEMPATH/Autoloader/Autoloader.php(289): CodeIgniter\Autoloader\Autoloader->includeFile('/home/app/public_html/panaderia/app/Models/PedidosVentasModel.php')
 2 SYSTEMPATH/Autoloader/Autoloader.php(267): CodeIgniter\Autoloader\Autoloader->loadInNamespace('App\\Models\\PedidosVentasModel')
 3 [internal function]: CodeIgniter\Autoloader\Autoloader->loadClass('App\\Models\\PedidosVentasModel')
 4 APPPATH/Controllers/PedidosVentas.php(17): spl_autoload_call('App\\Models\\PedidosVentasModel')
 5 SYSTEMPATH/CodeIgniter.php(934): App\Controllers\PedidosVentas->index()
 6 SYSTEMPATH/CodeIgniter.php(499): CodeIgniter\CodeIgniter->runController(Object(App\Controllers\PedidosVentas))
 7 SYSTEMPATH/CodeIgniter.php(368): CodeIgniter\CodeIgniter->handleRequest(null, Object(Config\Cache), false)
 8 FCPATH/index.php(67): CodeIgniter\CodeIgniter->run()
