CRITICAL - 2024-04-28 00:26:18 --> Too few arguments to function App\Controllers\Usuariosmovil::buscaremail(), 0 passed in /home/app/public_html/panaderia/system/CodeIgniter.php on line 934 and exactly 2 expected
in APPPATH/Controllers/Usuariosmovil.php on line 180.
 1 SYSTEMPATH/CodeIgniter.php(934): App\Controllers\Usuariosmovil->buscaremail()
 2 SYSTEMPATH/CodeIgniter.php(499): CodeIgniter\CodeIgniter->runController(Object(App\Controllers\Usuariosmovil))
 3 SYSTEMPATH/CodeIgniter.php(368): CodeIgniter\CodeIgniter->handleRequest(null, Object(Config\Cache), false)
 4 FCPATH/index.php(67): CodeIgniter\CodeIgniter->run()
CRITICAL - 2024-04-28 00:26:56 --> Too few arguments to function App\Controllers\Usuariosmovil::buscaremail(), 0 passed in /home/app/public_html/panaderia/system/CodeIgniter.php on line 934 and exactly 2 expected
in APPPATH/Controllers/Usuariosmovil.php on line 180.
 1 SYSTEMPATH/CodeIgniter.php(934): App\Controllers\Usuariosmovil->buscaremail()
 2 SYSTEMPATH/CodeIgniter.php(499): CodeIgniter\CodeIgniter->runController(Object(App\Controllers\Usuariosmovil))
 3 SYSTEMPATH/CodeIgniter.php(368): CodeIgniter\CodeIgniter->handleRequest(null, Object(Config\Cache), false)
 4 FCPATH/index.php(67): CodeIgniter\CodeIgniter->run()
CRITICAL - 2024-04-28 00:28:11 --> Too few arguments to function App\Controllers\Usuariosmovil::buscaremail(), 0 passed in /home/app/public_html/panaderia/system/CodeIgniter.php on line 934 and exactly 2 expected
in APPPATH/Controllers/Usuariosmovil.php on line 180.
 1 SYSTEMPATH/CodeIgniter.php(934): App\Controllers\Usuariosmovil->buscaremail()
 2 SYSTEMPATH/CodeIgniter.php(499): CodeIgniter\CodeIgniter->runController(Object(App\Controllers\Usuariosmovil))
 3 SYSTEMPATH/CodeIgniter.php(368): CodeIgniter\CodeIgniter->handleRequest(null, Object(Config\Cache), false)
 4 FCPATH/index.php(67): CodeIgniter\CodeIgniter->run()
CRITICAL - 2024-04-28 00:28:15 --> Too few arguments to function App\Controllers\Usuariosmovil::buscaremail(), 1 passed in /home/app/public_html/panaderia/system/CodeIgniter.php on line 934 and exactly 2 expected
in APPPATH/Controllers/Usuariosmovil.php on line 180.
 1 SYSTEMPATH/CodeIgniter.php(934): App\Controllers\Usuariosmovil->buscaremail('a&a')
 2 SYSTEMPATH/CodeIgniter.php(499): CodeIgniter\CodeIgniter->runController(Object(App\Controllers\Usuariosmovil))
 3 SYSTEMPATH/CodeIgniter.php(368): CodeIgniter\CodeIgniter->handleRequest(null, Object(Config\Cache), false)
 4 FCPATH/index.php(67): CodeIgniter\CodeIgniter->run()
CRITICAL - 2024-04-28 00:28:16 --> Too few arguments to function App\Controllers\Usuariosmovil::buscaremail(), 1 passed in /home/app/public_html/panaderia/system/CodeIgniter.php on line 934 and exactly 2 expected
in APPPATH/Controllers/Usuariosmovil.php on line 180.
 1 SYSTEMPATH/CodeIgniter.php(934): App\Controllers\Usuariosmovil->buscaremail('a&a')
 2 SYSTEMPATH/CodeIgniter.php(499): CodeIgniter\CodeIgniter->runController(Object(App\Controllers\Usuariosmovil))
 3 SYSTEMPATH/CodeIgniter.php(368): CodeIgniter\CodeIgniter->handleRequest(null, Object(Config\Cache), false)
 4 FCPATH/index.php(67): CodeIgniter\CodeIgniter->run()
CRITICAL - 2024-04-28 00:28:53 --> Too few arguments to function App\Controllers\Usuariosmovil::buscaremail(), 1 passed in /home/app/public_html/panaderia/system/CodeIgniter.php on line 934 and exactly 2 expected
in APPPATH/Controllers/Usuariosmovil.php on line 180.
 1 SYSTEMPATH/CodeIgniter.php(934): App\Controllers\Usuariosmovil->buscaremail('a&a')
 2 SYSTEMPATH/CodeIgniter.php(499): CodeIgniter\CodeIgniter->runController(Object(App\Controllers\Usuariosmovil))
 3 SYSTEMPATH/CodeIgniter.php(368): CodeIgniter\CodeIgniter->handleRequest(null, Object(Config\Cache), false)
 4 FCPATH/index.php(67): CodeIgniter\CodeIgniter->run()
CRITICAL - 2024-04-28 00:29:05 --> json_encode() expects parameter 2 to be int, string given
in APPPATH/Controllers/Usuariosmovil.php on line 197.
 1 [internal function]: CodeIgniter\Debug\Exceptions->errorHandler(2, 'json_encode() expects parameter 2 to be int, string given', '/home/app/public_html/panaderia/app/Controllers/Usuariosmovil.php', 197, [...])
 2 APPPATH/Controllers/Usuariosmovil.php(197): json_encode('a', 'a', true)
 3 SYSTEMPATH/CodeIgniter.php(934): App\Controllers\Usuariosmovil->buscaremail('a', 'a')
 4 SYSTEMPATH/CodeIgniter.php(499): CodeIgniter\CodeIgniter->runController(Object(App\Controllers\Usuariosmovil))
 5 SYSTEMPATH/CodeIgniter.php(368): CodeIgniter\CodeIgniter->handleRequest(null, Object(Config\Cache), false)
 6 FCPATH/index.php(67): CodeIgniter\CodeIgniter->run()
CRITICAL - 2024-04-28 00:29:11 --> json_encode() expects parameter 2 to be int, string given
in APPPATH/Controllers/Usuariosmovil.php on line 197.
 1 [internal function]: CodeIgniter\Debug\Exceptions->errorHandler(2, 'json_encode() expects parameter 2 to be int, string given', '/home/app/public_html/panaderia/app/Controllers/Usuariosmovil.php', 197, [...])
 2 APPPATH/Controllers/Usuariosmovil.php(197): json_encode('a', 'a&a', true)
 3 SYSTEMPATH/CodeIgniter.php(934): App\Controllers\Usuariosmovil->buscaremail('a', 'a&a')
 4 SYSTEMPATH/CodeIgniter.php(499): CodeIgniter\CodeIgniter->runController(Object(App\Controllers\Usuariosmovil))
 5 SYSTEMPATH/CodeIgniter.php(368): CodeIgniter\CodeIgniter->handleRequest(null, Object(Config\Cache), false)
 6 FCPATH/index.php(67): CodeIgniter\CodeIgniter->run()
CRITICAL - 2024-04-28 00:29:12 --> json_encode() expects parameter 2 to be int, string given
in APPPATH/Controllers/Usuariosmovil.php on line 197.
 1 [internal function]: CodeIgniter\Debug\Exceptions->errorHandler(2, 'json_encode() expects parameter 2 to be int, string given', '/home/app/public_html/panaderia/app/Controllers/Usuariosmovil.php', 197, [...])
 2 APPPATH/Controllers/Usuariosmovil.php(197): json_encode('a', 'a&dsdsa', true)
 3 SYSTEMPATH/CodeIgniter.php(934): App\Controllers\Usuariosmovil->buscaremail('a', 'a&dsdsa')
 4 SYSTEMPATH/CodeIgniter.php(499): CodeIgniter\CodeIgniter->runController(Object(App\Controllers\Usuariosmovil))
 5 SYSTEMPATH/CodeIgniter.php(368): CodeIgniter\CodeIgniter->handleRequest(null, Object(Config\Cache), false)
 6 FCPATH/index.php(67): CodeIgniter\CodeIgniter->run()
CRITICAL - 2024-04-28 00:29:49 --> Too few arguments to function App\Controllers\Usuariosmovil::buscaremail(), 1 passed in /home/app/public_html/panaderia/system/CodeIgniter.php on line 934 and exactly 2 expected
in APPPATH/Controllers/Usuariosmovil.php on line 180.
 1 SYSTEMPATH/CodeIgniter.php(934): App\Controllers\Usuariosmovil->buscaremail('a')
 2 SYSTEMPATH/CodeIgniter.php(499): CodeIgniter\CodeIgniter->runController(Object(App\Controllers\Usuariosmovil))
 3 SYSTEMPATH/CodeIgniter.php(368): CodeIgniter\CodeIgniter->handleRequest(null, Object(Config\Cache), false)
 4 FCPATH/index.php(67): CodeIgniter\CodeIgniter->run()
CRITICAL - 2024-04-28 00:31:19 --> Too few arguments to function App\Controllers\Usuariosmovil::buscaremail(), 1 passed in /home/app/public_html/panaderia/system/CodeIgniter.php on line 934 and exactly 2 expected
in APPPATH/Controllers/Usuariosmovil.php on line 180.
 1 SYSTEMPATH/CodeIgniter.php(934): App\Controllers\Usuariosmovil->buscaremail('a')
 2 SYSTEMPATH/CodeIgniter.php(499): CodeIgniter\CodeIgniter->runController(Object(App\Controllers\Usuariosmovil))
 3 SYSTEMPATH/CodeIgniter.php(368): CodeIgniter\CodeIgniter->handleRequest(null, Object(Config\Cache), false)
 4 FCPATH/index.php(67): CodeIgniter\CodeIgniter->run()
CRITICAL - 2024-04-28 00:31:22 --> json_encode() expects parameter 2 to be int, string given
in APPPATH/Controllers/Usuariosmovil.php on line 197.
 1 [internal function]: CodeIgniter\Debug\Exceptions->errorHandler(2, 'json_encode() expects parameter 2 to be int, string given', '/home/app/public_html/panaderia/app/Controllers/Usuariosmovil.php', 197, [...])
 2 APPPATH/Controllers/Usuariosmovil.php(197): json_encode('a', 'a', true)
 3 SYSTEMPATH/CodeIgniter.php(934): App\Controllers\Usuariosmovil->buscaremail('a', 'a')
 4 SYSTEMPATH/CodeIgniter.php(499): CodeIgniter\CodeIgniter->runController(Object(App\Controllers\Usuariosmovil))
 5 SYSTEMPATH/CodeIgniter.php(368): CodeIgniter\CodeIgniter->handleRequest(null, Object(Config\Cache), false)
 6 FCPATH/index.php(67): CodeIgniter\CodeIgniter->run()
CRITICAL - 2024-04-28 00:33:17 --> Too few arguments to function App\Controllers\Usuariosmovil::buscaremail(), 1 passed in /home/app/public_html/panaderia/system/CodeIgniter.php on line 934 and exactly 2 expected
in APPPATH/Controllers/Usuariosmovil.php on line 180.
 1 SYSTEMPATH/CodeIgniter.php(934): App\Controllers\Usuariosmovil->buscaremail('1')
 2 SYSTEMPATH/CodeIgniter.php(499): CodeIgniter\CodeIgniter->runController(Object(App\Controllers\Usuariosmovil))
 3 SYSTEMPATH/CodeIgniter.php(368): CodeIgniter\CodeIgniter->handleRequest(null, Object(Config\Cache), false)
 4 FCPATH/index.php(67): CodeIgniter\CodeIgniter->run()
CRITICAL - 2024-04-28 00:33:52 --> Too few arguments to function App\Controllers\Usuariosmovil::buscaremail(), 1 passed in /home/app/public_html/panaderia/system/CodeIgniter.php on line 934 and exactly 2 expected
in APPPATH/Controllers/Usuariosmovil.php on line 180.
 1 SYSTEMPATH/CodeIgniter.php(934): App\Controllers\Usuariosmovil->buscaremail('1&2')
 2 SYSTEMPATH/CodeIgniter.php(499): CodeIgniter\CodeIgniter->runController(Object(App\Controllers\Usuariosmovil))
 3 SYSTEMPATH/CodeIgniter.php(368): CodeIgniter\CodeIgniter->handleRequest(null, Object(Config\Cache), false)
 4 FCPATH/index.php(67): CodeIgniter\CodeIgniter->run()
ERROR - 2024-04-28 01:51:25 --> mysqli_sql_exception: Unknown column 'usu.usumo_constrasena' in 'where clause' in /home/app/public_html/panaderia/system/Database/MySQLi/Connection.php:295
Stack trace:
#0 /home/app/public_html/panaderia/system/Database/MySQLi/Connection.php(295): mysqli->query('SELECT *\nFROM `...', 0)
#1 /home/app/public_html/panaderia/system/Database/BaseConnection.php(691): CodeIgniter\Database\MySQLi\Connection->execute('SELECT *\nFROM `...')
#2 /home/app/public_html/panaderia/system/Database/BaseConnection.php(605): CodeIgniter\Database\BaseConnection->simpleQuery('SELECT *\nFROM `...')
#3 /home/app/public_html/panaderia/system/Database/BaseBuilder.php(1616): CodeIgniter\Database\BaseConnection->query('SELECT *\nFROM `...', Array, false)
#4 /home/app/public_html/panaderia/app/Models/UsuariosmovilModel.php(59): CodeIgniter\Database\BaseBuilder->get()
#5 /home/app/public_html/panaderia/app/Controllers/Usuariosmovil.php(203): App\Models\UsuariosmovilModel->getLogin('marquirios15@gm...', 'Marquitos15')
#6 /home/app/public_html/panaderia/system/CodeIgniter.php(934): App\Controllers\Usuariosmovil->login('marquirios15@gm...', 'Marquitos15')
#7 /home/app/public_html/panaderia/system/CodeIgniter.php(499): CodeIgniter\CodeIgniter->runController(Object(App\Controllers\Usuariosmovil))
#8 /home/app/public_html/panaderia/system/CodeIgniter.php(368): CodeIgniter\CodeIgniter->handleRequest(NULL, Object(Config\Cache), false)
#9 /home/app/public_html/panaderia/index.php(67): CodeIgniter\CodeIgniter->run()
#10 {main}
CRITICAL - 2024-04-28 01:51:25 --> Unknown column 'usu.usumo_constrasena' in 'where clause'
in SYSTEMPATH/Database/MySQLi/Connection.php on line 295.
 1 SYSTEMPATH/Database/MySQLi/Connection.php(295): mysqli->query('SELECT *
FROM `usuariosmovil` `usu`
WHERE `usu`.`usumo_correo` = \'marquirios15@gmail.com\'
AND `usu`.`usumo_constrasena` = \'Marquitos15\'
AND `usu`.`usumo_estado` = 1', 0)
 2 SYSTEMPATH/Database/BaseConnection.php(691): CodeIgniter\Database\MySQLi\Connection->execute('SELECT *
FROM `usuariosmovil` `usu`
WHERE `usu`.`usumo_correo` = \'marquirios15@gmail.com\'
AND `usu`.`usumo_constrasena` = \'Marquitos15\'
AND `usu`.`usumo_estado` = 1')
 3 SYSTEMPATH/Database/BaseConnection.php(605): CodeIgniter\Database\BaseConnection->simpleQuery('SELECT *
FROM `usuariosmovil` `usu`
WHERE `usu`.`usumo_correo` = \'marquirios15@gmail.com\'
AND `usu`.`usumo_constrasena` = \'Marquitos15\'
AND `usu`.`usumo_estado` = 1')
 4 SYSTEMPATH/Database/BaseBuilder.php(1616): CodeIgniter\Database\BaseConnection->query('SELECT *
FROM `usuariosmovil` `usu`
WHERE `usu`.`usumo_correo` = :usu.usumo_correo:
AND `usu`.`usumo_constrasena` = :usu.usumo_constrasena:
AND `usu`.`usumo_estado` = :usu.usumo_estado:', [...], false)
 5 APPPATH/Models/UsuariosmovilModel.php(59): CodeIgniter\Database\BaseBuilder->get()
 6 APPPATH/Controllers/Usuariosmovil.php(203): App\Models\UsuariosmovilModel->getLogin('marquirios15@gmail.com', 'Marquitos15')
 7 SYSTEMPATH/CodeIgniter.php(934): App\Controllers\Usuariosmovil->login('marquirios15@gmail.com', 'Marquitos15')
 8 SYSTEMPATH/CodeIgniter.php(499): CodeIgniter\CodeIgniter->runController(Object(App\Controllers\Usuariosmovil))
 9 SYSTEMPATH/CodeIgniter.php(368): CodeIgniter\CodeIgniter->handleRequest(null, Object(Config\Cache), false)
10 FCPATH/index.php(67): CodeIgniter\CodeIgniter->run()
CRITICAL - 2024-04-28 02:07:03 --> Too few arguments to function App\Models\UsuariosmovilModel::getLogin(), 1 passed in /home/app/public_html/panaderia/app/Controllers/Usuariosmovil.php on line 42 and exactly 2 expected
in APPPATH/Models/UsuariosmovilModel.php on line 54.
 1 APPPATH/Controllers/Usuariosmovil.php(42): App\Models\UsuariosmovilModel->getLogin('994980492&marquirios15@gmail.com&recuperarcontrasena')
 2 SYSTEMPATH/CodeIgniter.php(934): App\Controllers\Usuariosmovil->show('994980492&marquirios15@gmail.com&recuperarcontrasena')
 3 SYSTEMPATH/CodeIgniter.php(499): CodeIgniter\CodeIgniter->runController(Object(App\Controllers\Usuariosmovil))
 4 SYSTEMPATH/CodeIgniter.php(368): CodeIgniter\CodeIgniter->handleRequest(null, Object(Config\Cache), false)
 5 FCPATH/index.php(67): CodeIgniter\CodeIgniter->run()
CRITICAL - 2024-04-28 02:07:04 --> Too few arguments to function App\Models\UsuariosmovilModel::getLogin(), 1 passed in /home/app/public_html/panaderia/app/Controllers/Usuariosmovil.php on line 42 and exactly 2 expected
in APPPATH/Models/UsuariosmovilModel.php on line 54.
 1 APPPATH/Controllers/Usuariosmovil.php(42): App\Models\UsuariosmovilModel->getLogin('994980492&marquirios15@gmail.com&recuperarcontrasena')
 2 SYSTEMPATH/CodeIgniter.php(934): App\Controllers\Usuariosmovil->show('994980492&marquirios15@gmail.com&recuperarcontrasena')
 3 SYSTEMPATH/CodeIgniter.php(499): CodeIgniter\CodeIgniter->runController(Object(App\Controllers\Usuariosmovil))
 4 SYSTEMPATH/CodeIgniter.php(368): CodeIgniter\CodeIgniter->handleRequest(null, Object(Config\Cache), false)
 5 FCPATH/index.php(67): CodeIgniter\CodeIgniter->run()
CRITICAL - 2024-04-28 02:07:05 --> Too few arguments to function App\Models\UsuariosmovilModel::getLogin(), 1 passed in /home/app/public_html/panaderia/app/Controllers/Usuariosmovil.php on line 42 and exactly 2 expected
in APPPATH/Models/UsuariosmovilModel.php on line 54.
 1 APPPATH/Controllers/Usuariosmovil.php(42): App\Models\UsuariosmovilModel->getLogin('994980492&marquirios15@gmail.com&recuperarcontrasena')
 2 SYSTEMPATH/CodeIgniter.php(934): App\Controllers\Usuariosmovil->show('994980492&marquirios15@gmail.com&recuperarcontrasena')
 3 SYSTEMPATH/CodeIgniter.php(499): CodeIgniter\CodeIgniter->runController(Object(App\Controllers\Usuariosmovil))
 4 SYSTEMPATH/CodeIgniter.php(368): CodeIgniter\CodeIgniter->handleRequest(null, Object(Config\Cache), false)
 5 FCPATH/index.php(67): CodeIgniter\CodeIgniter->run()
CRITICAL - 2024-04-28 02:07:05 --> Too few arguments to function App\Models\UsuariosmovilModel::getLogin(), 1 passed in /home/app/public_html/panaderia/app/Controllers/Usuariosmovil.php on line 42 and exactly 2 expected
in APPPATH/Models/UsuariosmovilModel.php on line 54.
 1 APPPATH/Controllers/Usuariosmovil.php(42): App\Models\UsuariosmovilModel->getLogin('994980492&marquirios15@gmail.com&recuperarcontrasena')
 2 SYSTEMPATH/CodeIgniter.php(934): App\Controllers\Usuariosmovil->show('994980492&marquirios15@gmail.com&recuperarcontrasena')
 3 SYSTEMPATH/CodeIgniter.php(499): CodeIgniter\CodeIgniter->runController(Object(App\Controllers\Usuariosmovil))
 4 SYSTEMPATH/CodeIgniter.php(368): CodeIgniter\CodeIgniter->handleRequest(null, Object(Config\Cache), false)
 5 FCPATH/index.php(67): CodeIgniter\CodeIgniter->run()
CRITICAL - 2024-04-28 02:07:05 --> Too few arguments to function App\Models\UsuariosmovilModel::getLogin(), 1 passed in /home/app/public_html/panaderia/app/Controllers/Usuariosmovil.php on line 42 and exactly 2 expected
in APPPATH/Models/UsuariosmovilModel.php on line 54.
 1 APPPATH/Controllers/Usuariosmovil.php(42): App\Models\UsuariosmovilModel->getLogin('994980492&marquirios15@gmail.com&recuperarcontrasena')
 2 SYSTEMPATH/CodeIgniter.php(934): App\Controllers\Usuariosmovil->show('994980492&marquirios15@gmail.com&recuperarcontrasena')
 3 SYSTEMPATH/CodeIgniter.php(499): CodeIgniter\CodeIgniter->runController(Object(App\Controllers\Usuariosmovil))
 4 SYSTEMPATH/CodeIgniter.php(368): CodeIgniter\CodeIgniter->handleRequest(null, Object(Config\Cache), false)
 5 FCPATH/index.php(67): CodeIgniter\CodeIgniter->run()
CRITICAL - 2024-04-28 02:07:05 --> Too few arguments to function App\Models\UsuariosmovilModel::getLogin(), 1 passed in /home/app/public_html/panaderia/app/Controllers/Usuariosmovil.php on line 42 and exactly 2 expected
in APPPATH/Models/UsuariosmovilModel.php on line 54.
 1 APPPATH/Controllers/Usuariosmovil.php(42): App\Models\UsuariosmovilModel->getLogin('994980492&marquirios15@gmail.com&recuperarcontrasena')
 2 SYSTEMPATH/CodeIgniter.php(934): App\Controllers\Usuariosmovil->show('994980492&marquirios15@gmail.com&recuperarcontrasena')
 3 SYSTEMPATH/CodeIgniter.php(499): CodeIgniter\CodeIgniter->runController(Object(App\Controllers\Usuariosmovil))
 4 SYSTEMPATH/CodeIgniter.php(368): CodeIgniter\CodeIgniter->handleRequest(null, Object(Config\Cache), false)
 5 FCPATH/index.php(67): CodeIgniter\CodeIgniter->run()
CRITICAL - 2024-04-28 02:07:06 --> Too few arguments to function App\Models\UsuariosmovilModel::getLogin(), 1 passed in /home/app/public_html/panaderia/app/Controllers/Usuariosmovil.php on line 42 and exactly 2 expected
in APPPATH/Models/UsuariosmovilModel.php on line 54.
 1 APPPATH/Controllers/Usuariosmovil.php(42): App\Models\UsuariosmovilModel->getLogin('994980492&marquirios15@gmail.com&recuperarcontrasena')
 2 SYSTEMPATH/CodeIgniter.php(934): App\Controllers\Usuariosmovil->show('994980492&marquirios15@gmail.com&recuperarcontrasena')
 3 SYSTEMPATH/CodeIgniter.php(499): CodeIgniter\CodeIgniter->runController(Object(App\Controllers\Usuariosmovil))
 4 SYSTEMPATH/CodeIgniter.php(368): CodeIgniter\CodeIgniter->handleRequest(null, Object(Config\Cache), false)
 5 FCPATH/index.php(67): CodeIgniter\CodeIgniter->run()
CRITICAL - 2024-04-28 03:11:08 --> syntax error, unexpected '$routes' (T_VARIABLE)
in APPPATH/Config/Routes.php on line 45.
 1 SYSTEMPATH/CodeIgniter.php(802): CodeIgniter\Router\RouteCollection->loadRoutes()
 2 SYSTEMPATH/CodeIgniter.php(449): CodeIgniter\CodeIgniter->tryToRouteIt(null)
 3 SYSTEMPATH/CodeIgniter.php(368): CodeIgniter\CodeIgniter->handleRequest(null, Object(Config\Cache), false)
 4 FCPATH/index.php(67): CodeIgniter\CodeIgniter->run()
CRITICAL - 2024-04-28 03:11:42 --> syntax error, unexpected '$routes' (T_VARIABLE)
in APPPATH/Config/Routes.php on line 45.
 1 SYSTEMPATH/CodeIgniter.php(802): CodeIgniter\Router\RouteCollection->loadRoutes()
 2 SYSTEMPATH/CodeIgniter.php(449): CodeIgniter\CodeIgniter->tryToRouteIt(null)
 3 SYSTEMPATH/CodeIgniter.php(368): CodeIgniter\CodeIgniter->handleRequest(null, Object(Config\Cache), false)
 4 FCPATH/index.php(67): CodeIgniter\CodeIgniter->run()
CRITICAL - 2024-04-28 03:12:35 --> syntax error, unexpected '$routes' (T_VARIABLE)
in APPPATH/Config/Routes.php on line 45.
 1 SYSTEMPATH/CodeIgniter.php(802): CodeIgniter\Router\RouteCollection->loadRoutes()
 2 SYSTEMPATH/CodeIgniter.php(449): CodeIgniter\CodeIgniter->tryToRouteIt(null)
 3 SYSTEMPATH/CodeIgniter.php(368): CodeIgniter\CodeIgniter->handleRequest(null, Object(Config\Cache), false)
 4 FCPATH/index.php(67): CodeIgniter\CodeIgniter->run()
CRITICAL - 2024-04-28 03:12:45 --> syntax error, unexpected '$routes' (T_VARIABLE)
in APPPATH/Config/Routes.php on line 45.
 1 SYSTEMPATH/CodeIgniter.php(802): CodeIgniter\Router\RouteCollection->loadRoutes()
 2 SYSTEMPATH/CodeIgniter.php(449): CodeIgniter\CodeIgniter->tryToRouteIt(null)
 3 SYSTEMPATH/CodeIgniter.php(368): CodeIgniter\CodeIgniter->handleRequest(null, Object(Config\Cache), false)
 4 FCPATH/index.php(67): CodeIgniter\CodeIgniter->run()
CRITICAL - 2024-04-28 03:12:56 --> syntax error, unexpected '$routes' (T_VARIABLE)
in APPPATH/Config/Routes.php on line 45.
 1 SYSTEMPATH/CodeIgniter.php(802): CodeIgniter\Router\RouteCollection->loadRoutes()
 2 SYSTEMPATH/CodeIgniter.php(449): CodeIgniter\CodeIgniter->tryToRouteIt(null)
 3 SYSTEMPATH/CodeIgniter.php(368): CodeIgniter\CodeIgniter->handleRequest(null, Object(Config\Cache), false)
 4 FCPATH/index.php(67): CodeIgniter\CodeIgniter->run()
CRITICAL - 2024-04-28 03:13:15 --> Undefined index: usumo_correo
in APPPATH/Controllers/Usuariosmovil.php on line 224.
 1 APPPATH/Controllers/Usuariosmovil.php(224): CodeIgniter\Debug\Exceptions->errorHandler(8, 'Undefined index: usumo_correo', '/home/app/public_html/panaderia/app/Controllers/Usuariosmovil.php', 224, [...])
 2 SYSTEMPATH/CodeIgniter.php(934): App\Controllers\Usuariosmovil->actualizarcontrasena('1')
 3 SYSTEMPATH/CodeIgniter.php(499): CodeIgniter\CodeIgniter->runController(Object(App\Controllers\Usuariosmovil))
 4 SYSTEMPATH/CodeIgniter.php(368): CodeIgniter\CodeIgniter->handleRequest(null, Object(Config\Cache), false)
 5 FCPATH/index.php(67): CodeIgniter\CodeIgniter->run()
CRITICAL - 2024-04-28 03:13:23 --> Undefined index: usumo_correo
in APPPATH/Controllers/Usuariosmovil.php on line 224.
 1 APPPATH/Controllers/Usuariosmovil.php(224): CodeIgniter\Debug\Exceptions->errorHandler(8, 'Undefined index: usumo_correo', '/home/app/public_html/panaderia/app/Controllers/Usuariosmovil.php', 224, [...])
 2 SYSTEMPATH/CodeIgniter.php(934): App\Controllers\Usuariosmovil->actualizarcontrasena('1')
 3 SYSTEMPATH/CodeIgniter.php(499): CodeIgniter\CodeIgniter->runController(Object(App\Controllers\Usuariosmovil))
 4 SYSTEMPATH/CodeIgniter.php(368): CodeIgniter\CodeIgniter->handleRequest(null, Object(Config\Cache), false)
 5 FCPATH/index.php(67): CodeIgniter\CodeIgniter->run()
CRITICAL - 2024-04-28 03:14:03 --> Undefined index: usumo_Correo
in APPPATH/Controllers/Usuariosmovil.php on line 224.
 1 APPPATH/Controllers/Usuariosmovil.php(224): CodeIgniter\Debug\Exceptions->errorHandler(8, 'Undefined index: usumo_Correo', '/home/app/public_html/panaderia/app/Controllers/Usuariosmovil.php', 224, [...])
 2 SYSTEMPATH/CodeIgniter.php(934): App\Controllers\Usuariosmovil->actualizarcontrasena('1')
 3 SYSTEMPATH/CodeIgniter.php(499): CodeIgniter\CodeIgniter->runController(Object(App\Controllers\Usuariosmovil))
 4 SYSTEMPATH/CodeIgniter.php(368): CodeIgniter\CodeIgniter->handleRequest(null, Object(Config\Cache), false)
 5 FCPATH/index.php(67): CodeIgniter\CodeIgniter->run()
CRITICAL - 2024-04-28 03:17:22 --> Illegal string offset 'usumo_Correo'
in APPPATH/Controllers/Usuariosmovil.php on line 224.
 1 APPPATH/Controllers/Usuariosmovil.php(224): CodeIgniter\Debug\Exceptions->errorHandler(2, 'Illegal string offset \'usumo_Correo\'', '/home/app/public_html/panaderia/app/Controllers/Usuariosmovil.php', 224, [...])
 2 SYSTEMPATH/CodeIgniter.php(934): App\Controllers\Usuariosmovil->actualizarcontrasena('1')
 3 SYSTEMPATH/CodeIgniter.php(499): CodeIgniter\CodeIgniter->runController(Object(App\Controllers\Usuariosmovil))
 4 SYSTEMPATH/CodeIgniter.php(368): CodeIgniter\CodeIgniter->handleRequest(null, Object(Config\Cache), false)
 5 FCPATH/index.php(67): CodeIgniter\CodeIgniter->run()
CRITICAL - 2024-04-28 03:19:57 --> Illegal string offset 'usumo_Correo'
in APPPATH/Controllers/Usuariosmovil.php on line 224.
 1 APPPATH/Controllers/Usuariosmovil.php(224): CodeIgniter\Debug\Exceptions->errorHandler(2, 'Illegal string offset \'usumo_Correo\'', '/home/app/public_html/panaderia/app/Controllers/Usuariosmovil.php', 224, [...])
 2 SYSTEMPATH/CodeIgniter.php(934): App\Controllers\Usuariosmovil->actualizarcontrasena('1')
 3 SYSTEMPATH/CodeIgniter.php(499): CodeIgniter\CodeIgniter->runController(Object(App\Controllers\Usuariosmovil))
 4 SYSTEMPATH/CodeIgniter.php(368): CodeIgniter\CodeIgniter->handleRequest(null, Object(Config\Cache), false)
 5 FCPATH/index.php(67): CodeIgniter\CodeIgniter->run()
CRITICAL - 2024-04-28 03:19:58 --> Illegal string offset 'usumo_Correo'
in APPPATH/Controllers/Usuariosmovil.php on line 224.
 1 APPPATH/Controllers/Usuariosmovil.php(224): CodeIgniter\Debug\Exceptions->errorHandler(2, 'Illegal string offset \'usumo_Correo\'', '/home/app/public_html/panaderia/app/Controllers/Usuariosmovil.php', 224, [...])
 2 SYSTEMPATH/CodeIgniter.php(934): App\Controllers\Usuariosmovil->actualizarcontrasena('1')
 3 SYSTEMPATH/CodeIgniter.php(499): CodeIgniter\CodeIgniter->runController(Object(App\Controllers\Usuariosmovil))
 4 SYSTEMPATH/CodeIgniter.php(368): CodeIgniter\CodeIgniter->handleRequest(null, Object(Config\Cache), false)
 5 FCPATH/index.php(67): CodeIgniter\CodeIgniter->run()
CRITICAL - 2024-04-28 03:21:01 --> Illegal string offset 'usumo_Correo'
in APPPATH/Controllers/Usuariosmovil.php on line 224.
 1 APPPATH/Controllers/Usuariosmovil.php(224): CodeIgniter\Debug\Exceptions->errorHandler(2, 'Illegal string offset \'usumo_Correo\'', '/home/app/public_html/panaderia/app/Controllers/Usuariosmovil.php', 224, [...])
 2 SYSTEMPATH/CodeIgniter.php(934): App\Controllers\Usuariosmovil->actualizarcontrasena('1')
 3 SYSTEMPATH/CodeIgniter.php(499): CodeIgniter\CodeIgniter->runController(Object(App\Controllers\Usuariosmovil))
 4 SYSTEMPATH/CodeIgniter.php(368): CodeIgniter\CodeIgniter->handleRequest(null, Object(Config\Cache), false)
 5 FCPATH/index.php(67): CodeIgniter\CodeIgniter->run()
CRITICAL - 2024-04-28 03:21:04 --> Illegal string offset 'usumo_Correo'
in APPPATH/Controllers/Usuariosmovil.php on line 224.
 1 APPPATH/Controllers/Usuariosmovil.php(224): CodeIgniter\Debug\Exceptions->errorHandler(2, 'Illegal string offset \'usumo_Correo\'', '/home/app/public_html/panaderia/app/Controllers/Usuariosmovil.php', 224, [...])
 2 SYSTEMPATH/CodeIgniter.php(934): App\Controllers\Usuariosmovil->actualizarcontrasena('1')
 3 SYSTEMPATH/CodeIgniter.php(499): CodeIgniter\CodeIgniter->runController(Object(App\Controllers\Usuariosmovil))
 4 SYSTEMPATH/CodeIgniter.php(368): CodeIgniter\CodeIgniter->handleRequest(null, Object(Config\Cache), false)
 5 FCPATH/index.php(67): CodeIgniter\CodeIgniter->run()
CRITICAL - 2024-04-28 03:22:11 --> Undefined index: usumo_Correo
in APPPATH/Controllers/Usuariosmovil.php on line 224.
 1 APPPATH/Controllers/Usuariosmovil.php(224): CodeIgniter\Debug\Exceptions->errorHandler(8, 'Undefined index: usumo_Correo', '/home/app/public_html/panaderia/app/Controllers/Usuariosmovil.php', 224, [...])
 2 SYSTEMPATH/CodeIgniter.php(934): App\Controllers\Usuariosmovil->actualizarcontrasena('1')
 3 SYSTEMPATH/CodeIgniter.php(499): CodeIgniter\CodeIgniter->runController(Object(App\Controllers\Usuariosmovil))
 4 SYSTEMPATH/CodeIgniter.php(368): CodeIgniter\CodeIgniter->handleRequest(null, Object(Config\Cache), false)
 5 FCPATH/index.php(67): CodeIgniter\CodeIgniter->run()
CRITICAL - 2024-04-28 03:22:13 --> Undefined index: usumo_Correo
in APPPATH/Controllers/Usuariosmovil.php on line 224.
 1 APPPATH/Controllers/Usuariosmovil.php(224): CodeIgniter\Debug\Exceptions->errorHandler(8, 'Undefined index: usumo_Correo', '/home/app/public_html/panaderia/app/Controllers/Usuariosmovil.php', 224, [...])
 2 SYSTEMPATH/CodeIgniter.php(934): App\Controllers\Usuariosmovil->actualizarcontrasena('1')
 3 SYSTEMPATH/CodeIgniter.php(499): CodeIgniter\CodeIgniter->runController(Object(App\Controllers\Usuariosmovil))
 4 SYSTEMPATH/CodeIgniter.php(368): CodeIgniter\CodeIgniter->handleRequest(null, Object(Config\Cache), false)
 5 FCPATH/index.php(67): CodeIgniter\CodeIgniter->run()
CRITICAL - 2024-04-28 03:22:51 --> Undefined index: usumo_Correo
in APPPATH/Controllers/Usuariosmovil.php on line 224.
 1 APPPATH/Controllers/Usuariosmovil.php(224): CodeIgniter\Debug\Exceptions->errorHandler(8, 'Undefined index: usumo_Correo', '/home/app/public_html/panaderia/app/Controllers/Usuariosmovil.php', 224, [...])
 2 SYSTEMPATH/CodeIgniter.php(934): App\Controllers\Usuariosmovil->actualizarcontrasena('1')
 3 SYSTEMPATH/CodeIgniter.php(499): CodeIgniter\CodeIgniter->runController(Object(App\Controllers\Usuariosmovil))
 4 SYSTEMPATH/CodeIgniter.php(368): CodeIgniter\CodeIgniter->handleRequest(null, Object(Config\Cache), false)
 5 FCPATH/index.php(67): CodeIgniter\CodeIgniter->run()
CRITICAL - 2024-04-28 03:24:40 --> Function name must be a string
in APPPATH/Controllers/Usuariosmovil.php on line 224.
 1 SYSTEMPATH/CodeIgniter.php(934): App\Controllers\Usuariosmovil->actualizarcontrasena('1')
 2 SYSTEMPATH/CodeIgniter.php(499): CodeIgniter\CodeIgniter->runController(Object(App\Controllers\Usuariosmovil))
 3 SYSTEMPATH/CodeIgniter.php(368): CodeIgniter\CodeIgniter->handleRequest(null, Object(Config\Cache), false)
 4 FCPATH/index.php(67): CodeIgniter\CodeIgniter->run()
CRITICAL - 2024-04-28 03:25:13 --> Function name must be a string
in APPPATH/Controllers/Usuariosmovil.php on line 224.
 1 SYSTEMPATH/CodeIgniter.php(934): App\Controllers\Usuariosmovil->actualizarcontrasena('1')
 2 SYSTEMPATH/CodeIgniter.php(499): CodeIgniter\CodeIgniter->runController(Object(App\Controllers\Usuariosmovil))
 3 SYSTEMPATH/CodeIgniter.php(368): CodeIgniter\CodeIgniter->handleRequest(null, Object(Config\Cache), false)
 4 FCPATH/index.php(67): CodeIgniter\CodeIgniter->run()
CRITICAL - 2024-04-28 03:25:14 --> Function name must be a string
in APPPATH/Controllers/Usuariosmovil.php on line 224.
 1 SYSTEMPATH/CodeIgniter.php(934): App\Controllers\Usuariosmovil->actualizarcontrasena('1')
 2 SYSTEMPATH/CodeIgniter.php(499): CodeIgniter\CodeIgniter->runController(Object(App\Controllers\Usuariosmovil))
 3 SYSTEMPATH/CodeIgniter.php(368): CodeIgniter\CodeIgniter->handleRequest(null, Object(Config\Cache), false)
 4 FCPATH/index.php(67): CodeIgniter\CodeIgniter->run()
CRITICAL - 2024-04-28 03:25:17 --> Function name must be a string
in APPPATH/Controllers/Usuariosmovil.php on line 224.
 1 SYSTEMPATH/CodeIgniter.php(934): App\Controllers\Usuariosmovil->actualizarcontrasena('1')
 2 SYSTEMPATH/CodeIgniter.php(499): CodeIgniter\CodeIgniter->runController(Object(App\Controllers\Usuariosmovil))
 3 SYSTEMPATH/CodeIgniter.php(368): CodeIgniter\CodeIgniter->handleRequest(null, Object(Config\Cache), false)
 4 FCPATH/index.php(67): CodeIgniter\CodeIgniter->run()
CRITICAL - 2024-04-28 03:25:46 --> Function name must be a string
in APPPATH/Controllers/Usuariosmovil.php on line 224.
 1 SYSTEMPATH/CodeIgniter.php(934): App\Controllers\Usuariosmovil->actualizarcontrasena('1')
 2 SYSTEMPATH/CodeIgniter.php(499): CodeIgniter\CodeIgniter->runController(Object(App\Controllers\Usuariosmovil))
 3 SYSTEMPATH/CodeIgniter.php(368): CodeIgniter\CodeIgniter->handleRequest(null, Object(Config\Cache), false)
 4 FCPATH/index.php(67): CodeIgniter\CodeIgniter->run()
CRITICAL - 2024-04-28 03:25:50 --> Function name must be a string
in APPPATH/Controllers/Usuariosmovil.php on line 224.
 1 SYSTEMPATH/CodeIgniter.php(934): App\Controllers\Usuariosmovil->actualizarcontrasena('1')
 2 SYSTEMPATH/CodeIgniter.php(499): CodeIgniter\CodeIgniter->runController(Object(App\Controllers\Usuariosmovil))
 3 SYSTEMPATH/CodeIgniter.php(368): CodeIgniter\CodeIgniter->handleRequest(null, Object(Config\Cache), false)
 4 FCPATH/index.php(67): CodeIgniter\CodeIgniter->run()
CRITICAL - 2024-04-28 03:27:27 --> json_decode() expects parameter 1 to be string, array given
in APPPATH/Controllers/Usuariosmovil.php on line 223.
 1 [internal function]: CodeIgniter\Debug\Exceptions->errorHandler(2, 'json_decode() expects parameter 1 to be string, array given', '/home/app/public_html/panaderia/app/Controllers/Usuariosmovil.php', 223, [...])
 2 APPPATH/Controllers/Usuariosmovil.php(223): json_decode([...])
 3 SYSTEMPATH/CodeIgniter.php(934): App\Controllers\Usuariosmovil->actualizarcontrasena('1')
 4 SYSTEMPATH/CodeIgniter.php(499): CodeIgniter\CodeIgniter->runController(Object(App\Controllers\Usuariosmovil))
 5 SYSTEMPATH/CodeIgniter.php(368): CodeIgniter\CodeIgniter->handleRequest(null, Object(Config\Cache), false)
 6 FCPATH/index.php(67): CodeIgniter\CodeIgniter->run()
CRITICAL - 2024-04-28 03:27:29 --> json_decode() expects parameter 1 to be string, array given
in APPPATH/Controllers/Usuariosmovil.php on line 223.
 1 [internal function]: CodeIgniter\Debug\Exceptions->errorHandler(2, 'json_decode() expects parameter 1 to be string, array given', '/home/app/public_html/panaderia/app/Controllers/Usuariosmovil.php', 223, [...])
 2 APPPATH/Controllers/Usuariosmovil.php(223): json_decode([...])
 3 SYSTEMPATH/CodeIgniter.php(934): App\Controllers\Usuariosmovil->actualizarcontrasena('1')
 4 SYSTEMPATH/CodeIgniter.php(499): CodeIgniter\CodeIgniter->runController(Object(App\Controllers\Usuariosmovil))
 5 SYSTEMPATH/CodeIgniter.php(368): CodeIgniter\CodeIgniter->handleRequest(null, Object(Config\Cache), false)
 6 FCPATH/index.php(67): CodeIgniter\CodeIgniter->run()
CRITICAL - 2024-04-28 03:28:03 --> Undefined index: usumo_Correo
in APPPATH/Controllers/Usuariosmovil.php on line 224.
 1 APPPATH/Controllers/Usuariosmovil.php(224): CodeIgniter\Debug\Exceptions->errorHandler(8, 'Undefined index: usumo_Correo', '/home/app/public_html/panaderia/app/Controllers/Usuariosmovil.php', 224, [...])
 2 SYSTEMPATH/CodeIgniter.php(934): App\Controllers\Usuariosmovil->actualizarcontrasena('1')
 3 SYSTEMPATH/CodeIgniter.php(499): CodeIgniter\CodeIgniter->runController(Object(App\Controllers\Usuariosmovil))
 4 SYSTEMPATH/CodeIgniter.php(368): CodeIgniter\CodeIgniter->handleRequest(null, Object(Config\Cache), false)
 5 FCPATH/index.php(67): CodeIgniter\CodeIgniter->run()
CRITICAL - 2024-04-28 03:28:24 --> Undefined index: usumo_Correo
in APPPATH/Controllers/Usuariosmovil.php on line 224.
 1 APPPATH/Controllers/Usuariosmovil.php(224): CodeIgniter\Debug\Exceptions->errorHandler(8, 'Undefined index: usumo_Correo', '/home/app/public_html/panaderia/app/Controllers/Usuariosmovil.php', 224, [...])
 2 SYSTEMPATH/CodeIgniter.php(934): App\Controllers\Usuariosmovil->actualizarcontrasena('1')
 3 SYSTEMPATH/CodeIgniter.php(499): CodeIgniter\CodeIgniter->runController(Object(App\Controllers\Usuariosmovil))
 4 SYSTEMPATH/CodeIgniter.php(368): CodeIgniter\CodeIgniter->handleRequest(null, Object(Config\Cache), false)
 5 FCPATH/index.php(67): CodeIgniter\CodeIgniter->run()
CRITICAL - 2024-04-28 03:33:31 --> Undefined index: usumo_contrasena
in APPPATH/Controllers/Usuariosmovil.php on line 246.
 1 APPPATH/Controllers/Usuariosmovil.php(246): CodeIgniter\Debug\Exceptions->errorHandler(8, 'Undefined index: usumo_contrasena', '/home/app/public_html/panaderia/app/Controllers/Usuariosmovil.php', 246, [...])
 2 SYSTEMPATH/CodeIgniter.php(934): App\Controllers\Usuariosmovil->actualizarcontrasena('1')
 3 SYSTEMPATH/CodeIgniter.php(499): CodeIgniter\CodeIgniter->runController(Object(App\Controllers\Usuariosmovil))
 4 SYSTEMPATH/CodeIgniter.php(368): CodeIgniter\CodeIgniter->handleRequest(null, Object(Config\Cache), false)
 5 FCPATH/index.php(67): CodeIgniter\CodeIgniter->run()
CRITICAL - 2024-04-28 04:25:19 --> Undefined index: usumo_telefono
in APPPATH/Controllers/Usuariosmovil.php on line 140.
 1 APPPATH/Controllers/Usuariosmovil.php(140): CodeIgniter\Debug\Exceptions->errorHandler(8, 'Undefined index: usumo_telefono', '/home/app/public_html/panaderia/app/Controllers/Usuariosmovil.php', 140, [...])
 2 SYSTEMPATH/CodeIgniter.php(934): App\Controllers\Usuariosmovil->update('1')
 3 SYSTEMPATH/CodeIgniter.php(499): CodeIgniter\CodeIgniter->runController(Object(App\Controllers\Usuariosmovil))
 4 SYSTEMPATH/CodeIgniter.php(368): CodeIgniter\CodeIgniter->handleRequest(null, Object(Config\Cache), false)
 5 FCPATH/index.php(67): CodeIgniter\CodeIgniter->run()
CRITICAL - 2024-04-28 04:38:00 --> Undefined index: usumo_Contrasena
in APPPATH/Controllers/Usuariosmovil.php on line 246.
 1 APPPATH/Controllers/Usuariosmovil.php(246): CodeIgniter\Debug\Exceptions->errorHandler(8, 'Undefined index: usumo_Contrasena', '/home/app/public_html/panaderia/app/Controllers/Usuariosmovil.php', 246, [...])
 2 SYSTEMPATH/CodeIgniter.php(934): App\Controllers\Usuariosmovil->actualizarcontrasena('1')
 3 SYSTEMPATH/CodeIgniter.php(499): CodeIgniter\CodeIgniter->runController(Object(App\Controllers\Usuariosmovil))
 4 SYSTEMPATH/CodeIgniter.php(368): CodeIgniter\CodeIgniter->handleRequest(null, Object(Config\Cache), false)
 5 FCPATH/index.php(67): CodeIgniter\CodeIgniter->run()
CRITICAL - 2024-04-28 04:38:03 --> Undefined index: usumo_Contrasena
in APPPATH/Controllers/Usuariosmovil.php on line 246.
 1 APPPATH/Controllers/Usuariosmovil.php(246): CodeIgniter\Debug\Exceptions->errorHandler(8, 'Undefined index: usumo_Contrasena', '/home/app/public_html/panaderia/app/Controllers/Usuariosmovil.php', 246, [...])
 2 SYSTEMPATH/CodeIgniter.php(934): App\Controllers\Usuariosmovil->actualizarcontrasena('1')
 3 SYSTEMPATH/CodeIgniter.php(499): CodeIgniter\CodeIgniter->runController(Object(App\Controllers\Usuariosmovil))
 4 SYSTEMPATH/CodeIgniter.php(368): CodeIgniter\CodeIgniter->handleRequest(null, Object(Config\Cache), false)
 5 FCPATH/index.php(67): CodeIgniter\CodeIgniter->run()
CRITICAL - 2024-04-28 04:38:21 --> Undefined index: usumo_Contrasena
in APPPATH/Controllers/Usuariosmovil.php on line 246.
 1 APPPATH/Controllers/Usuariosmovil.php(246): CodeIgniter\Debug\Exceptions->errorHandler(8, 'Undefined index: usumo_Contrasena', '/home/app/public_html/panaderia/app/Controllers/Usuariosmovil.php', 246, [...])
 2 SYSTEMPATH/CodeIgniter.php(934): App\Controllers\Usuariosmovil->actualizarcontrasena('1')
 3 SYSTEMPATH/CodeIgniter.php(499): CodeIgniter\CodeIgniter->runController(Object(App\Controllers\Usuariosmovil))
 4 SYSTEMPATH/CodeIgniter.php(368): CodeIgniter\CodeIgniter->handleRequest(null, Object(Config\Cache), false)
 5 FCPATH/index.php(67): CodeIgniter\CodeIgniter->run()
